2017/01/23 21:53:52.295 [main] INFO  o.s.b.c.e.AnnotationConfigEmbeddedWebApplicationContext - Refreshing org.springframework.boot.context.embedded.AnnotationConfigEmbeddedWebApplicationContext@65639ad4: startup date [Mon Jan 23 21:53:52 BRST 2017]; root of context hierarchy 
2017/01/23 21:53:54.572 [background-preinit] INFO  o.h.validator.internal.util.Version - HV000001: Hibernate Validator 5.2.4.Final 
2017/01/23 21:53:59.238 [main] INFO  o.s.c.s.PostProcessorRegistrationDelegate$BeanPostProcessorChecker - Bean 'org.springframework.transaction.annotation.ProxyTransactionManagementConfiguration' of type [class org.springframework.transaction.annotation.ProxyTransactionManagementConfiguration$$EnhancerBySpringCGLIB$$ba8eb16] is not eligible for getting processed by all BeanPostProcessors (for example: not eligible for auto-proxying) 
2017/01/23 21:54:00.577 [main] INFO  o.s.b.c.e.t.TomcatEmbeddedServletContainer - Tomcat initialized with port(s): 8181 (http) 
2017/01/23 21:54:00.594 [main] INFO  o.a.catalina.core.StandardService - Starting service Tomcat 
2017/01/23 21:54:00.595 [main] INFO  o.a.catalina.core.StandardEngine - Starting Servlet Engine: Apache Tomcat/8.5.6 
2017/01/23 21:54:00.808 [localhost-startStop-1] INFO  o.a.c.c.C.[Tomcat].[localhost].[/] - Initializing Spring embedded WebApplicationContext 
2017/01/23 21:54:00.809 [localhost-startStop-1] INFO  o.s.web.context.ContextLoader - Root WebApplicationContext: initialization completed in 8515 ms 
2017/01/23 21:54:01.114 [localhost-startStop-1] INFO  o.s.b.w.s.ServletRegistrationBean - Mapping servlet: 'dispatcherServlet' to [/] 
2017/01/23 21:54:01.120 [localhost-startStop-1] INFO  o.s.b.w.s.FilterRegistrationBean - Mapping filter: 'characterEncodingFilter' to: [/*] 
2017/01/23 21:54:01.121 [localhost-startStop-1] INFO  o.s.b.w.s.FilterRegistrationBean - Mapping filter: 'hiddenHttpMethodFilter' to: [/*] 
2017/01/23 21:54:01.121 [localhost-startStop-1] INFO  o.s.b.w.s.FilterRegistrationBean - Mapping filter: 'httpPutFormContentFilter' to: [/*] 
2017/01/23 21:54:01.121 [localhost-startStop-1] INFO  o.s.b.w.s.FilterRegistrationBean - Mapping filter: 'requestContextFilter' to: [/*] 
2017/01/23 21:54:02.049 [main] INFO  o.s.o.j.LocalContainerEntityManagerFactoryBean - Building JPA container EntityManagerFactory for persistence unit 'default' 
2017/01/23 21:54:02.085 [main] INFO  o.h.jpa.internal.util.LogHelper - HHH000204: Processing PersistenceUnitInfo [
	name: default
	...] 
2017/01/23 21:54:02.222 [main] INFO  org.hibernate.Version - HHH000412: Hibernate Core {5.0.11.Final} 
2017/01/23 21:54:02.224 [main] INFO  org.hibernate.cfg.Environment - HHH000206: hibernate.properties not found 
2017/01/23 21:54:02.227 [main] INFO  org.hibernate.cfg.Environment - HHH000021: Bytecode provider name : javassist 
2017/01/23 21:54:02.310 [main] INFO  o.h.annotations.common.Version - HCANN000001: Hibernate Commons Annotations {5.0.1.Final} 
2017/01/23 21:54:02.529 [main] INFO  org.hibernate.dialect.Dialect - HHH000400: Using dialect: org.hibernate.dialect.MySQL5InnoDBDialect 
2017/01/23 21:54:03.340 [main] INFO  o.s.o.j.LocalContainerEntityManagerFactoryBean - Initialized JPA EntityManagerFactory for persistence unit 'default' 
2017/01/23 21:54:05.011 [main] INFO  o.s.w.s.m.m.a.RequestMappingHandlerMapping - Mapped "{[/downloaderJobs/addJob],methods=[POST]}" onto public java.lang.String com.goiaba.controller.JobController.addJob(java.lang.String) 
2017/01/23 21:54:05.013 [main] INFO  o.s.w.s.m.m.a.RequestMappingHandlerMapping - Mapped "{[/downloaderJobs/addJobFilters],methods=[POST]}" onto public java.lang.String com.goiaba.controller.JobController.addJobFilter(java.lang.Long,java.lang.Long[]) 
2017/01/23 21:54:05.013 [main] INFO  o.s.w.s.m.m.a.RequestMappingHandlerMapping - Mapped "{[/downloaderJobs/getAllJobs],methods=[GET]}" onto public java.util.Collection<com.goiaba.model.JobEntity> com.goiaba.controller.JobController.getAllJobs() 
2017/01/23 21:54:05.014 [main] INFO  o.s.w.s.m.m.a.RequestMappingHandlerMapping - Mapped "{[/downloaderJobs/startJob],methods=[GET]}" onto public java.lang.String com.goiaba.controller.JobController.startJob(java.lang.Long) throws java.lang.Exception 
2017/01/23 21:54:05.014 [main] INFO  o.s.w.s.m.m.a.RequestMappingHandlerMapping - Mapped "{[/downloaderJobs/startAllJobs],methods=[GET]}" onto public java.lang.String com.goiaba.controller.JobController.startJobs() throws java.lang.Exception 
2017/01/23 21:54:05.015 [main] INFO  o.s.w.s.m.m.a.RequestMappingHandlerMapping - Mapped "{[/downloaderJobs/test],methods=[GET]}" onto public java.lang.String com.goiaba.controller.TestController.test() throws java.io.IOException 
2017/01/23 21:54:05.017 [main] INFO  o.s.w.s.m.m.a.RequestMappingHandlerMapping - Mapped "{[/v2/api-docs],methods=[GET],produces=[application/json || application/hal+json]}" onto public org.springframework.http.ResponseEntity<springfox.documentation.spring.web.json.Json> springfox.documentation.swagger2.web.Swagger2Controller.getDocumentation(java.lang.String,javax.servlet.http.HttpServletRequest) 
2017/01/23 21:54:05.024 [main] INFO  o.s.w.s.m.m.a.RequestMappingHandlerMapping - Mapped "{[/swagger-resources/configuration/security]}" onto org.springframework.http.ResponseEntity<springfox.documentation.swagger.web.SecurityConfiguration> springfox.documentation.swagger.web.ApiResourceController.securityConfiguration() 
2017/01/23 21:54:05.026 [main] INFO  o.s.w.s.m.m.a.RequestMappingHandlerMapping - Mapped "{[/swagger-resources/configuration/ui]}" onto org.springframework.http.ResponseEntity<springfox.documentation.swagger.web.UiConfiguration> springfox.documentation.swagger.web.ApiResourceController.uiConfiguration() 
2017/01/23 21:54:05.027 [main] INFO  o.s.w.s.m.m.a.RequestMappingHandlerMapping - Mapped "{[/swagger-resources]}" onto org.springframework.http.ResponseEntity<java.util.List<springfox.documentation.swagger.web.SwaggerResource>> springfox.documentation.swagger.web.ApiResourceController.swaggerResources() 
2017/01/23 21:54:05.034 [main] INFO  o.s.w.s.m.m.a.RequestMappingHandlerMapping - Mapped "{[/error]}" onto public org.springframework.http.ResponseEntity<java.util.Map<java.lang.String, java.lang.Object>> org.springframework.boot.autoconfigure.web.BasicErrorController.error(javax.servlet.http.HttpServletRequest) 
2017/01/23 21:54:05.035 [main] INFO  o.s.w.s.m.m.a.RequestMappingHandlerMapping - Mapped "{[/error],produces=[text/html]}" onto public org.springframework.web.servlet.ModelAndView org.springframework.boot.autoconfigure.web.BasicErrorController.errorHtml(javax.servlet.http.HttpServletRequest,javax.servlet.http.HttpServletResponse) 
2017/01/23 21:54:05.533 [main] INFO  o.s.w.s.m.m.a.RequestMappingHandlerAdapter - Looking for @ControllerAdvice: org.springframework.boot.context.embedded.AnnotationConfigEmbeddedWebApplicationContext@65639ad4: startup date [Mon Jan 23 21:53:52 BRST 2017]; root of context hierarchy 
2017/01/23 21:54:05.671 [main] INFO  o.s.w.s.h.SimpleUrlHandlerMapping - Mapped URL path [/webjars/**] onto handler of type [class org.springframework.web.servlet.resource.ResourceHttpRequestHandler] 
2017/01/23 21:54:05.671 [main] INFO  o.s.w.s.h.SimpleUrlHandlerMapping - Mapped URL path [/**] onto handler of type [class org.springframework.web.servlet.resource.ResourceHttpRequestHandler] 
2017/01/23 21:54:05.786 [main] INFO  o.s.w.s.h.SimpleUrlHandlerMapping - Mapped URL path [/**/favicon.ico] onto handler of type [class org.springframework.web.servlet.resource.ResourceHttpRequestHandler] 
2017/01/23 21:54:06.700 [main] INFO  o.s.j.e.a.AnnotationMBeanExporter - Registering beans for JMX exposure on startup 
2017/01/23 21:54:06.719 [main] INFO  o.s.c.s.DefaultLifecycleProcessor - Starting beans in phase 2147483647 
2017/01/23 21:54:06.720 [main] INFO  s.d.s.w.p.DocumentationPluginsBootstrapper - Context refreshed 
2017/01/23 21:54:06.761 [main] INFO  s.d.s.w.p.DocumentationPluginsBootstrapper - Found 1 custom documentation plugin(s) 
2017/01/23 21:54:06.792 [main] INFO  s.d.s.w.s.ApiListingReferenceScanner - Scanning for api listing references 
2017/01/23 21:54:07.244 [main] WARN  s.d.s.w.r.p.ParameterDataTypeReader - Trying to infer dataType java.lang.Long[] 
2017/01/23 21:54:07.338 [main] INFO  o.s.s.a.ScheduledAnnotationBeanPostProcessor - No TaskScheduler/ScheduledExecutorService bean found for scheduled processing 
2017/01/23 21:54:07.358 [main] INFO  o.a.coyote.http11.Http11NioProtocol - Initializing ProtocolHandler ["http-nio-8181"] 
2017/01/23 21:54:07.387 [main] INFO  o.a.coyote.http11.Http11NioProtocol - Starting ProtocolHandler [http-nio-8181] 
2017/01/23 21:54:07.407 [main] INFO  o.a.tomcat.util.net.NioSelectorPool - Using a shared selector for servlet write/read 
2017/01/23 21:54:07.426 [main] INFO  o.s.b.c.e.t.TomcatEmbeddedServletContainer - Tomcat started on port(s): 8181 (http) 
2017/01/23 21:54:36.853 [http-nio-8181-exec-1] INFO  o.a.c.c.C.[Tomcat].[localhost].[/] - Initializing Spring FrameworkServlet 'dispatcherServlet' 
2017/01/23 21:54:36.854 [http-nio-8181-exec-1] INFO  o.s.web.servlet.DispatcherServlet - FrameworkServlet 'dispatcherServlet': initialization started 
2017/01/23 21:54:36.881 [http-nio-8181-exec-1] INFO  o.s.web.servlet.DispatcherServlet - FrameworkServlet 'dispatcherServlet': initialization completed in 27 ms 
2017/01/23 21:54:38.467 [http-nio-8181-exec-1] INFO  o.h.h.i.QueryTranslatorFactoryInitiator - HHH000397: Using ASTQueryTranslatorFactory 
