2017/02/02 06:46:48.982 [main] INFO  c.goiaba.DownloaderJobsApplication - Starting DownloaderJobsApplication on Mariri with PID 9508 (C:\dev\workspace\DownloaderJobs\target\classes started by Thiago in C:\dev\workspace\DownloaderJobs) 
2017/02/02 06:46:49.005 [main] DEBUG c.goiaba.DownloaderJobsApplication - Running with Spring Boot v1.4.2.RELEASE, Spring v4.3.4.RELEASE 
2017/02/02 06:46:49.005 [main] INFO  c.goiaba.DownloaderJobsApplication - No active profile set, falling back to default profiles: default 
2017/02/02 06:46:49.176 [main] INFO  o.s.b.c.e.AnnotationConfigEmbeddedWebApplicationContext - Refreshing org.springframework.boot.context.embedded.AnnotationConfigEmbeddedWebApplicationContext@7c7a06ec: startup date [Thu Feb 02 06:46:49 BRST 2017]; root of context hierarchy 
2017/02/02 06:46:49.469 [background-preinit] INFO  o.h.validator.internal.util.Version - HV000001: Hibernate Validator 5.2.4.Final 
2017/02/02 06:46:52.615 [main] INFO  o.s.c.s.PostProcessorRegistrationDelegate$BeanPostProcessorChecker - Bean 'org.springframework.transaction.annotation.ProxyTransactionManagementConfiguration' of type [class org.springframework.transaction.annotation.ProxyTransactionManagementConfiguration$$EnhancerBySpringCGLIB$$7e9c54] is not eligible for getting processed by all BeanPostProcessors (for example: not eligible for auto-proxying) 
2017/02/02 06:47:00.531 [main] INFO  o.s.b.c.e.t.TomcatEmbeddedServletContainer - Tomcat initialized with port(s): 8181 (http) 
2017/02/02 06:47:00.587 [main] INFO  o.a.catalina.core.StandardService - Starting service Tomcat 
2017/02/02 06:47:00.589 [main] INFO  o.a.catalina.core.StandardEngine - Starting Servlet Engine: Apache Tomcat/8.5.6 
2017/02/02 06:47:00.929 [localhost-startStop-1] INFO  o.a.c.c.C.[Tomcat].[localhost].[/] - Initializing Spring embedded WebApplicationContext 
2017/02/02 06:47:00.929 [localhost-startStop-1] INFO  o.s.web.context.ContextLoader - Root WebApplicationContext: initialization completed in 11753 ms 
2017/02/02 06:47:01.240 [localhost-startStop-1] INFO  o.s.b.w.s.ServletRegistrationBean - Mapping servlet: 'dispatcherServlet' to [/] 
2017/02/02 06:47:01.247 [localhost-startStop-1] INFO  o.s.b.w.s.FilterRegistrationBean - Mapping filter: 'characterEncodingFilter' to: [/*] 
2017/02/02 06:47:01.248 [localhost-startStop-1] INFO  o.s.b.w.s.FilterRegistrationBean - Mapping filter: 'hiddenHttpMethodFilter' to: [/*] 
2017/02/02 06:47:01.248 [localhost-startStop-1] INFO  o.s.b.w.s.FilterRegistrationBean - Mapping filter: 'httpPutFormContentFilter' to: [/*] 
2017/02/02 06:47:01.248 [localhost-startStop-1] INFO  o.s.b.w.s.FilterRegistrationBean - Mapping filter: 'requestContextFilter' to: [/*] 
2017/02/02 06:47:02.227 [main] INFO  o.s.o.j.LocalContainerEntityManagerFactoryBean - Building JPA container EntityManagerFactory for persistence unit 'default' 
2017/02/02 06:47:02.273 [main] INFO  o.h.jpa.internal.util.LogHelper - HHH000204: Processing PersistenceUnitInfo [
	name: default
	...] 
2017/02/02 06:47:02.530 [main] INFO  org.hibernate.Version - HHH000412: Hibernate Core {5.0.11.Final} 
2017/02/02 06:47:02.538 [main] INFO  org.hibernate.cfg.Environment - HHH000206: hibernate.properties not found 
2017/02/02 06:47:02.548 [main] INFO  org.hibernate.cfg.Environment - HHH000021: Bytecode provider name : javassist 
2017/02/02 06:47:02.612 [main] INFO  o.h.annotations.common.Version - HCANN000001: Hibernate Commons Annotations {5.0.1.Final} 
2017/02/02 06:47:02.990 [main] INFO  org.hibernate.dialect.Dialect - HHH000400: Using dialect: org.hibernate.dialect.MySQL5InnoDBDialect 
2017/02/02 06:47:04.598 [main] INFO  o.s.o.j.LocalContainerEntityManagerFactoryBean - Initialized JPA EntityManagerFactory for persistence unit 'default' 
2017/02/02 06:47:06.953 [main] INFO  o.s.w.s.m.m.a.RequestMappingHandlerMapping - Mapped "{[/downloaderJobs/getAllBoards],methods=[GET]}" onto public java.util.Collection<com.goiaba.model.BoardEntity> com.goiaba.controller.BoardController.getAllBoards() 
2017/02/02 06:47:06.959 [main] INFO  o.s.w.s.m.m.a.RequestMappingHandlerMapping - Mapped "{[/downloaderJobs/addJob],methods=[POST]}" onto public void com.goiaba.controller.JobController.addJob(java.lang.String) 
2017/02/02 06:47:06.960 [main] INFO  o.s.w.s.m.m.a.RequestMappingHandlerMapping - Mapped "{[/downloaderJobs/getJobFilters],methods=[GET]}" onto public java.util.Collection<com.goiaba.model.JobFilterEntity> com.goiaba.controller.JobController.getJobFilters(java.lang.Long) 
2017/02/02 06:47:06.961 [main] INFO  o.s.w.s.m.m.a.RequestMappingHandlerMapping - Mapped "{[/downloaderJobs/addJobFilters],methods=[POST]}" onto public void com.goiaba.controller.JobController.addJobFilter(java.lang.Long,java.lang.Long[]) 
2017/02/02 06:47:06.962 [main] INFO  o.s.w.s.m.m.a.RequestMappingHandlerMapping - Mapped "{[/downloaderJobs/getAllJobs],methods=[GET]}" onto public java.util.Collection<com.goiaba.model.JobEntity> com.goiaba.controller.JobController.getAllJobs() 
2017/02/02 06:47:06.962 [main] INFO  o.s.w.s.m.m.a.RequestMappingHandlerMapping - Mapped "{[/downloaderJobs/startJob],methods=[POST]}" onto public void com.goiaba.controller.JobController.startJob(java.lang.Long) throws java.lang.Exception 
2017/02/02 06:47:06.963 [main] INFO  o.s.w.s.m.m.a.RequestMappingHandlerMapping - Mapped "{[/downloaderJobs/startAllJobs],methods=[POST]}" onto public void com.goiaba.controller.JobController.startJobs() throws java.lang.Exception 
2017/02/02 06:47:06.964 [main] INFO  o.s.w.s.m.m.a.RequestMappingHandlerMapping - Mapped "{[/v2/api-docs],methods=[GET],produces=[application/json || application/hal+json]}" onto public org.springframework.http.ResponseEntity<springfox.documentation.spring.web.json.Json> springfox.documentation.swagger2.web.Swagger2Controller.getDocumentation(java.lang.String,javax.servlet.http.HttpServletRequest) 
2017/02/02 06:47:06.971 [main] INFO  o.s.w.s.m.m.a.RequestMappingHandlerMapping - Mapped "{[/swagger-resources/configuration/ui]}" onto org.springframework.http.ResponseEntity<springfox.documentation.swagger.web.UiConfiguration> springfox.documentation.swagger.web.ApiResourceController.uiConfiguration() 
2017/02/02 06:47:06.973 [main] INFO  o.s.w.s.m.m.a.RequestMappingHandlerMapping - Mapped "{[/swagger-resources]}" onto org.springframework.http.ResponseEntity<java.util.List<springfox.documentation.swagger.web.SwaggerResource>> springfox.documentation.swagger.web.ApiResourceController.swaggerResources() 
2017/02/02 06:47:06.977 [main] INFO  o.s.w.s.m.m.a.RequestMappingHandlerMapping - Mapped "{[/swagger-resources/configuration/security]}" onto org.springframework.http.ResponseEntity<springfox.documentation.swagger.web.SecurityConfiguration> springfox.documentation.swagger.web.ApiResourceController.securityConfiguration() 
2017/02/02 06:47:06.988 [main] INFO  o.s.w.s.m.m.a.RequestMappingHandlerMapping - Mapped "{[/error]}" onto public org.springframework.http.ResponseEntity<java.util.Map<java.lang.String, java.lang.Object>> org.springframework.boot.autoconfigure.web.BasicErrorController.error(javax.servlet.http.HttpServletRequest) 
2017/02/02 06:47:06.995 [main] INFO  o.s.w.s.m.m.a.RequestMappingHandlerMapping - Mapped "{[/error],produces=[text/html]}" onto public org.springframework.web.servlet.ModelAndView org.springframework.boot.autoconfigure.web.BasicErrorController.errorHtml(javax.servlet.http.HttpServletRequest,javax.servlet.http.HttpServletResponse) 
2017/02/02 06:47:07.415 [main] INFO  o.s.w.s.m.m.a.RequestMappingHandlerAdapter - Looking for @ControllerAdvice: org.springframework.boot.context.embedded.AnnotationConfigEmbeddedWebApplicationContext@7c7a06ec: startup date [Thu Feb 02 06:46:49 BRST 2017]; root of context hierarchy 
2017/02/02 06:47:07.545 [main] INFO  o.s.w.s.h.SimpleUrlHandlerMapping - Mapped URL path [/webjars/**] onto handler of type [class org.springframework.web.servlet.resource.ResourceHttpRequestHandler] 
2017/02/02 06:47:07.545 [main] INFO  o.s.w.s.h.SimpleUrlHandlerMapping - Mapped URL path [/**] onto handler of type [class org.springframework.web.servlet.resource.ResourceHttpRequestHandler] 
2017/02/02 06:47:07.626 [main] INFO  o.s.w.s.h.SimpleUrlHandlerMapping - Mapped URL path [/**/favicon.ico] onto handler of type [class org.springframework.web.servlet.resource.ResourceHttpRequestHandler] 
2017/02/02 06:47:08.084 [main] INFO  o.s.j.e.a.AnnotationMBeanExporter - Registering beans for JMX exposure on startup 
2017/02/02 06:47:08.137 [main] INFO  o.s.c.s.DefaultLifecycleProcessor - Starting beans in phase 2147483647 
2017/02/02 06:47:08.138 [main] INFO  s.d.s.w.p.DocumentationPluginsBootstrapper - Context refreshed 
2017/02/02 06:47:08.186 [main] INFO  s.d.s.w.p.DocumentationPluginsBootstrapper - Found 1 custom documentation plugin(s) 
2017/02/02 06:47:08.224 [main] INFO  s.d.s.w.s.ApiListingReferenceScanner - Scanning for api listing references 
2017/02/02 06:47:08.807 [main] WARN  s.d.s.w.r.p.ParameterDataTypeReader - Trying to infer dataType java.lang.Long[] 
2017/02/02 06:47:08.948 [main] INFO  o.s.s.a.ScheduledAnnotationBeanPostProcessor - No TaskScheduler/ScheduledExecutorService bean found for scheduled processing 
2017/02/02 06:47:08.967 [main] INFO  o.a.coyote.http11.Http11NioProtocol - Initializing ProtocolHandler ["http-nio-8181"] 
2017/02/02 06:47:08.989 [main] INFO  o.a.coyote.http11.Http11NioProtocol - Starting ProtocolHandler [http-nio-8181] 
2017/02/02 06:47:09.096 [main] INFO  o.a.tomcat.util.net.NioSelectorPool - Using a shared selector for servlet write/read 
2017/02/02 06:47:09.125 [main] INFO  o.s.b.c.e.t.TomcatEmbeddedServletContainer - Tomcat started on port(s): 8181 (http) 
2017/02/02 06:47:09.134 [main] INFO  c.goiaba.DownloaderJobsApplication - Started DownloaderJobsApplication in 21.095 seconds (JVM running for 22.158) 
2017/02/02 06:47:28.006 [http-nio-8181-exec-1] INFO  o.a.c.c.C.[Tomcat].[localhost].[/] - Initializing Spring FrameworkServlet 'dispatcherServlet' 
2017/02/02 06:47:28.007 [http-nio-8181-exec-1] INFO  o.s.web.servlet.DispatcherServlet - FrameworkServlet 'dispatcherServlet': initialization started 
2017/02/02 06:47:28.037 [http-nio-8181-exec-1] INFO  o.s.web.servlet.DispatcherServlet - FrameworkServlet 'dispatcherServlet': initialization completed in 30 ms 
2017/02/02 06:47:28.162 [http-nio-8181-exec-1] INFO  o.h.h.i.QueryTranslatorFactoryInitiator - HHH000397: Using ASTQueryTranslatorFactory 
2017/02/02 07:23:33.922 [http-nio-8181-exec-1] WARN  o.h.e.jdbc.spi.SqlExceptionHelper - SQL Error: 1366, SQLState: HY000 
2017/02/02 07:23:33.923 [http-nio-8181-exec-1] ERROR o.h.e.jdbc.spi.SqlExceptionHelper - Incorrect string value: '\xF0\x9F\x99\x88_2...' for column 'file_name' at row 1 
2017/02/02 18:25:46.710 [http-nio-8181-exec-3] WARN  o.h.e.jdbc.spi.SqlExceptionHelper - SQL Error: 1366, SQLState: HY000 
2017/02/02 18:25:46.711 [http-nio-8181-exec-3] ERROR o.h.e.jdbc.spi.SqlExceptionHelper - Incorrect string value: '\xF0\x9F\x99\x88_2...' for column 'file_name' at row 1 
