2017/01/28 06:58:03.916 [pool-3-thread-2] DEBUG historyDownload - Downloaded file: Hentai_Thread__2\lana.gif 
2017/01/28 06:58:05.272 [pool-3-thread-1] DEBUG historyDownload - Downloaded file: Hentai_Thread__2\tcm-4.webm 
2017/01/28 06:58:06.689 [pool-3-thread-5] DEBUG historyDownload - Downloaded file: Hentai_Thread__2\04846.webm 
2017/01/28 07:03:06.135 [pool-3-thread-4] DEBUG historyDownload - Downloaded file: Poor_girls\1478621837543.webm 
2017/01/28 07:03:36.954 [pool-3-thread-2] DEBUG historyDownload - Downloaded file: ASS_SLAPPING\1485403339915.gif 
2017/01/28 07:03:39.879 [pool-3-thread-3] DEBUG historyDownload - Downloaded file: ASS_SLAPPING\office2.webm 
2017/01/28 07:07:22.068 [pool-3-thread-5] DEBUG historyDownload - Downloaded file: Upton_of_Kate\048 - 5rBq0ex.jpg 
2017/01/28 07:07:22.480 [pool-3-thread-4] DEBUG historyDownload - Downloaded file: Upton_of_Kate\006 - BNHseEp.jpg 
2017/01/28 07:07:23.098 [pool-3-thread-1] DEBUG historyDownload - Downloaded file: Upton_of_Kate\3220273-kate.jpg 
2017/01/28 07:07:32.097 [pool-3-thread-2] DEBUG historyDownload - Downloaded file: Ass\5.jpg 
2017/01/28 07:07:32.706 [pool-3-thread-4] DEBUG historyDownload - Downloaded file: Girls_laying_in_their_stomach\Nudebed.jpg 
2017/01/28 07:07:33.516 [pool-3-thread-3] DEBUG historyDownload - Downloaded file: Girls_laying_in_their_stomach\DSCN0664.jpg 
2017/01/28 07:07:35.073 [pool-3-thread-1] DEBUG historyDownload - Downloaded file: Girls_laying_in_their_stomach\image.png 
2017/01/28 07:07:36.687 [pool-3-thread-4] DEBUG historyDownload - Downloaded file: Girls_laying_in_their_stomach\11.jpg 
2017/01/28 07:07:36.717 [pool-3-thread-5] DEBUG historyDownload - Downloaded file: Girls_laying_in_their_stomach\657345.jpg 
2017/01/28 07:07:40.734 [pool-3-thread-2] DEBUG historyDownload - Downloaded file: Girls_laying_in_their_stomach\DSCN1264 4.jpg 
2017/01/28 07:07:41.101 [pool-3-thread-1] DEBUG historyDownload - Downloaded file: Girls_laying_in_their_stomach\IMG_0122.jpg 
2017/01/28 07:07:41.590 [pool-3-thread-5] DEBUG historyDownload - Downloaded file: Girls_laying_in_their_stomach\IMG_0015pnt.jpg 
2017/01/28 07:07:41.887 [pool-3-thread-4] DEBUG historyDownload - Downloaded file: Girls_laying_in_their_stomach\IMG_0125.jpg 
2017/01/28 07:07:43.504 [pool-3-thread-4] DEBUG historyDownload - Downloaded file: Girls_laying_in_their_stomach\IMG_0967.jpg 
2017/01/28 07:07:45.898 [pool-3-thread-3] DEBUG historyDownload - Downloaded file: Girls_laying_in_their_stomach\prone1.jpg 
2017/01/28 07:07:46.284 [pool-3-thread-1] DEBUG historyDownload - Downloaded file: Girls_laying_in_their_stomach\IMG_0965.jpg 
2017/01/28 07:07:46.476 [pool-3-thread-2] DEBUG historyDownload - Downloaded file: Girls_laying_in_their_stomach\IMG_0964.jpg 
2017/01/28 07:07:47.334 [pool-3-thread-5] DEBUG historyDownload - Downloaded file: Girls_laying_in_their_stomach\IMG_0966.jpg 
2017/01/28 15:46:03.216 [pool-3-thread-4] DEBUG historyDownload - Downloaded file: Hentai_Thread__2\Amanee! risky hj.webm 
2017/01/28 15:47:12.162 [pool-3-thread-3] DEBUG historyDownload - Downloaded file: Hentai_Thread__2\toilet milf bj.webm 
2017/01/28 15:50:21.368 [pool-3-thread-2] DEBUG historyDownload - Downloaded file: Poor_girls\TRIM_20170128_135305.webm 
2017/01/28 15:50:44.154 [pool-3-thread-1] DEBUG historyDownload - Downloaded file: Poor_girls\1484877623432.webm 
2017/01/28 15:51:00.786 [pool-3-thread-5] DEBUG historyDownload - Downloaded file: ASS_SLAPPING\1482445871054.webm 
2017/01/28 15:54:38.869 [pool-3-thread-4] DEBUG historyDownload - Downloaded file: Girls_laying_in_their_stomach\9018895_7N65n.jpg 
2017/01/28 15:54:39.187 [pool-3-thread-3] DEBUG historyDownload - Downloaded file: Girls_laying_in_their_stomach\beach.jpg 
2017/01/28 15:54:39.187 [pool-3-thread-2] DEBUG historyDownload - Downloaded file: Girls_laying_in_their_stomach\[000892].jpg 
2017/01/28 15:54:40.176 [pool-3-thread-5] DEBUG historyDownload - Downloaded file: Girls_laying_in_their_stomach\1481291735027.jpg 
2017/01/28 15:54:40.412 [pool-3-thread-4] DEBUG historyDownload - Downloaded file: Girls_laying_in_their_stomach\543763_10151183608601896_(...).jpg 
2017/01/28 15:54:40.997 [pool-3-thread-3] DEBUG historyDownload - Downloaded file: Girls_laying_in_their_stomach\1484936449397.jpg 
2017/01/28 15:54:42.959 [pool-3-thread-2] DEBUG historyDownload - Downloaded file: Girls_laying_in_their_stomach\1480759335390.jpg 
2017/01/28 15:54:45.013 [pool-3-thread-1] DEBUG historyDownload - Downloaded file: Girls_laying_in_their_stomach\im.jpg 
2017/01/28 15:54:51.575 [pool-3-thread-5] DEBUG historyDownload - Downloaded file: Girls_laying_in_their_stomach\20170128_111508.jpg 
2017/01/28 15:56:07.159 [pool-3-thread-4] DEBUG historyDownload - Downloaded file: Fitness\435435345345345.jpg 
2017/01/28 17:30:46.726 [pool-3-thread-3] DEBUG historyDownload - Downloaded file: ASS_SLAPPING\55a40e7ac11a4daaaa95f66d07131.gif 
