2017/01/24 22:52:49.164 [main] INFO  c.goiaba.DownloaderJobsApplication - Starting DownloaderJobsApplication on Mariri with PID 6120 (C:\dev\workspace\DownloaderJobs\target\classes started by Thiago in C:\dev\workspace\DownloaderJobs) 
2017/01/24 22:52:49.189 [main] DEBUG c.goiaba.DownloaderJobsApplication - Running with Spring Boot v1.4.2.RELEASE, Spring v4.3.4.RELEASE 
2017/01/24 22:52:49.190 [main] INFO  c.goiaba.DownloaderJobsApplication - No active profile set, falling back to default profiles: default 
2017/01/24 22:53:03.417 [main] INFO  c.goiaba.DownloaderJobsApplication - Started DownloaderJobsApplication in 15.309 seconds (JVM running for 16.202) 
2017/01/24 22:59:13.060 [main] INFO  c.goiaba.DownloaderJobsApplication - Starting DownloaderJobsApplication on Mariri with PID 6704 (C:\dev\workspace\DownloaderJobs\target\classes started by Thiago in C:\dev\workspace\DownloaderJobs) 
2017/01/24 22:59:13.069 [main] DEBUG c.goiaba.DownloaderJobsApplication - Running with Spring Boot v1.4.2.RELEASE, Spring v4.3.4.RELEASE 
2017/01/24 22:59:13.069 [main] INFO  c.goiaba.DownloaderJobsApplication - No active profile set, falling back to default profiles: default 
2017/01/24 22:59:27.189 [main] INFO  c.goiaba.DownloaderJobsApplication - Started DownloaderJobsApplication in 15.128 seconds (JVM running for 15.824) 
2017/01/24 23:01:41.168 [main] INFO  c.goiaba.DownloaderJobsApplication - Starting DownloaderJobsApplication on Mariri with PID 4180 (C:\dev\workspace\DownloaderJobs\target\classes started by Thiago in C:\dev\workspace\DownloaderJobs) 
2017/01/24 23:01:41.175 [main] DEBUG c.goiaba.DownloaderJobsApplication - Running with Spring Boot v1.4.2.RELEASE, Spring v4.3.4.RELEASE 
2017/01/24 23:01:41.176 [main] INFO  c.goiaba.DownloaderJobsApplication - No active profile set, falling back to default profiles: default 
2017/01/24 23:01:54.610 [main] INFO  c.goiaba.DownloaderJobsApplication - Started DownloaderJobsApplication in 14.523 seconds (JVM running for 15.125) 
2017/01/24 23:03:29.010 [main] INFO  c.goiaba.DownloaderJobsApplication - Starting DownloaderJobsApplication on Mariri with PID 8380 (C:\dev\workspace\DownloaderJobs\target\classes started by Thiago in C:\dev\workspace\DownloaderJobs) 
2017/01/24 23:03:29.018 [main] DEBUG c.goiaba.DownloaderJobsApplication - Running with Spring Boot v1.4.2.RELEASE, Spring v4.3.4.RELEASE 
2017/01/24 23:03:29.018 [main] INFO  c.goiaba.DownloaderJobsApplication - No active profile set, falling back to default profiles: default 
2017/01/24 23:03:42.183 [main] INFO  c.goiaba.DownloaderJobsApplication - Started DownloaderJobsApplication in 14.066 seconds (JVM running for 14.699) 
2017/01/24 23:05:18.514 [main] INFO  c.goiaba.DownloaderJobsApplication - Starting DownloaderJobsApplication on Mariri with PID 9240 (C:\dev\workspace\DownloaderJobs\target\classes started by Thiago in C:\dev\workspace\DownloaderJobs) 
2017/01/24 23:05:18.531 [main] DEBUG c.goiaba.DownloaderJobsApplication - Running with Spring Boot v1.4.2.RELEASE, Spring v4.3.4.RELEASE 
2017/01/24 23:05:18.531 [main] INFO  c.goiaba.DownloaderJobsApplication - No active profile set, falling back to default profiles: default 
2017/01/24 23:05:31.658 [main] INFO  c.goiaba.DownloaderJobsApplication - Started DownloaderJobsApplication in 14.065 seconds (JVM running for 14.736) 
2017/01/24 23:06:04.832 [main] INFO  c.goiaba.DownloaderJobsApplication - Starting DownloaderJobsApplication on Mariri with PID 5548 (C:\dev\workspace\DownloaderJobs\target\classes started by Thiago in C:\dev\workspace\DownloaderJobs) 
2017/01/24 23:06:04.841 [main] DEBUG c.goiaba.DownloaderJobsApplication - Running with Spring Boot v1.4.2.RELEASE, Spring v4.3.4.RELEASE 
2017/01/24 23:06:04.841 [main] INFO  c.goiaba.DownloaderJobsApplication - No active profile set, falling back to default profiles: default 
2017/01/24 23:06:17.936 [main] INFO  c.goiaba.DownloaderJobsApplication - Started DownloaderJobsApplication in 13.989 seconds (JVM running for 14.577) 
2017/01/24 23:08:09.311 [main] INFO  c.goiaba.DownloaderJobsApplication - Starting DownloaderJobsApplication on Mariri with PID 9720 (C:\dev\workspace\DownloaderJobs\target\classes started by Thiago in C:\dev\workspace\DownloaderJobs) 
2017/01/24 23:08:09.349 [main] DEBUG c.goiaba.DownloaderJobsApplication - Running with Spring Boot v1.4.2.RELEASE, Spring v4.3.4.RELEASE 
2017/01/24 23:08:09.349 [main] INFO  c.goiaba.DownloaderJobsApplication - No active profile set, falling back to default profiles: default 
2017/01/24 23:08:22.777 [main] INFO  c.goiaba.DownloaderJobsApplication - Started DownloaderJobsApplication in 14.358 seconds (JVM running for 14.977) 
2017/01/24 23:08:55.573 [main] INFO  c.goiaba.DownloaderJobsApplication - Starting DownloaderJobsApplication on Mariri with PID 6756 (C:\dev\workspace\DownloaderJobs\target\classes started by Thiago in C:\dev\workspace\DownloaderJobs) 
2017/01/24 23:08:55.580 [main] DEBUG c.goiaba.DownloaderJobsApplication - Running with Spring Boot v1.4.2.RELEASE, Spring v4.3.4.RELEASE 
2017/01/24 23:08:55.581 [main] INFO  c.goiaba.DownloaderJobsApplication - No active profile set, falling back to default profiles: default 
2017/01/24 23:09:08.620 [main] INFO  c.goiaba.DownloaderJobsApplication - Started DownloaderJobsApplication in 14.03 seconds (JVM running for 14.619) 
2017/01/24 23:10:22.958 [main] INFO  c.goiaba.DownloaderJobsApplication - Starting DownloaderJobsApplication on Mariri with PID 4808 (C:\dev\workspace\DownloaderJobs\target\classes started by Thiago in C:\dev\workspace\DownloaderJobs) 
2017/01/24 23:10:22.966 [main] DEBUG c.goiaba.DownloaderJobsApplication - Running with Spring Boot v1.4.2.RELEASE, Spring v4.3.4.RELEASE 
2017/01/24 23:10:22.966 [main] INFO  c.goiaba.DownloaderJobsApplication - No active profile set, falling back to default profiles: default 
2017/01/24 23:10:36.013 [main] INFO  c.goiaba.DownloaderJobsApplication - Started DownloaderJobsApplication in 13.975 seconds (JVM running for 14.665) 
2017/01/24 23:14:37.459 [main] INFO  c.goiaba.DownloaderJobsApplication - Starting DownloaderJobsApplication on Mariri with PID 7776 (C:\dev\workspace\DownloaderJobs\target\classes started by Thiago in C:\dev\workspace\DownloaderJobs) 
2017/01/24 23:14:37.467 [main] DEBUG c.goiaba.DownloaderJobsApplication - Running with Spring Boot v1.4.2.RELEASE, Spring v4.3.4.RELEASE 
2017/01/24 23:14:37.467 [main] INFO  c.goiaba.DownloaderJobsApplication - No active profile set, falling back to default profiles: default 
2017/01/24 23:14:50.788 [main] INFO  c.goiaba.DownloaderJobsApplication - Started DownloaderJobsApplication in 14.312 seconds (JVM running for 14.919) 
2017/01/24 23:20:56.695 [main] INFO  c.goiaba.DownloaderJobsApplication - Starting DownloaderJobsApplication on Mariri with PID 8872 (C:\dev\workspace\DownloaderJobs\target\classes started by Thiago in C:\dev\workspace\DownloaderJobs) 
2017/01/24 23:20:56.702 [main] DEBUG c.goiaba.DownloaderJobsApplication - Running with Spring Boot v1.4.2.RELEASE, Spring v4.3.4.RELEASE 
2017/01/24 23:20:56.702 [main] INFO  c.goiaba.DownloaderJobsApplication - No active profile set, falling back to default profiles: default 
2017/01/24 23:21:10.443 [main] INFO  c.goiaba.DownloaderJobsApplication - Started DownloaderJobsApplication in 14.594 seconds (JVM running for 15.165) 
2017/01/24 23:31:20.130 [pool-2-thread-4] DEBUG historyDownload - Downloaded file: Through_Yoga_pants_thread\small_9647-everythings-be(...).gif 
2017/01/24 23:31:32.161 [pool-2-thread-3] DEBUG historyDownload - Downloaded file: Through_Yoga_pants_thread\touchyfeely3.webm 
2017/01/24 23:31:33.449 [pool-2-thread-1] DEBUG historyDownload - Downloaded file: Through_Yoga_pants_thread\touchyfeely.webm 
2017/01/24 23:31:34.601 [pool-2-thread-2] DEBUG historyDownload - Downloaded file: Through_Yoga_pants_thread\touchyfeely2.webm 
2017/01/24 23:31:35.153 [pool-2-thread-5] DEBUG historyDownload - Downloaded file: Through_Yoga_pants_thread\1269913288291.gif 
2017/01/24 23:31:35.482 [pool-2-thread-4] DEBUG historyDownload - Downloaded file: Through_Yoga_pants_thread\1483490287650.webm 
2017/01/24 23:31:46.438 [pool-2-thread-4] DEBUG historyDownload - Downloaded file: Through_Yoga_pants_thread\xhamster.com_1621838_sexy(...).webm 
2017/01/24 23:31:47.338 [pool-2-thread-2] DEBUG historyDownload - Downloaded file: Through_Yoga_pants_thread\1484263574499.webm 
2017/01/24 23:31:49.106 [pool-2-thread-3] DEBUG historyDownload - Downloaded file: Through_Yoga_pants_thread\A Son&#039;s Progress pt.1 Mom(...).webm 
2017/01/24 23:31:49.144 [pool-2-thread-1] DEBUG historyDownload - Downloaded file: Through_Yoga_pants_thread\1480010905263.webm 
2017/01/24 23:31:50.476 [pool-2-thread-2] DEBUG historyDownload - Downloaded file: Through_Yoga_pants_thread\1484329419298.webm 
2017/01/24 23:31:53.442 [pool-2-thread-5] DEBUG historyDownload - Downloaded file: Through_Yoga_pants_thread\1483914768559.webm 
2017/01/24 23:31:56.477 [pool-2-thread-3] DEBUG historyDownload - Downloaded file: Through_Yoga_pants_thread\Maddy Rose (Teen Fidelity).webm 
2017/01/24 23:31:56.955 [pool-2-thread-4] DEBUG historyDownload - Downloaded file: Through_Yoga_pants_thread\1483930368915.webm 
2017/01/24 23:32:00.209 [pool-2-thread-1] DEBUG historyDownload - Downloaded file: Through_Yoga_pants_thread\1450818222515.webm 
2017/01/24 23:32:02.499 [pool-2-thread-2] DEBUG historyDownload - Downloaded file: Through_Yoga_pants_thread\1485007164428.webm 
2017/01/24 23:32:04.606 [pool-2-thread-4] DEBUG historyDownload - Downloaded file: Through_Yoga_pants_thread\1337828319703.gif 
2017/01/24 23:32:06.649 [pool-2-thread-3] DEBUG historyDownload - Downloaded file: Through_Yoga_pants_thread\1484263419611.webm 
2017/01/24 23:32:07.247 [pool-2-thread-5] DEBUG historyDownload - Downloaded file: Through_Yoga_pants_thread\1485029965018.webm 
2017/01/24 23:32:09.334 [pool-2-thread-4] DEBUG historyDownload - Downloaded file: Through_Yoga_pants_thread\1338515559384.gif 
2017/01/24 23:32:15.002 [pool-2-thread-1] DEBUG historyDownload - Downloaded file: Through_Yoga_pants_thread\SOURCE: malena morgan aur(...).webm 
2017/01/24 23:32:16.802 [pool-2-thread-3] DEBUG historyDownload - Downloaded file: Through_Yoga_pants_thread\fixed.webm 
2017/01/24 23:32:16.938 [pool-2-thread-2] DEBUG historyDownload - Downloaded file: Through_Yoga_pants_thread\SpankBang_stepmomfuck_720p.webm 
2017/01/24 23:39:50.407 [pool-2-thread-5] DEBUG historyDownload - Downloaded file: One_Piece_Swimsuit_Ass\B0jqbfpIIAEtCu9.jpg 
2017/01/24 23:39:50.526 [pool-2-thread-4] DEBUG historyDownload - Downloaded file: One_Piece_Swimsuit_Ass\ccdf4639a38728bcc27c32ea7(...).jpg 
2017/01/24 23:39:51.598 [pool-2-thread-1] DEBUG historyDownload - Downloaded file: One_Piece_Swimsuit_Ass\123676977_2db9904dc6_b.jpg 
2017/01/24 23:39:53.212 [pool-2-thread-2] DEBUG historyDownload - Downloaded file: One_Piece_Swimsuit_Ass\f533ea18e556badfab8f348e7(...).jpg 
2017/01/24 23:39:54.672 [pool-2-thread-5] DEBUG historyDownload - Downloaded file: One_Piece_Swimsuit_Ass\wallhaven-376094.jpg 
2017/01/24 23:39:54.782 [pool-2-thread-2] DEBUG historyDownload - Downloaded file: One_Piece_Swimsuit_Ass\CiGAiVDWwAAP07L.jpg 
2017/01/24 23:39:55.683 [pool-2-thread-3] DEBUG historyDownload - Downloaded file: One_Piece_Swimsuit_Ass\asd.jpg 
2017/01/24 23:39:56.063 [pool-2-thread-4] DEBUG historyDownload - Downloaded file: One_Piece_Swimsuit_Ass\8011137713_7ec327774d_b.jpg 
2017/01/24 23:39:56.707 [pool-2-thread-5] DEBUG historyDownload - Downloaded file: One_Piece_Swimsuit_Ass\D3xGSpH.jpg 
2017/01/24 23:39:58.608 [pool-2-thread-4] DEBUG historyDownload - Downloaded file: One_Piece_Swimsuit_Ass\maxresdefault (1).jpg 
2017/01/24 23:39:58.676 [pool-2-thread-1] DEBUG historyDownload - Downloaded file: One_Piece_Swimsuit_Ass\bc0c624ae8ad88509e2263480(...).jpg 
2017/01/24 23:39:59.781 [pool-2-thread-2] DEBUG historyDownload - Downloaded file: One_Piece_Swimsuit_Ass\Untitled4.png 
2017/01/24 23:40:00.211 [pool-2-thread-3] DEBUG historyDownload - Downloaded file: One_Piece_Swimsuit_Ass\dGAleRi.jpg 
2017/01/24 23:40:01.712 [pool-2-thread-2] DEBUG historyDownload - Downloaded file: One_Piece_Swimsuit_Ass\13671190_1649025985416866(...).jpg 
2017/01/24 23:40:02.209 [pool-2-thread-3] DEBUG historyDownload - Downloaded file: One_Piece_Swimsuit_Ass\12531159_1543830445918673(...).jpg 
2017/01/24 23:40:02.591 [pool-2-thread-5] DEBUG historyDownload - Downloaded file: One_Piece_Swimsuit_Ass\nintchdbpict000258025828.jpg 
2017/01/24 23:40:03.271 [pool-2-thread-2] DEBUG historyDownload - Downloaded file: One_Piece_Swimsuit_Ass\13397648_602337119922443_(...).jpg 
2017/01/24 23:40:03.628 [pool-2-thread-1] DEBUG historyDownload - Downloaded file: One_Piece_Swimsuit_Ass\e9109b807bdb581731b003a0f(...).jpg 
2017/01/24 23:40:04.080 [pool-2-thread-5] DEBUG historyDownload - Downloaded file: One_Piece_Swimsuit_Ass\13561762_576631192524328_(...).jpg 
2017/01/24 23:40:04.594 [pool-2-thread-3] DEBUG historyDownload - Downloaded file: One_Piece_Swimsuit_Ass\13736097_824682441000715_(...).jpg 
2017/01/24 23:40:04.758 [pool-2-thread-2] DEBUG historyDownload - Downloaded file: One_Piece_Swimsuit_Ass\0e9af419fcfce88450e52a515(...).jpg 
2017/01/24 23:40:06.009 [pool-2-thread-3] DEBUG historyDownload - Downloaded file: One_Piece_Swimsuit_Ass\3LNr5Yv.jpg 
2017/01/24 23:40:06.684 [pool-2-thread-2] DEBUG historyDownload - Downloaded file: One_Piece_Swimsuit_Ass\bwF7QH6.jpg 
2017/01/24 23:40:07.911 [pool-2-thread-1] DEBUG historyDownload - Downloaded file: One_Piece_Swimsuit_Ass\GOPR4047.jpg 
2017/01/24 23:40:08.113 [pool-2-thread-5] DEBUG historyDownload - Downloaded file: One_Piece_Swimsuit_Ass\diving-yuliaprokopchuk2_orig.png 
2017/01/24 23:40:08.198 [pool-2-thread-4] DEBUG historyDownload - Downloaded file: One_Piece_Swimsuit_Ass\f53de0c34efb7a64e8041b354(...).jpg 
2017/01/24 23:40:08.382 [pool-2-thread-3] DEBUG historyDownload - Downloaded file: One_Piece_Swimsuit_Ass\AUpoRSk.jpg 
2017/01/24 23:40:09.905 [pool-2-thread-1] DEBUG historyDownload - Downloaded file: One_Piece_Swimsuit_Ass\461_013.jpg 
2017/01/24 23:40:11.073 [pool-2-thread-4] DEBUG historyDownload - Downloaded file: One_Piece_Swimsuit_Ass\ff5f9759aa8f6ee6cf2bccfeb(...).jpg 
2017/01/24 23:40:11.419 [pool-2-thread-2] DEBUG historyDownload - Downloaded file: One_Piece_Swimsuit_Ass\gxUWNH7.png 
2017/01/24 23:40:12.419 [pool-2-thread-3] DEBUG historyDownload - Downloaded file: One_Piece_Swimsuit_Ass\imgsrc.ru_47110343QIs.jpg 
2017/01/24 23:40:12.651 [pool-2-thread-1] DEBUG historyDownload - Downloaded file: One_Piece_Swimsuit_Ass\Lucy-Mecklenburgh-21.jpg 
2017/01/24 23:40:13.612 [pool-2-thread-1] DEBUG historyDownload - Downloaded file: One_Piece_Swimsuit_Ass\919441bed725292838284beae(...).jpg 
2017/01/24 23:40:14.439 [pool-2-thread-4] DEBUG historyDownload - Downloaded file: One_Piece_Swimsuit_Ass\4b77e04bfc58cb750e4274936(...).jpg 
2017/01/24 23:40:14.605 [pool-2-thread-5] DEBUG historyDownload - Downloaded file: One_Piece_Swimsuit_Ass\vlcsnap-2016-09-21-01h54m(...).png 
2017/01/24 23:40:14.805 [pool-2-thread-2] DEBUG historyDownload - Downloaded file: One_Piece_Swimsuit_Ass\tumblr_nrmlrmUl5a1qfmv15o(...).jpg 
2017/01/24 23:40:14.999 [pool-2-thread-3] DEBUG historyDownload - Downloaded file: One_Piece_Swimsuit_Ass\51ac46cf152002f5dc3316cfa(...).jpg 
2017/01/24 23:40:16.017 [pool-2-thread-5] DEBUG historyDownload - Downloaded file: One_Piece_Swimsuit_Ass\12522963_1100805713285283(...).jpg 
2017/01/24 23:40:16.021 [pool-2-thread-1] DEBUG historyDownload - Downloaded file: One_Piece_Swimsuit_Ass\087b5a89313a3e21fee1b7f0e(...).jpg 
2017/01/24 23:40:17.825 [pool-2-thread-4] DEBUG historyDownload - Downloaded file: One_Piece_Swimsuit_Ass\Plongeon – Tremplin 3m sy(...).jpg 
2017/01/24 23:40:18.061 [pool-2-thread-5] DEBUG historyDownload - Downloaded file: One_Piece_Swimsuit_Ass\w1tafc-l.jpg 
2017/01/24 23:40:19.228 [pool-2-thread-2] DEBUG historyDownload - Downloaded file: One_Piece_Swimsuit_Ass\1477136109481.jpg 
2017/01/24 23:40:19.252 [pool-2-thread-4] DEBUG historyDownload - Downloaded file: One_Piece_Swimsuit_Ass\11041566_895905343765571_(...).jpg 
2017/01/24 23:40:19.461 [pool-2-thread-5] DEBUG historyDownload - Downloaded file: One_Piece_Swimsuit_Ass\15306558_329492070770055_(...).jpg 
2017/01/24 23:40:19.503 [pool-2-thread-3] DEBUG historyDownload - Downloaded file: One_Piece_Swimsuit_Ass\1480331617296.webm 
2017/01/24 23:40:19.984 [pool-2-thread-1] DEBUG historyDownload - Downloaded file: One_Piece_Swimsuit_Ass\aswimming_ass_42.jpg 
2017/01/24 23:40:21.331 [pool-2-thread-5] DEBUG historyDownload - Downloaded file: One_Piece_Swimsuit_Ass\54165416514615284154554.jpg 
2017/01/24 23:40:21.629 [pool-2-thread-3] DEBUG historyDownload - Downloaded file: One_Piece_Swimsuit_Ass\tumblr_ogrqjxshxQ1tqb9c8o(...).jpg 
2017/01/24 23:40:21.774 [pool-2-thread-2] DEBUG historyDownload - Downloaded file: One_Piece_Swimsuit_Ass\DSCN3773.jpg 
2017/01/24 23:40:22.510 [pool-2-thread-4] DEBUG historyDownload - Downloaded file: One_Piece_Swimsuit_Ass\K1024_DSCN5722.jpg 
2017/01/24 23:40:22.632 [pool-2-thread-1] DEBUG historyDownload - Downloaded file: One_Piece_Swimsuit_Ass\swimsuit_heaven_pics_kris(...).jpg 
2017/01/24 23:40:23.244 [pool-2-thread-5] DEBUG historyDownload - Downloaded file: One_Piece_Swimsuit_Ass\722x1280xb0e8e201e34d5065(...).jpg 
2017/01/24 23:40:24.695 [pool-2-thread-4] DEBUG historyDownload - Downloaded file: One_Piece_Swimsuit_Ass\Keeley-Hazel-5.jpg 
2017/01/24 23:40:28.054 [pool-2-thread-2] DEBUG historyDownload - Downloaded file: One_Piece_Swimsuit_Ass\imgsrc.ru_47110349qkU.jpg 
2017/01/24 23:40:29.648 [pool-2-thread-3] DEBUG historyDownload - Downloaded file: One_Piece_Swimsuit_Ass\vlcsnap-2016-08-18-23h02m(...).png 
2017/01/24 23:40:29.669 [pool-2-thread-5] DEBUG historyDownload - Downloaded file: One_Piece_Swimsuit_Ass\930962768_Swimsuit_Heaven(...).jpg 
2017/01/24 23:40:30.330 [pool-2-thread-2] DEBUG historyDownload - Downloaded file: One_Piece_Swimsuit_Ass\Plongeon – Tremplin 3m sy(...).jpg 
2017/01/24 23:40:30.403 [pool-2-thread-1] DEBUG historyDownload - Downloaded file: One_Piece_Swimsuit_Ass\413414363_DSC_0521_E_lg_1(...).jpg 
2017/01/24 23:40:30.817 [pool-2-thread-4] DEBUG historyDownload - Downloaded file: One_Piece_Swimsuit_Ass\040580789_Swimsuit_Heaven(...).jpg 
2017/01/24 23:40:31.961 [pool-2-thread-3] DEBUG historyDownload - Downloaded file: One_Piece_Swimsuit_Ass\Plongeon – Tremplin 3m sy(...).jpg 
2017/01/24 23:40:32.087 [pool-2-thread-5] DEBUG historyDownload - Downloaded file: One_Piece_Swimsuit_Ass\Plongeon – Tremplin 3m sy(...).jpg 
2017/01/24 23:40:32.517 [pool-2-thread-2] DEBUG historyDownload - Downloaded file: One_Piece_Swimsuit_Ass\Plongeon – Tremplin 3m sy(...).jpg 
2017/01/24 23:40:34.398 [pool-2-thread-4] DEBUG historyDownload - Downloaded file: One_Piece_Swimsuit_Ass\vg-aka-mysteryandgumball,(...).jpg 
2017/01/24 23:40:34.502 [pool-2-thread-5] DEBUG historyDownload - Downloaded file: One_Piece_Swimsuit_Ass\shutterstock_Zsuzsanna-Jakabos.jpg 
2017/01/24 23:40:34.515 [pool-2-thread-2] DEBUG historyDownload - Downloaded file: One_Piece_Swimsuit_Ass\tumblr_nn7hpuWZB31qdficso(...).jpg 
2017/01/24 23:40:34.642 [pool-2-thread-3] DEBUG historyDownload - Downloaded file: One_Piece_Swimsuit_Ass\renang untuk ibu hamil2.jpg 
2017/01/24 23:40:36.879 [pool-2-thread-1] DEBUG historyDownload - Downloaded file: One_Piece_Swimsuit_Ass\P1060406.jpg 
2017/01/24 23:40:38.879 [pool-2-thread-2] DEBUG historyDownload - Downloaded file: One_Piece_Swimsuit_Ass\IMG-20170108-WA0003.jpg 
2017/01/24 23:40:40.228 [pool-2-thread-4] DEBUG historyDownload - Downloaded file: One_Piece_Swimsuit_Ass\31118full-holly-willoughby.jpg 
2017/01/24 23:40:42.623 [pool-2-thread-5] DEBUG historyDownload - Downloaded file: One_Piece_Swimsuit_Ass\VGI2041P030048.jpg 
2017/01/24 23:40:49.677 [pool-2-thread-1] DEBUG historyDownload - Downloaded file: Fap_to_the_one_below_you_pt_2\tumblr_n3xe9pAJzs1rqukggo1_400.jpg 
2017/01/24 23:40:49.844 [pool-2-thread-4] DEBUG historyDownload - Downloaded file: Fap_to_the_one_below_you_pt_2\SHbedroom25-1024x682.jpg 
2017/01/24 23:40:50.682 [pool-2-thread-5] DEBUG historyDownload - Downloaded file: Fap_to_the_one_below_you_pt_2\alluringvixens-134.jpg 
2017/01/24 23:40:51.536 [pool-2-thread-1] DEBUG historyDownload - Downloaded file: Fap_to_the_one_below_you_pt_2\0000.jpg 
2017/01/24 23:40:51.792 [pool-2-thread-3] DEBUG historyDownload - Downloaded file: Fap_to_the_one_below_you_pt_2\NjOTfCD.jpg 
2017/01/24 23:40:52.057 [pool-2-thread-4] DEBUG historyDownload - Downloaded file: Fap_to_the_one_below_you_pt_2\3026c22f.jpg 
2017/01/24 23:40:53.144 [pool-2-thread-1] DEBUG historyDownload - Downloaded file: Fap_to_the_one_below_you_pt_2\IMG_0648.jpg 
2017/01/24 23:40:53.189 [pool-2-thread-3] DEBUG historyDownload - Downloaded file: Fap_to_the_one_below_you_pt_2\IMG_0577.jpg 
2017/01/24 23:40:53.504 [pool-2-thread-4] DEBUG historyDownload - Downloaded file: Fap_to_the_one_below_you_pt_2\IMG_0732.jpg 
2017/01/24 23:40:54.188 [pool-2-thread-5] DEBUG historyDownload - Downloaded file: Fap_to_the_one_below_you_pt_2\1415094015446.jpg 
2017/01/24 23:40:55.174 [pool-2-thread-2] DEBUG historyDownload - Downloaded file: Fap_to_the_one_below_you_pt_2\273_1000.jpg 
2017/01/24 23:40:55.760 [pool-2-thread-3] DEBUG historyDownload - Downloaded file: Fap_to_the_one_below_you_pt_2\2a235e87bed60304920ca6727(...).jpg 
2017/01/24 23:40:57.483 [pool-2-thread-3] DEBUG historyDownload - Downloaded file: Fap_to_the_one_below_you_pt_2\image.jpg 
2017/01/24 23:40:58.022 [pool-2-thread-5] DEBUG historyDownload - Downloaded file: Fap_to_the_one_below_you_pt_2\RCNnCyf.jpg 
2017/01/24 23:40:58.234 [pool-2-thread-1] DEBUG historyDownload - Downloaded file: Fap_to_the_one_below_you_pt_2\image.jpg 
2017/01/24 23:41:00.078 [pool-2-thread-5] DEBUG historyDownload - Downloaded file: Fap_to_the_one_below_you_pt_2\IMG_20170115_001908.jpg 
2017/01/24 23:41:00.116 [pool-2-thread-4] DEBUG historyDownload - Downloaded file: Fap_to_the_one_below_you_pt_2\full_027-9706230116000.jpg 
2017/01/24 23:41:02.866 [pool-2-thread-2] DEBUG historyDownload - Downloaded file: Fap_to_the_one_below_you_pt_2\32071042000_cb6176c7de_o.jpg 
2017/01/24 23:41:02.923 [pool-2-thread-5] DEBUG historyDownload - Downloaded file: Fap_to_the_one_below_you_pt_2\1409685871052.jpg 
2017/01/24 23:41:04.255 [pool-2-thread-3] DEBUG historyDownload - Downloaded file: Fap_to_the_one_below_you_pt_2\54d243fae7bcf2ae153958ab_(...).jpg 
2017/01/24 23:41:05.813 [pool-2-thread-3] DEBUG historyDownload - Downloaded file: Fap_to_the_one_below_you_pt_2\T8n78Cd.jpg 
2017/01/24 23:41:06.196 [pool-2-thread-1] DEBUG historyDownload - Downloaded file: Fap_to_the_one_below_you_pt_2\1437894370427.png 
2017/01/24 23:41:06.196 [pool-2-thread-2] DEBUG historyDownload - Downloaded file: Fap_to_the_one_below_you_pt_2\16195069_1242325435848047(...).jpg 
2017/01/24 23:41:08.430 [pool-2-thread-1] DEBUG historyDownload - Downloaded file: Fap_to_the_one_below_you_pt_2\tuigirl-special-lilisha-d(...).jpg 
2017/01/24 23:41:10.984 [pool-2-thread-2] DEBUG historyDownload - Downloaded file: Fap_to_the_one_below_you_pt_2\1390370167021.jpg 
2017/01/24 23:41:11.624 [pool-2-thread-1] DEBUG historyDownload - Downloaded file: Fap_to_the_one_below_you_pt_2\IMG_20161219_051818.png 
2017/01/24 23:41:12.624 [pool-2-thread-5] DEBUG historyDownload - Downloaded file: Fap_to_the_one_below_you_pt_2\41653a956e0f07ad756144bf6(...).jpg 
2017/01/24 23:41:13.865 [pool-2-thread-2] DEBUG historyDownload - Downloaded file: Fap_to_the_one_below_you_pt_2\IMG_4066.jpg 
2017/01/24 23:41:15.290 [pool-2-thread-2] DEBUG historyDownload - Downloaded file: Fap_to_the_one_below_you_pt_2\tumblr_nzsg94I15Y1u66m1jo(...).jpg 
2017/01/24 23:41:16.906 [pool-2-thread-5] DEBUG historyDownload - Downloaded file: Fap_to_the_one_below_you_pt_2\IMG_8819.jpg 
2017/01/24 23:41:17.154 [pool-2-thread-2] DEBUG historyDownload - Downloaded file: Fap_to_the_one_below_you_pt_2\15403479_351709458538972_(...).jpg 
2017/01/24 23:41:19.019 [pool-2-thread-4] DEBUG historyDownload - Downloaded file: Fap_to_the_one_below_you_pt_2\53433.png 
2017/01/24 23:41:22.466 [pool-2-thread-2] DEBUG historyDownload - Downloaded file: Fap_to_the_one_below_you_pt_2\Screenshot_2016-07-23-21-48-25.png 
2017/01/24 23:41:29.134 [pool-2-thread-4] DEBUG historyDownload - Downloaded file: Fap_to_the_one_below_you_pt_2\sjlToqA.jpg 
2017/01/24 23:41:29.602 [pool-2-thread-2] DEBUG historyDownload - Downloaded file: Fap_to_the_one_below_you_pt_2\Goth Girl #2.jpg 
2017/01/24 23:41:32.872 [pool-2-thread-4] DEBUG historyDownload - Downloaded file: Fap_to_the_one_below_you_pt_2\1448832024092.jpg 
2017/01/24 23:41:36.577 [pool-2-thread-2] DEBUG historyDownload - Downloaded file: Fap_to_the_one_below_you_pt_2\Myleene-Klass.jpg 
2017/01/24 23:41:37.003 [pool-2-thread-1] DEBUG historyDownload - Downloaded file: Fap_to_the_one_below_you_pt_2\020.jpg 
2017/01/24 23:41:38.644 [pool-2-thread-1] DEBUG historyDownload - Downloaded file: Fap_to_the_one_below_you_pt_2\11930880_714654121974658_(...).jpg 
2017/01/24 23:41:40.220 [pool-2-thread-2] DEBUG historyDownload - Downloaded file: Fap_to_the_one_below_you_pt_2\25s159.png 
2017/01/24 23:41:40.761 [pool-2-thread-1] DEBUG historyDownload - Downloaded file: Fap_to_the_one_below_you_pt_2\13512231_131552070806_755(...).jpg 
2017/01/24 23:41:41.227 [pool-2-thread-3] DEBUG historyDownload - Downloaded file: Fap_to_the_one_below_you_pt_2\55aa5c636c719.jpg 
2017/01/24 23:41:41.834 [pool-2-thread-2] DEBUG historyDownload - Downloaded file: Fap_to_the_one_below_you_pt_2\11903752_1020424180175755(...).jpg 
2017/01/24 23:41:42.249 [pool-2-thread-1] DEBUG historyDownload - Downloaded file: Fap_to_the_one_below_you_pt_2\n2.jpg 
2017/01/24 23:41:43.224 [pool-2-thread-5] DEBUG historyDownload - Downloaded file: Fap_to_the_one_below_you_pt_2\Face9.jpg 
2017/01/24 23:41:43.635 [pool-2-thread-2] DEBUG historyDownload - Downloaded file: Fap_to_the_one_below_you_pt_2\1477770409021.jpg 
2017/01/24 23:41:45.010 [pool-2-thread-2] DEBUG historyDownload - Downloaded file: Fap_to_the_one_below_you_pt_2\IMG_1302.jpg 
2017/01/24 23:41:45.556 [pool-2-thread-3] DEBUG historyDownload - Downloaded file: Fap_to_the_one_below_you_pt_2\07.jpg 
2017/01/24 23:41:47.028 [pool-2-thread-2] DEBUG historyDownload - Downloaded file: Fap_to_the_one_below_you_pt_2\c354ef4f-3016-456a-8f77-2(...).jpg 
2017/01/24 23:41:48.000 [pool-2-thread-5] DEBUG historyDownload - Downloaded file: Fap_to_the_one_below_you_pt_2\5e5ea77cb8ed6ea3086d2f368(...).jpg 
2017/01/24 23:41:48.250 [pool-2-thread-3] DEBUG historyDownload - Downloaded file: Fap_to_the_one_below_you_pt_2\0a11fb8439e4f97972085dde5(...).jpg 
2017/01/24 23:41:48.404 [pool-2-thread-4] DEBUG historyDownload - Downloaded file: Fap_to_the_one_below_you_pt_2\4324gdfgd.jpg 
2017/01/24 23:41:48.616 [pool-2-thread-2] DEBUG historyDownload - Downloaded file: Fap_to_the_one_below_you_pt_2\1475454535458.jpg 
2017/01/24 23:41:50.026 [pool-2-thread-4] DEBUG historyDownload - Downloaded file: Fap_to_the_one_below_you_pt_2\IMG_1210.jpg 
2017/01/24 23:41:50.543 [pool-2-thread-2] DEBUG historyDownload - Downloaded file: Fap_to_the_one_below_you_pt_2\tumblr_ohhxi1Ygx61u1wleoo(...).jpg 
2017/01/24 23:41:51.438 [pool-2-thread-3] DEBUG historyDownload - Downloaded file: Fap_to_the_one_below_you_pt_2\ma25.jpg 
2017/01/24 23:41:52.397 [pool-2-thread-1] DEBUG historyDownload - Downloaded file: Fap_to_the_one_below_you_pt_2\sfsdfs54.jpg 
2017/01/24 23:41:52.398 [pool-2-thread-4] DEBUG historyDownload - Downloaded file: Fap_to_the_one_below_you_pt_2\31472784292_19b6921708_c.jpg 
2017/01/24 23:41:53.263 [pool-2-thread-5] DEBUG historyDownload - Downloaded file: Fap_to_the_one_below_you_pt_2\02__5_.jpg 
2017/01/24 23:41:53.814 [pool-2-thread-1] DEBUG historyDownload - Downloaded file: Fap_to_the_one_below_you_pt_2\pic_005.jpg 
2017/01/24 23:41:53.997 [pool-2-thread-2] DEBUG historyDownload - Downloaded file: Fap_to_the_one_below_you_pt_2\Resized_20161201_191024.jpg 
2017/01/24 23:41:54.583 [pool-2-thread-3] DEBUG historyDownload - Downloaded file: Fap_to_the_one_below_you_pt_2\1482923147788.jpg 
2017/01/24 23:41:56.058 [pool-2-thread-3] DEBUG historyDownload - Downloaded file: Ass\1438408881227.jpg 
2017/01/24 23:41:58.409 [pool-2-thread-5] DEBUG historyDownload - Downloaded file: Ass\25.jpg 
2017/01/24 23:42:00.635 [pool-2-thread-4] DEBUG historyDownload - Downloaded file: Fap_to_the_one_below_you_pt_2\DSC00675ps3.jpg 
2017/01/24 23:42:01.015 [pool-2-thread-1] DEBUG historyDownload - Downloaded file: Ass\VGI2042P010196.jpg 
2017/01/24 23:42:01.902 [pool-2-thread-3] DEBUG historyDownload - Downloaded file: Ass\pic10.jpg 
2017/01/24 23:42:03.993 [pool-2-thread-1] DEBUG historyDownload - Downloaded file: Ass\IMG_15012017_174504.png 
2017/01/24 23:42:05.588 [pool-2-thread-2] DEBUG historyDownload - Downloaded file: Ass\3.jpg 
2017/01/24 23:42:07.777 [pool-2-thread-4] DEBUG historyDownload - Downloaded file: Ass\12.jpg 
2017/01/24 23:42:08.769 [pool-2-thread-3] DEBUG historyDownload - Downloaded file: Ass\Screen Shot 2017-01-21 at(...).png 
2017/01/24 23:42:09.050 [pool-2-thread-5] DEBUG historyDownload - Downloaded file: Ass\1484604205491.jpg 
2017/01/24 23:42:09.437 [pool-2-thread-4] DEBUG historyDownload - Downloaded file: Ass\bri w6.jpg 
2017/01/24 23:42:10.511 [pool-2-thread-2] DEBUG historyDownload - Downloaded file: Ass\GOPR4002.jpg 
2017/01/24 23:42:10.681 [pool-2-thread-1] DEBUG historyDownload - Downloaded file: Ass\pHpyPO1.jpg 
2017/01/24 23:42:10.780 [pool-2-thread-3] DEBUG historyDownload - Downloaded file: Ass\AqKah772wMvRUDSBIEHtd6jtd(...).jpg 
2017/01/24 23:42:11.941 [pool-2-thread-2] DEBUG historyDownload - Downloaded file: Ass\IMG_0538.jpg 
2017/01/24 23:42:12.271 [pool-2-thread-1] DEBUG historyDownload - Downloaded file: Ass\IMG_0545.jpg 
2017/01/24 23:42:12.425 [pool-2-thread-3] DEBUG historyDownload - Downloaded file: Ass\IMG_0546.jpg 
2017/01/24 23:42:13.314 [pool-2-thread-4] DEBUG historyDownload - Downloaded file: Ass\11349190_933071033402072_(...).jpg 
2017/01/24 23:42:13.995 [pool-2-thread-5] DEBUG historyDownload - Downloaded file: Ass\3590988_1_o.jpg 
2017/01/24 23:42:14.652 [pool-2-thread-2] DEBUG historyDownload - Downloaded file: Ass\a4217e3f14e1c02ce298466f7(...).jpg 
2017/01/24 23:42:14.694 [pool-2-thread-4] DEBUG historyDownload - Downloaded file: Ass\das.jpg 
2017/01/24 23:42:16.206 [pool-2-thread-5] DEBUG historyDownload - Downloaded file: Ass\1481600887916.jpg 
2017/01/24 23:42:16.586 [pool-2-thread-3] DEBUG historyDownload - Downloaded file: Ass\IMAG0066.jpg 
2017/01/24 23:42:18.681 [pool-2-thread-2] DEBUG historyDownload - Downloaded file: Ass\061_5629552.png 
2017/01/24 23:42:21.657 [pool-2-thread-2] DEBUG historyDownload - Downloaded file: Ass\2hPUzMb.jpg 
2017/01/24 23:42:22.075 [pool-2-thread-1] DEBUG historyDownload - Downloaded file: Ass\image-93a89677f4f3114dd32(...).jpg 
2017/01/24 23:42:23.633 [pool-2-thread-1] DEBUG historyDownload - Downloaded file: Ass\1447198518131.jpg 
2017/01/24 23:42:27.994 [pool-2-thread-3] DEBUG historyDownload - Downloaded file: Ass\VGI1131P040091.jpg 
2017/01/24 23:42:28.016 [pool-2-thread-2] DEBUG historyDownload - Downloaded file: Ass\1445708778378.jpg 
2017/01/24 23:42:29.235 [pool-2-thread-2] DEBUG historyDownload - Downloaded file: Ass\1484364782993.jpg 
2017/01/24 23:42:30.220 [pool-2-thread-3] DEBUG historyDownload - Downloaded file: Ass\1474396126693.jpg 
2017/01/24 23:42:30.609 [pool-2-thread-2] DEBUG historyDownload - Downloaded file: Ass\datass9.jpg 
2017/01/24 23:42:33.504 [pool-2-thread-3] DEBUG historyDownload - Downloaded file: Ass\IMG_0783.png 
2017/01/24 23:42:35.839 [pool-2-thread-2] DEBUG historyDownload - Downloaded file: Ass\tumblr_o29o4sgw5M1rx7eu1o(...).jpg 
2017/01/24 23:42:38.407 [pool-2-thread-5] DEBUG historyDownload - Downloaded file: Ass\05.jpg 
2017/01/24 23:42:41.710 [pool-2-thread-5] DEBUG historyDownload - Downloaded file: Ass\Foto 04.12.16, 12 57 37.jpg 
2017/01/24 23:42:41.803 [pool-2-thread-3] DEBUG historyDownload - Downloaded file: Ass\Naked Pictures (120).jpg 
2017/01/24 23:42:43.682 [pool-2-thread-5] DEBUG historyDownload - Downloaded file: Ass\IMG_0058.jpg 
2017/01/24 23:42:44.378 [pool-2-thread-3] DEBUG historyDownload - Downloaded file: Ass\IMG_0046.jpg 
2017/01/24 23:42:44.636 [pool-2-thread-1] DEBUG historyDownload - File not found: Ass\1473633202443.jpg 
2017/01/24 23:42:46.398 [pool-2-thread-5] DEBUG historyDownload - Downloaded file: Ass\IMG_0042.jpg 
2017/01/24 23:42:46.695 [pool-2-thread-3] DEBUG historyDownload - Downloaded file: Ass\IMG_0038.jpg 
2017/01/24 23:42:46.872 [pool-2-thread-1] DEBUG historyDownload - Downloaded file: Ass\IMG_0273.jpg 
2017/01/24 23:42:47.649 [pool-2-thread-4] DEBUG historyDownload - Downloaded file: Ass\29.jpg 
2017/01/24 23:42:48.230 [pool-2-thread-3] DEBUG historyDownload - Downloaded file: Ass\1.jpg 
2017/01/24 23:42:48.410 [pool-2-thread-5] DEBUG historyDownload - Downloaded file: Ass\IMG_0257.jpg 
2017/01/24 23:42:49.025 [pool-2-thread-1] DEBUG historyDownload - Downloaded file: Ass\2.jpg 
2017/01/24 23:42:49.692 [pool-2-thread-5] DEBUG historyDownload - Downloaded file: Ass\11010628_497289027102382_(...).jpg 
2017/01/24 23:42:49.888 [pool-2-thread-3] DEBUG historyDownload - Downloaded file: Ass\4.jpg 
2017/01/24 23:42:50.637 [pool-2-thread-1] DEBUG historyDownload - Downloaded file: Ass\14358673_675798512584765_(...).jpg 
2017/01/24 23:42:51.177 [pool-2-thread-4] DEBUG historyDownload - Downloaded file: Ass\3.jpg 
2017/01/24 23:42:52.455 [pool-2-thread-1] DEBUG historyDownload - Downloaded file: VIDEO_GAMES\College-Girls-Playing-Vid(...).jpg 
2017/01/24 23:42:53.637 [pool-2-thread-5] DEBUG historyDownload - Downloaded file: Ass\7.jpg 
2017/01/24 23:42:54.262 [pool-2-thread-1] DEBUG historyDownload - Downloaded file: VIDEO_GAMES\Cantera Cosplay.jpg 
2017/01/24 23:42:54.273 [pool-2-thread-4] DEBUG historyDownload - Downloaded file: VIDEO_GAMES\2e770171cb12222535ea51f2e(...).jpg 
2017/01/24 23:42:54.612 [pool-2-thread-2] DEBUG historyDownload - Downloaded file: Ass\Naked Pictures (109).jpg 
2017/01/24 23:42:55.043 [pool-2-thread-5] DEBUG historyDownload - Downloaded file: VIDEO_GAMES\FB_IMG_1485286749919.jpg 
2017/01/24 23:42:55.602 [pool-2-thread-1] DEBUG historyDownload - Downloaded file: VIDEO_GAMES\FB_IMG_1485286755491.jpg 
2017/01/24 23:43:24.388 [pool-2-thread-3] DEBUG historyDownload - Downloaded file: Ass\09.jpg 
