2017/01/25 07:39:11.308 [pool-2-thread-4] DEBUG historyDownload - Downloaded file: Ass\1473633202443.jpg 
2017/01/25 07:39:13.185 [pool-2-thread-3] DEBUG historyDownload - Downloaded file: Ass\IMG_0286.jpg 
2017/01/25 07:39:14.281 [pool-2-thread-2] DEBUG historyDownload - Downloaded file: Ass\25.jpg 
2017/01/25 07:39:14.411 [pool-2-thread-5] DEBUG historyDownload - Downloaded file: Ass\noemilk-024.jpg 
2017/01/25 07:39:14.510 [pool-2-thread-1] DEBUG historyDownload - Downloaded file: Ass\IMG_1176.png 
2017/01/25 07:39:15.696 [pool-2-thread-2] DEBUG historyDownload - Downloaded file: Ass\15036266_1306869752679090(...).jpg 
2017/01/25 07:39:15.891 [pool-2-thread-3] DEBUG historyDownload - Downloaded file: Ass\1469220492091-2.jpg 
2017/01/25 07:39:16.069 [pool-2-thread-4] DEBUG historyDownload - Downloaded file: Ass\image.jpg 
2017/01/25 17:43:18.678 [pool-2-thread-5] DEBUG historyDownload - Downloaded file: Ass\IMG_3189.jpg 
2017/01/25 17:57:21.087 [pool-2-thread-2] DEBUG historyDownload - Downloaded file: Hentai_Thread__2\pft02.webm 
2017/01/25 17:57:21.948 [pool-2-thread-1] DEBUG historyDownload - Downloaded file: Hentai_Thread__2\percussion.webm 
2017/01/25 17:57:24.896 [pool-2-thread-3] DEBUG historyDownload - Downloaded file: Hentai_Thread__2\pft02-2.webm 
2017/01/25 17:59:27.078 [pool-2-thread-4] DEBUG historyDownload - Downloaded file: Celeb_Compilations\kareng.webm 
2017/01/25 18:00:16.533 [pool-2-thread-2] DEBUG historyDownload - Downloaded file: Bukkake_Gokkun_Cum_fetish_thread\taylor rain CITF.webm 
2017/01/25 18:00:17.099 [pool-2-thread-4] DEBUG historyDownload - Downloaded file: Bukkake_Gokkun_Cum_fetish_thread\Wakaba Onoue wdi-035.webm 
2017/01/25 18:00:17.467 [pool-2-thread-5] DEBUG historyDownload - Downloaded file: Bukkake_Gokkun_Cum_fetish_thread\Taryn Thomas.avi-.webm 
2017/01/25 18:00:18.356 [pool-2-thread-1] DEBUG historyDownload - Downloaded file: Bukkake_Gokkun_Cum_fetish_thread\Veruca James PTL8.webm 
2017/01/25 18:00:20.104 [pool-2-thread-3] DEBUG historyDownload - Downloaded file: Bukkake_Gokkun_Cum_fetish_thread\1483997750727.webm 
2017/01/25 18:00:31.291 [pool-2-thread-2] DEBUG historyDownload - Downloaded file: Bukkake_Gokkun_Cum_fetish_thread\Yhivi hgb.webm 
2017/01/25 18:01:02.699 [pool-2-thread-5] DEBUG historyDownload - Downloaded file: ASS_SLAPPING\1385562956512.gif 
2017/01/25 18:01:05.176 [pool-2-thread-4] DEBUG historyDownload - Downloaded file: ASS_SLAPPING\stop44.webm 
2017/01/25 18:01:06.982 [pool-2-thread-3] DEBUG historyDownload - Downloaded file: ASS_SLAPPING\1478327415119.webm 
2017/01/25 18:01:09.081 [pool-2-thread-1] DEBUG historyDownload - Downloaded file: ASS_SLAPPING\1483733687449.webm 
2017/01/25 18:01:29.005 [pool-2-thread-4] DEBUG historyDownload - Downloaded file: Harley_Quinn_Thread\1296982 - Batman-_Arkham_(...).gif 
2017/01/25 18:01:34.913 [pool-2-thread-5] DEBUG historyDownload - Downloaded file: Harley_Quinn_Thread\AstroDomina - THE TALE OF(...).webm 
2017/01/25 18:02:48.069 [pool-2-thread-2] DEBUG historyDownload - Downloaded file: Harley_Quinn_Thread\Princess Ellie Idol - HAR(...).webm 
2017/01/25 22:36:33.100 [pool-3-thread-1] DEBUG historyDownload - Downloaded file: Celeb_Compilations\Alison Brie.webm 
2017/01/25 22:36:48.123 [pool-3-thread-2] DEBUG historyDownload - Downloaded file: Bukkake_Gokkun_Cum_fetish_thread\yuria hidaka 250 bottled (...).webm 
2017/01/25 22:37:41.121 [pool-3-thread-4] DEBUG historyDownload - Downloaded file: ASS_SLAPPING\gummy-bear-butt-shot.gif 
2017/01/25 22:37:47.894 [pool-3-thread-3] DEBUG historyDownload - Downloaded file: ASS_SLAPPING\1478327453551.webm 
2017/01/25 22:38:23.734 [pool-3-thread-5] DEBUG historyDownload - Downloaded file: Harley_Quinn_Thread\1480742958553.gif 
2017/01/25 22:39:47.523 [pool-3-thread-1] DEBUG historyDownload - Downloaded file: BodyPaint_Thread\[DigitalPlayground] Kleio(...).webm 
