2017/01/30 07:23:33.987 [pool-3-thread-2] DEBUG historyDownload - Downloaded file: Hentai_Thread__2\You stupid faggot Screens(...).gif 
2017/01/30 07:23:47.265 [pool-3-thread-1] DEBUG historyDownload - Downloaded file: Hentai_Thread__2\halves.webm 
2017/01/30 07:23:48.649 [pool-3-thread-5] DEBUG historyDownload - Downloaded file: Hentai_Thread__2\succcubus.webm 
2017/01/30 07:23:49.976 [pool-3-thread-3] DEBUG historyDownload - Downloaded file: Hentai_Thread__2\goopsuck.webm 
2017/01/30 07:23:50.600 [pool-3-thread-4] DEBUG historyDownload - Downloaded file: Hentai_Thread__2\goopfuck.webm 
2017/01/30 07:24:07.064 [pool-3-thread-2] DEBUG historyDownload - Downloaded file: reaction_images_from_porn\i think it&#039;s porn at least.gif 
2017/01/30 07:29:22.381 [pool-3-thread-1] DEBUG historyDownload - Downloaded file: Buttplugs_and_anal_dildos\1472231271711.gif 
2017/01/30 07:29:27.829 [pool-3-thread-3] DEBUG historyDownload - Downloaded file: Buttplugs_and_anal_dildos\1451331198855.webm 
2017/01/30 07:29:29.015 [pool-3-thread-2] DEBUG historyDownload - Downloaded file: Buttplugs_and_anal_dildos\1449508112847.webm 
2017/01/30 07:29:29.359 [pool-3-thread-5] DEBUG historyDownload - Downloaded file: Buttplugs_and_anal_dildos\1431451534060.webm 
2017/01/30 07:29:30.208 [pool-3-thread-4] DEBUG historyDownload - Downloaded file: Buttplugs_and_anal_dildos\aa9_1.webm 
2017/01/30 07:29:32.373 [pool-3-thread-1] DEBUG historyDownload - Downloaded file: Buttplugs_and_anal_dildos\gem1434534193595.webm 
2017/01/30 07:29:36.383 [pool-3-thread-2] DEBUG historyDownload - Downloaded file: Buttplugs_and_anal_dildos\1456121728219.webm 
2017/01/30 07:29:38.758 [pool-3-thread-3] DEBUG historyDownload - Downloaded file: Buttplugs_and_anal_dildos\aa9_2.webm 
2017/01/30 07:29:40.252 [pool-3-thread-5] DEBUG historyDownload - Downloaded file: Buttplugs_and_anal_dildos\1464471548514.webm 
2017/01/30 07:29:45.056 [pool-3-thread-4] DEBUG historyDownload - Downloaded file: Buttplugs_and_anal_dildos\1473189123054.webm 
2017/01/30 07:29:46.005 [pool-3-thread-1] DEBUG historyDownload - Downloaded file: Buttplugs_and_anal_dildos\doubleanalmachinefuck.webm 
2017/01/30 07:29:46.777 [pool-3-thread-5] DEBUG historyDownload - Downloaded file: Buttplugs_and_anal_dildos\deep anal abyss 5 - sarah(...).webm 
2017/01/30 07:29:46.816 [pool-3-thread-2] DEBUG historyDownload - Downloaded file: Buttplugs_and_anal_dildos\deep anal abyss 5 - sarah(...).webm 
2017/01/30 07:29:48.207 [pool-3-thread-3] DEBUG historyDownload - Downloaded file: Buttplugs_and_anal_dildos\deep anal abyss 5 - sarah(...).webm 
2017/01/30 07:29:54.670 [pool-3-thread-3] DEBUG historyDownload - Downloaded file: Buttplugs_and_anal_dildos\deep anal abyss 5 - sarah(...).webm 
2017/01/30 07:29:55.352 [pool-3-thread-2] DEBUG historyDownload - Downloaded file: Buttplugs_and_anal_dildos\deep anal abyss 5 - sarah(...).webm 
2017/01/30 07:29:55.376 [pool-3-thread-4] DEBUG historyDownload - Downloaded file: Buttplugs_and_anal_dildos\deep anal abyss 5 - sarah(...).webm 
2017/01/30 07:29:55.983 [pool-3-thread-1] DEBUG historyDownload - Downloaded file: Buttplugs_and_anal_dildos\deep anal abyss 5 - sarah(...).webm 
2017/01/30 07:29:57.000 [pool-3-thread-4] DEBUG historyDownload - Downloaded file: Buttplugs_and_anal_dildos\nN5jMks[1].gif 
2017/01/30 07:29:58.148 [pool-3-thread-5] DEBUG historyDownload - Downloaded file: Buttplugs_and_anal_dildos\deep anal abyss 5 - sarah(...).webm 
2017/01/30 07:30:02.388 [pool-3-thread-1] DEBUG historyDownload - Downloaded file: Buttplugs_and_anal_dildos\1.webm 
2017/01/30 07:30:02.812 [pool-3-thread-2] DEBUG historyDownload - Downloaded file: Buttplugs_and_anal_dildos\deep anal abyss 5 - sarah(...).webm 
2017/01/30 07:30:06.770 [pool-3-thread-4] DEBUG historyDownload - Downloaded file: Buttplugs_and_anal_dildos\2.webm 
2017/01/30 07:30:07.612 [pool-3-thread-5] DEBUG historyDownload - Downloaded file: Buttplugs_and_anal_dildos\gbp1.webm 
2017/01/30 07:30:13.958 [pool-3-thread-1] DEBUG historyDownload - Downloaded file: Buttplugs_and_anal_dildos\gbp2.webm 
2017/01/30 07:30:18.390 [pool-3-thread-3] DEBUG historyDownload - Downloaded file: Buttplugs_and_anal_dildos\deep anal abyss 5 - sarah(...).webm 
2017/01/30 07:30:22.673 [pool-3-thread-5] DEBUG historyDownload - Downloaded file: Buttplugs_and_anal_dildos\jaimefae plug 3.webm 
2017/01/30 07:30:23.996 [pool-3-thread-4] DEBUG historyDownload - Downloaded file: Buttplugs_and_anal_dildos\jaimefae plug 2.webm 
2017/01/30 07:30:27.822 [pool-3-thread-1] DEBUG historyDownload - Downloaded file: Buttplugs_and_anal_dildos\jaimefae plug 4.webm 
2017/01/30 07:30:38.549 [pool-3-thread-3] DEBUG historyDownload - Downloaded file: Buttplugs_and_anal_dildos\anna molli.webm 
2017/01/30 07:30:39.009 [pool-3-thread-5] DEBUG historyDownload - Downloaded file: Buttplugs_and_anal_dildos\1469398179870.webm 
2017/01/30 07:30:40.965 [pool-3-thread-1] DEBUG historyDownload - Downloaded file: Buttplugs_and_anal_dildos\1469458978640.webm 
2017/01/30 07:30:41.194 [pool-3-thread-4] DEBUG historyDownload - Downloaded file: Buttplugs_and_anal_dildos\1469458742370.webm 
2017/01/30 07:30:52.203 [pool-3-thread-3] DEBUG historyDownload - Downloaded file: Buttplugs_and_anal_dildos\1469459116850.webm 
2017/01/30 07:30:56.367 [pool-3-thread-5] DEBUG historyDownload - Downloaded file: Buttplugs_and_anal_dildos\1469459473434.webm 
2017/01/30 07:30:57.160 [pool-3-thread-1] DEBUG historyDownload - Downloaded file: Buttplugs_and_anal_dildos\1469459515482.webm 
2017/01/30 07:31:00.024 [pool-3-thread-3] DEBUG historyDownload - Downloaded file: Buttplugs_and_anal_dildos\mimi pop.webm 
2017/01/30 07:31:01.568 [pool-3-thread-5] DEBUG historyDownload - Downloaded file: Buttplugs_and_anal_dildos\nyxxa_sexy001.webm 
2017/01/30 07:31:02.544 [pool-3-thread-3] DEBUG historyDownload - Downloaded file: Buttplugs_and_anal_dildos\nyxxa_sexy005.webm 
2017/01/30 07:31:05.477 [pool-3-thread-5] DEBUG historyDownload - Downloaded file: Buttplugs_and_anal_dildos\nyxxa_sexy007.webm 
2017/01/30 07:31:10.173 [pool-3-thread-1] DEBUG historyDownload - Downloaded file: Buttplugs_and_anal_dildos\nyxxa_sexy002.webm 
2017/01/30 07:31:16.385 [pool-3-thread-1] DEBUG historyDownload - Downloaded file: Buttplugs_and_anal_dildos\Butt Balls.webm 
2017/01/30 07:31:24.397 [pool-3-thread-3] DEBUG historyDownload - Downloaded file: Buttplugs_and_anal_dildos\ftvgirls blaire1.webm 
2017/01/30 07:31:28.998 [pool-3-thread-2] DEBUG historyDownload - Downloaded file: Buttplugs_and_anal_dildos\jaimefae plug 1.webm 
2017/01/30 07:31:38.351 [pool-3-thread-4] DEBUG historyDownload - Downloaded file: Buttplugs_and_anal_dildos\1469459588330.webm 
2017/01/30 07:31:40.992 [pool-3-thread-3] DEBUG historyDownload - Downloaded file: Buttplugs_and_anal_dildos\ala.webm 
2017/01/30 07:31:49.389 [pool-3-thread-4] DEBUG historyDownload - Downloaded file: Buttplugs_and_anal_dildos\1478745539665.webm 
2017/01/30 07:31:51.178 [pool-3-thread-5] DEBUG historyDownload - Downloaded file: Buttplugs_and_anal_dildos\DelightfulHug Anal Dildo.webm 
2017/01/30 07:31:56.358 [pool-3-thread-4] DEBUG historyDownload - Downloaded file: Buttplugs_and_anal_dildos\sss862015 41.webm 
2017/01/30 07:31:56.653 [pool-3-thread-3] DEBUG historyDownload - Downloaded file: Buttplugs_and_anal_dildos\maxisma doggystyle.webm 
2017/01/30 07:32:08.382 [pool-3-thread-5] DEBUG historyDownload - Downloaded file: Buttplugs_and_anal_dildos\crotchallure 1.webm 
2017/01/30 07:32:10.962 [pool-3-thread-3] DEBUG historyDownload - Downloaded file: Buttplugs_and_anal_dildos\n2y012.webm 
2017/01/30 07:32:15.186 [pool-3-thread-2] DEBUG historyDownload - Downloaded file: Buttplugs_and_anal_dildos\IMG_2240.gif 
2017/01/30 07:32:20.176 [pool-3-thread-3] DEBUG historyDownload - Downloaded file: Buttplugs_and_anal_dildos\mmas002.webm 
2017/01/30 07:32:27.144 [pool-3-thread-2] DEBUG historyDownload - Downloaded file: Buttplugs_and_anal_dildos\mmas001.webm 
2017/01/30 07:32:29.735 [pool-3-thread-3] DEBUG historyDownload - Downloaded file: Buttplugs_and_anal_dildos\young_hotbabe.webm 
2017/01/30 07:32:30.573 [pool-3-thread-5] DEBUG historyDownload - Downloaded file: Buttplugs_and_anal_dildos\mmas003.webm 
2017/01/30 07:32:34.169 [pool-3-thread-1] DEBUG historyDownload - Downloaded file: Buttplugs_and_anal_dildos\dabutt.webm 
2017/01/30 07:32:38.385 [pool-3-thread-3] DEBUG historyDownload - Downloaded file: Buttplugs_and_anal_dildos\Young_Hotbabe (2).webm 
2017/01/30 07:32:40.582 [pool-3-thread-5] DEBUG historyDownload - Downloaded file: Buttplugs_and_anal_dildos\caprice1.webm 
2017/01/30 07:32:41.144 [pool-3-thread-2] DEBUG historyDownload - Downloaded file: Buttplugs_and_anal_dildos\1466282926550.webm 
2017/01/30 07:32:48.971 [pool-3-thread-1] DEBUG historyDownload - Downloaded file: Buttplugs_and_anal_dildos\caprice2.webm 
2017/01/30 07:32:50.051 [pool-3-thread-4] DEBUG historyDownload - Downloaded file: Buttplugs_and_anal_dildos\Maxisma (4).webm 
2017/01/30 07:32:53.795 [pool-3-thread-3] DEBUG historyDownload - Downloaded file: Buttplugs_and_anal_dildos\p plug.webm 
2017/01/30 07:32:55.139 [pool-3-thread-5] DEBUG historyDownload - Downloaded file: Buttplugs_and_anal_dildos\inthecrack.e959.suzie.car(...).webm 
2017/01/30 07:32:55.807 [pool-3-thread-2] DEBUG historyDownload - Downloaded file: Buttplugs_and_anal_dildos\inthecrack.e959.suzie.car(...).webm 
2017/01/30 07:33:02.546 [pool-3-thread-3] DEBUG historyDownload - Downloaded file: Buttplugs_and_anal_dildos\1426670448009.webm 
2017/01/30 07:33:03.387 [pool-3-thread-1] DEBUG historyDownload - Downloaded file: Buttplugs_and_anal_dildos\Ria Rodriguez 1.webm 
2017/01/30 07:33:04.159 [pool-3-thread-4] DEBUG historyDownload - Downloaded file: Buttplugs_and_anal_dildos\EvergreenAmusingCivet.webm 
2017/01/30 07:33:04.419 [pool-3-thread-5] DEBUG historyDownload - Downloaded file: Buttplugs_and_anal_dildos\1433634415011.webm 
2017/01/30 07:33:07.763 [pool-3-thread-3] DEBUG historyDownload - Downloaded file: Buttplugs_and_anal_dildos\UnconsciousFrigidGhostshrimp.webm 
2017/01/30 07:33:09.972 [pool-3-thread-1] DEBUG historyDownload - Downloaded file: Buttplugs_and_anal_dildos\plug.webm 
2017/01/30 07:33:10.400 [pool-3-thread-2] DEBUG historyDownload - Downloaded file: Buttplugs_and_anal_dildos\5518183_butt_plug.webm 
2017/01/30 07:33:12.149 [pool-3-thread-5] DEBUG historyDownload - Downloaded file: Buttplugs_and_anal_dildos\1436107301026.webm 
2017/01/30 07:33:19.367 [pool-3-thread-4] DEBUG historyDownload - Downloaded file: Buttplugs_and_anal_dildos\at012.webm 
2017/01/30 07:33:24.461 [pool-3-thread-1] DEBUG historyDownload - Downloaded file: Buttplugs_and_anal_dildos\dawnwillow anal bate.webm 
2017/01/30 07:33:24.990 [pool-3-thread-2] DEBUG historyDownload - Downloaded file: Buttplugs_and_anal_dildos\cockyAngel 2.webm 
2017/01/30 07:33:26.286 [pool-3-thread-5] DEBUG historyDownload - Downloaded file: Buttplugs_and_anal_dildos\Alli 3.webm 
2017/01/30 07:33:32.378 [pool-3-thread-1] DEBUG historyDownload - Downloaded file: Buttplugs_and_anal_dildos\dawnwillow glassplug 3.webm 
2017/01/30 07:33:33.597 [pool-3-thread-4] DEBUG historyDownload - Downloaded file: Buttplugs_and_anal_dildos\Alli 2.webm 
2017/01/30 07:33:39.204 [pool-3-thread-5] DEBUG historyDownload - Downloaded file: Buttplugs_and_anal_dildos\1361119064900.gif 
2017/01/30 07:33:39.578 [pool-3-thread-2] DEBUG historyDownload - Downloaded file: Buttplugs_and_anal_dildos\maxisma oil 3.webm 
2017/01/30 07:33:39.733 [pool-3-thread-3] DEBUG historyDownload - Downloaded file: Buttplugs_and_anal_dildos\Kream Tarra White.webm 
2017/01/30 07:33:39.992 [pool-3-thread-1] DEBUG historyDownload - Downloaded file: Buttplugs_and_anal_dildos\1479509231724.gif 
2017/01/30 07:33:42.940 [pool-3-thread-4] DEBUG historyDownload - Downloaded file: Buttplugs_and_anal_dildos\AChristmasZoey Ass 2.webm 
2017/01/30 07:33:53.568 [pool-3-thread-3] DEBUG historyDownload - Downloaded file: Buttplugs_and_anal_dildos\siswet plug2.webm 
2017/01/30 07:33:53.732 [pool-3-thread-5] DEBUG historyDownload - Downloaded file: Buttplugs_and_anal_dildos\siswet dildos.webm 
2017/01/30 07:33:53.795 [pool-3-thread-1] DEBUG historyDownload - Downloaded file: Buttplugs_and_anal_dildos\siswet dildo1.webm 
2017/01/30 07:33:57.016 [pool-3-thread-2] DEBUG historyDownload - Downloaded file: Buttplugs_and_anal_dildos\siswet plug1.webm 
2017/01/30 07:33:58.007 [pool-3-thread-4] DEBUG historyDownload - Downloaded file: Buttplugs_and_anal_dildos\siswet dildo2.webm 
2017/01/30 07:34:05.594 [pool-3-thread-3] DEBUG historyDownload - Downloaded file: Buttplugs_and_anal_dildos\siswet pump1.webm 
2017/01/30 07:34:07.829 [pool-3-thread-5] DEBUG historyDownload - Downloaded file: Buttplugs_and_anal_dildos\siswet pump2.webm 
2017/01/30 07:34:11.416 [pool-3-thread-1] DEBUG historyDownload - Downloaded file: Buttplugs_and_anal_dildos\siswet pump3.webm 
2017/01/30 07:34:12.010 [pool-3-thread-2] DEBUG historyDownload - Downloaded file: Buttplugs_and_anal_dildos\130487513650.gif 
2017/01/30 07:34:15.617 [pool-3-thread-4] DEBUG historyDownload - Downloaded file: Buttplugs_and_anal_dildos\1484453174871.webm 
2017/01/30 07:34:18.148 [pool-3-thread-3] DEBUG historyDownload - Downloaded file: Buttplugs_and_anal_dildos\1318003882438.gif 
2017/01/30 07:34:18.740 [pool-3-thread-5] DEBUG historyDownload - Downloaded file: Buttplugs_and_anal_dildos\1451571252690.webm 
2017/01/30 07:34:25.381 [pool-3-thread-4] DEBUG historyDownload - Downloaded file: Buttplugs_and_anal_dildos\tumblr_inline_obpz0xusJg1(...).gif 
2017/01/30 07:34:26.292 [pool-3-thread-1] DEBUG historyDownload - Downloaded file: Buttplugs_and_anal_dildos\TicTac1.webm 
2017/01/30 07:34:26.927 [pool-3-thread-2] DEBUG historyDownload - Downloaded file: Buttplugs_and_anal_dildos\TicTac1 .webm 
2017/01/30 07:34:33.424 [pool-3-thread-5] DEBUG historyDownload - Downloaded file: Buttplugs_and_anal_dildos\lana rain 3.webm 
2017/01/30 07:34:34.213 [pool-3-thread-3] DEBUG historyDownload - Downloaded file: Buttplugs_and_anal_dildos\lana rain 1.webm 
2017/01/30 07:34:42.799 [pool-3-thread-2] DEBUG historyDownload - Downloaded file: Buttplugs_and_anal_dildos\1355868719095.gif 
2017/01/30 07:34:43.726 [pool-3-thread-1] DEBUG historyDownload - Downloaded file: Buttplugs_and_anal_dildos\lana rain 5.webm 
2017/01/30 07:34:45.741 [pool-3-thread-3] DEBUG historyDownload - Downloaded file: Buttplugs_and_anal_dildos\tbcb(6).webm 
2017/01/30 07:34:49.565 [pool-3-thread-5] DEBUG historyDownload - Downloaded file: Buttplugs_and_anal_dildos\1451155971395.webm 
2017/01/30 07:35:05.348 [pool-3-thread-5] DEBUG historyDownload - Downloaded file: Buttplugs_and_anal_dildos\tb027.webm 
2017/01/30 07:35:14.121 [pool-3-thread-2] DEBUG historyDownload - Downloaded file: Buttplugs_and_anal_dildos\tbcb(7).webm 
2017/01/30 07:35:16.000 [pool-3-thread-5] DEBUG historyDownload - Downloaded file: Buttplugs_and_anal_dildos\1478403069044.webm 
2017/01/30 07:35:28.337 [pool-3-thread-4] DEBUG historyDownload - Downloaded file: Buttplugs_and_anal_dildos\lana rain 4.webm 
2017/01/30 07:35:33.781 [pool-3-thread-2] DEBUG historyDownload - Downloaded file: Buttplugs_and_anal_dildos\liz103 bd2.webm 
2017/01/30 07:35:43.476 [pool-3-thread-4] DEBUG historyDownload - Downloaded file: Buttplugs_and_anal_dildos\tb Naturals (2).webm 
2017/01/30 07:35:48.755 [pool-3-thread-2] DEBUG historyDownload - Downloaded file: Buttplugs_and_anal_dildos\tb Naturals (11).webm 
2017/01/30 07:35:54.824 [pool-3-thread-1] DEBUG historyDownload - Downloaded file: Buttplugs_and_anal_dildos\tb032.webm 
2017/01/30 07:35:55.372 [pool-3-thread-3] DEBUG historyDownload - Downloaded file: Buttplugs_and_anal_dildos\tb022.webm 
2017/01/30 07:35:59.964 [pool-3-thread-4] DEBUG historyDownload - Downloaded file: Buttplugs_and_anal_dildos\tb001.webm 
2017/01/30 07:36:05.413 [pool-3-thread-2] DEBUG historyDownload - Downloaded file: Buttplugs_and_anal_dildos\1463508711528glass.webm 
2017/01/30 07:36:05.728 [pool-3-thread-1] DEBUG historyDownload - Downloaded file: Buttplugs_and_anal_dildos\tb062.webm 
2017/01/30 07:36:09.176 [pool-3-thread-5] DEBUG historyDownload - Downloaded file: Buttplugs_and_anal_dildos\tb041.webm 
2017/01/30 07:36:09.880 [pool-3-thread-3] DEBUG historyDownload - Downloaded file: Buttplugs_and_anal_dildos\MyFairyLove (2).webm 
2017/01/30 07:36:11.336 [pool-3-thread-1] DEBUG historyDownload - Downloaded file: ASS_SLAPPING\star616 maid.webm 
2017/01/30 07:36:12.348 [pool-3-thread-2] DEBUG historyDownload - Downloaded file: ASS_SLAPPING\giphy.gif 
2017/01/30 07:36:15.019 [pool-3-thread-1] DEBUG historyDownload - Downloaded file: Sluts_sucking_or_fucking_multiple_big__yummy_cocks\1482891774049.gif 
2017/01/30 07:36:15.162 [pool-3-thread-4] DEBUG historyDownload - Downloaded file: ASS_SLAPPING\alexis texas1.webm 
2017/01/30 07:36:15.372 [pool-3-thread-5] DEBUG historyDownload - Downloaded file: ASS_SLAPPING\alina li spandex loads 8.webm 
2017/01/30 07:36:16.733 [pool-3-thread-2] DEBUG historyDownload - Downloaded file: Sluts_sucking_or_fucking_multiple_big__yummy_cocks\1.gif 
2017/01/30 07:36:20.151 [pool-3-thread-5] DEBUG historyDownload - Downloaded file: Sluts_sucking_or_fucking_multiple_big__yummy_cocks\perfect.gif 
2017/01/30 07:36:21.550 [pool-3-thread-4] DEBUG historyDownload - Downloaded file: Sluts_sucking_or_fucking_multiple_big__yummy_cocks\sucking.gif 
2017/01/30 07:36:26.720 [pool-3-thread-1] DEBUG historyDownload - Downloaded file: Sluts_sucking_or_fucking_multiple_big__yummy_cocks\1483863820697.gif 
2017/01/30 07:36:26.795 [pool-3-thread-2] DEBUG historyDownload - Downloaded file: Sluts_sucking_or_fucking_multiple_big__yummy_cocks\full.gif 
2017/01/30 07:36:27.627 [pool-3-thread-3] DEBUG historyDownload - Downloaded file: ASS_SLAPPING\1470114880131.webm 
2017/01/30 07:36:32.754 [pool-3-thread-1] DEBUG historyDownload - Downloaded file: Sluts_sucking_or_fucking_multiple_big__yummy_cocks\asianfuckfaces2h.webm 
2017/01/30 07:36:34.194 [pool-3-thread-5] DEBUG historyDownload - Downloaded file: Sluts_sucking_or_fucking_multiple_big__yummy_cocks\asianfuckfaces2.webm 
2017/01/30 07:36:34.991 [pool-3-thread-4] DEBUG historyDownload - Downloaded file: Sluts_sucking_or_fucking_multiple_big__yummy_cocks\asianfuckfaces2-1.webm 
2017/01/30 07:36:39.558 [pool-3-thread-1] DEBUG historyDownload - Downloaded file: Sluts_sucking_or_fucking_multiple_big__yummy_cocks\meanwhile_at_ops_house.gif 
2017/01/30 07:36:41.735 [pool-3-thread-3] DEBUG historyDownload - Downloaded file: Sluts_sucking_or_fucking_multiple_big__yummy_cocks\asianfuckfaces2f.webm 
2017/01/30 07:36:41.772 [pool-3-thread-5] DEBUG historyDownload - Downloaded file: Sluts_sucking_or_fucking_multiple_big__yummy_cocks\c8422cdd-295a-4c83-aecf-4(...).gif 
2017/01/30 07:36:43.038 [pool-3-thread-2] DEBUG historyDownload - Downloaded file: Sluts_sucking_or_fucking_multiple_big__yummy_cocks\asianfuckfaces2b.webm 
2017/01/30 07:36:48.207 [pool-3-thread-4] DEBUG historyDownload - Downloaded file: Sluts_sucking_or_fucking_multiple_big__yummy_cocks\1468128297526.webm 
2017/01/30 07:36:51.178 [pool-3-thread-1] DEBUG historyDownload - Downloaded file: Sluts_sucking_or_fucking_multiple_big__yummy_cocks\1476025690046.webm 
2017/01/30 07:36:52.613 [pool-3-thread-3] DEBUG historyDownload - Downloaded file: Sluts_sucking_or_fucking_multiple_big__yummy_cocks\1477140637151.webm 
2017/01/30 07:36:53.158 [pool-3-thread-5] DEBUG historyDownload - Downloaded file: Sluts_sucking_or_fucking_multiple_big__yummy_cocks\1467528158229.webm 
2017/01/30 07:36:54.342 [pool-3-thread-2] DEBUG historyDownload - Downloaded file: Sluts_sucking_or_fucking_multiple_big__yummy_cocks\1469991175149.webm 
2017/01/30 07:37:00.369 [pool-3-thread-4] DEBUG historyDownload - Downloaded file: Sluts_sucking_or_fucking_multiple_big__yummy_cocks\1475959341518.webm 
2017/01/30 07:37:07.121 [pool-3-thread-3] DEBUG historyDownload - Downloaded file: Sluts_sucking_or_fucking_multiple_big__yummy_cocks\1469556842207.webm 
2017/01/30 07:37:24.723 [pool-3-thread-1] DEBUG historyDownload - Downloaded file: Sluts_sucking_or_fucking_multiple_big__yummy_cocks\1475948026519.webm 
2017/01/30 07:41:15.386 [pool-3-thread-2] DEBUG historyDownload - Downloaded file: Upton_of_Kate\0mae.jpg 
2017/01/30 07:41:15.764 [pool-3-thread-1] DEBUG historyDownload - Downloaded file: Upton_of_Kate\fuo6.jpg 
2017/01/30 07:41:16.723 [pool-3-thread-4] DEBUG historyDownload - Downloaded file: Upton_of_Kate\1344790835458.jpg 
2017/01/30 07:41:16.910 [pool-3-thread-3] DEBUG historyDownload - Downloaded file: Upton_of_Kate\1344790899415.jpg 
2017/01/30 07:41:18.120 [pool-3-thread-2] DEBUG historyDownload - Downloaded file: Upton_of_Kate\kate_1.jpg 
2017/01/30 07:41:18.317 [pool-3-thread-5] DEBUG historyDownload - Downloaded file: Upton_of_Kate\060 - ck496sk.jpg 
2017/01/30 07:41:18.955 [pool-3-thread-1] DEBUG historyDownload - Downloaded file: Upton_of_Kate\kate-upton-bbsdbs-2012-021 (1).jpg 
2017/01/30 07:41:23.617 [pool-3-thread-1] DEBUG historyDownload - Downloaded file: Girls_laying_in_their_stomach\12.jpg 
2017/01/30 07:41:27.226 [pool-3-thread-3] DEBUG historyDownload - Downloaded file: Girls_laying_in_their_stomach\1483581238912.jpg 
2017/01/30 07:41:27.397 [pool-3-thread-1] DEBUG historyDownload - Downloaded file: Girls_laying_in_their_stomach\20170116_021543-1359x1995.jpg 
2017/01/30 07:41:28.050 [pool-3-thread-4] DEBUG historyDownload - Downloaded file: Girls_laying_in_their_stomach\1481084143205.png 
2017/01/30 07:41:28.335 [pool-3-thread-5] DEBUG historyDownload - Downloaded file: Girls_laying_in_their_stomach\IMG01124.jpg 
2017/01/30 07:41:31.339 [pool-3-thread-2] DEBUG historyDownload - Downloaded file: Girls_laying_in_their_stomach\1467289264289.png 
2017/01/30 07:43:00.820 [pool-3-thread-4] DEBUG historyDownload - Downloaded file: Cosplay\1478394432576.jpg 
2017/01/30 07:43:00.987 [pool-3-thread-2] DEBUG historyDownload - Downloaded file: Cosplay\FB_IMG_1478394579110.jpg 
2017/01/30 07:43:01.692 [pool-3-thread-5] DEBUG historyDownload - Downloaded file: Cosplay\FB_IMG_1485679487331.jpg 
2017/01/30 07:43:02.501 [pool-3-thread-1] DEBUG historyDownload - Downloaded file: Cosplay\1478394117650_optimized.jpg 
2017/01/30 07:43:02.528 [pool-3-thread-4] DEBUG historyDownload - Downloaded file: Cosplay\FB_IMG_1485679856455.jpg 
2017/01/30 07:43:03.518 [pool-3-thread-3] DEBUG historyDownload - Downloaded file: Cosplay\1478394065158_optimized.jpg 
2017/01/30 07:43:03.532 [pool-3-thread-2] DEBUG historyDownload - Downloaded file: Cosplay\27.jpg 
2017/01/30 07:43:05.560 [pool-3-thread-4] DEBUG historyDownload - Downloaded file: Cosplay\cos9641.jpg 
2017/01/30 07:43:06.953 [pool-3-thread-1] DEBUG historyDownload - Downloaded file: Cosplay\17.jpg 
2017/01/30 07:43:06.965 [pool-3-thread-3] DEBUG historyDownload - Downloaded file: Cosplay\1033.06041.jpg 
2017/01/30 07:43:08.723 [pool-3-thread-2] DEBUG historyDownload - Downloaded file: Cosplay\1033.06233.png 
2017/01/30 07:43:09.182 [pool-3-thread-5] DEBUG historyDownload - Downloaded file: Cosplay\35.jpg 
2017/01/30 07:43:10.790 [pool-3-thread-5] DEBUG historyDownload - Downloaded file: Cosplay\1033.06177.jpg 
2017/01/30 07:43:12.324 [pool-3-thread-2] DEBUG historyDownload - Downloaded file: Cosplay\1033.06297.png 
2017/01/30 07:43:12.362 [pool-3-thread-4] DEBUG historyDownload - Downloaded file: Cosplay\1033.06282.png 
2017/01/30 07:43:12.389 [pool-3-thread-5] DEBUG historyDownload - Downloaded file: Cosplay\1033.06617.jpg 
2017/01/30 07:43:13.307 [pool-3-thread-1] DEBUG historyDownload - Downloaded file: Cosplay\1033.06248.jpg 
2017/01/30 07:43:13.598 [pool-3-thread-3] DEBUG historyDownload - Downloaded file: Cosplay\1033.06173.jpg 
2017/01/30 07:43:13.915 [pool-3-thread-4] DEBUG historyDownload - Downloaded file: Cosplay\1033.06147.jpg 
2017/01/30 07:43:14.101 [pool-3-thread-5] DEBUG historyDownload - Downloaded file: Cosplay\1033.06619.jpg 
2017/01/30 07:43:14.117 [pool-3-thread-2] DEBUG historyDownload - Downloaded file: Cosplay\1033.06618.jpg 
2017/01/30 07:43:14.909 [pool-3-thread-1] DEBUG historyDownload - Downloaded file: Cosplay\1033.06712.jpg 
2017/01/30 07:43:15.124 [pool-3-thread-3] DEBUG historyDownload - Downloaded file: Cosplay\1033.06268.jpg 
2017/01/30 07:43:15.931 [pool-3-thread-5] DEBUG historyDownload - Downloaded file: Cosplay\1033.06072.jpg 
2017/01/30 07:43:16.099 [pool-3-thread-4] DEBUG historyDownload - Downloaded file: Cosplay\1033.06620.jpg 
2017/01/30 07:43:16.735 [pool-3-thread-3] DEBUG historyDownload - Downloaded file: Cosplay\1033.06621.jpg 
2017/01/30 07:43:17.101 [pool-3-thread-2] DEBUG historyDownload - Downloaded file: Cosplay\1033.06265.jpg 
2017/01/30 07:43:17.516 [pool-3-thread-1] DEBUG historyDownload - Downloaded file: Cosplay\1033.06205.jpg 
2017/01/30 07:43:17.898 [pool-3-thread-4] DEBUG historyDownload - Downloaded file: Cosplay\1033.06622.jpg 
2017/01/30 07:43:18.100 [pool-3-thread-5] DEBUG historyDownload - Downloaded file: Cosplay\1033.06750.jpg 
2017/01/30 07:43:18.124 [pool-3-thread-3] DEBUG historyDownload - Downloaded file: Cosplay\1033.06695.jpg 
2017/01/30 07:43:18.708 [pool-3-thread-2] DEBUG historyDownload - Downloaded file: Cosplay\1033.06023.jpg 
2017/01/30 07:43:19.723 [pool-3-thread-4] DEBUG historyDownload - Downloaded file: Cosplay\1033.06110.jpg 
2017/01/30 07:43:19.911 [pool-3-thread-5] DEBUG historyDownload - Downloaded file: Cosplay\1033.06623.jpg 
2017/01/30 07:43:20.107 [pool-3-thread-3] DEBUG historyDownload - Downloaded file: Cosplay\1033.06040.jpg 
2017/01/30 07:43:20.345 [pool-3-thread-1] DEBUG historyDownload - Downloaded file: Cosplay\1033.06006.jpg 
2017/01/30 07:43:20.932 [pool-3-thread-2] DEBUG historyDownload - Downloaded file: Cosplay\1033.06247.jpg 
2017/01/30 07:43:21.747 [pool-3-thread-4] DEBUG historyDownload - Downloaded file: Cosplay\1033.06292.jpg 
2017/01/30 07:43:22.154 [pool-3-thread-5] DEBUG historyDownload - Downloaded file: Cosplay\1033.06673.jpg 
2017/01/30 07:43:22.316 [pool-3-thread-1] DEBUG historyDownload - Downloaded file: Cosplay\1033.06225.jpg 
2017/01/30 07:43:22.326 [pool-3-thread-3] DEBUG historyDownload - Downloaded file: Cosplay\1033.06046.jpg 
2017/01/30 07:43:23.904 [pool-3-thread-4] DEBUG historyDownload - Downloaded file: Cosplay\1033.06296.jpg 
2017/01/30 07:43:24.323 [pool-3-thread-3] DEBUG historyDownload - Downloaded file: Cosplay\1033.06092.jpg 
2017/01/30 07:43:24.355 [pool-3-thread-1] DEBUG historyDownload - Downloaded file: Cosplay\1033.06298.jpg 
2017/01/30 07:43:24.512 [pool-3-thread-5] DEBUG historyDownload - Downloaded file: Cosplay\1033.06274.jpg 
2017/01/30 07:43:26.148 [pool-3-thread-4] DEBUG historyDownload - Downloaded file: Cosplay\1033.06675.jpg 
2017/01/30 07:43:26.322 [pool-3-thread-2] DEBUG historyDownload - Downloaded file: Cosplay\1033.06674.jpg 
2017/01/30 07:43:26.693 [pool-3-thread-3] DEBUG historyDownload - Downloaded file: Cosplay\1033.06275.jpg 
2017/01/30 07:43:26.910 [pool-3-thread-1] DEBUG historyDownload - Downloaded file: Cosplay\1033.06676.jpg 
2017/01/30 07:43:27.518 [pool-3-thread-5] DEBUG historyDownload - Downloaded file: Cosplay\1033.06724.jpg 
2017/01/30 07:43:28.520 [pool-3-thread-4] DEBUG historyDownload - Downloaded file: Cosplay\1033.06001.jpg 
2017/01/30 07:43:28.929 [pool-3-thread-3] DEBUG historyDownload - Downloaded file: Cosplay\1033.06201.jpg 
2017/01/30 07:43:30.118 [pool-3-thread-5] DEBUG historyDownload - Downloaded file: Cosplay\1033.06160.jpg 
2017/01/30 07:43:31.717 [pool-3-thread-3] DEBUG historyDownload - Downloaded file: Cosplay\1033.06002.jpg 
2017/01/30 07:43:32.104 [pool-3-thread-2] DEBUG historyDownload - Downloaded file: Cosplay\1033.06153.jpg 
2017/01/30 07:43:32.140 [pool-3-thread-1] DEBUG historyDownload - Downloaded file: Cosplay\1033.06710.jpg 
2017/01/30 07:43:32.318 [pool-3-thread-5] DEBUG historyDownload - Downloaded file: Cosplay\1033.06245.jpg 
2017/01/30 07:43:33.579 [pool-3-thread-4] DEBUG historyDownload - Downloaded file: Cosplay\1033.06301.jpg 
2017/01/30 07:43:34.344 [pool-3-thread-1] DEBUG historyDownload - Downloaded file: Cosplay\1033.06270.jpg 
2017/01/30 07:43:34.715 [pool-3-thread-5] DEBUG historyDownload - Downloaded file: Cosplay\1033.06223.jpg 
2017/01/30 07:43:35.727 [pool-3-thread-4] DEBUG historyDownload - Downloaded file: Cosplay\1033.06230.jpg 
2017/01/30 07:43:36.913 [pool-3-thread-3] DEBUG historyDownload - Downloaded file: Cosplay\1033.06278.jpg 
2017/01/30 07:43:37.113 [pool-3-thread-1] DEBUG historyDownload - Downloaded file: Cosplay\1033.06074.jpg 
2017/01/30 07:43:37.289 [pool-3-thread-5] DEBUG historyDownload - Downloaded file: Cosplay\1033.06162.jpg 
2017/01/30 07:43:38.544 [pool-3-thread-2] DEBUG historyDownload - Downloaded file: Cosplay\1033.06277.jpg 
2017/01/30 07:43:38.700 [pool-3-thread-4] DEBUG historyDownload - Downloaded file: Cosplay\1033.06096.jpg 
2017/01/30 07:43:40.121 [pool-3-thread-1] DEBUG historyDownload - Downloaded file: Cosplay\1033.06279.jpg 
2017/01/30 07:43:42.347 [pool-3-thread-5] DEBUG historyDownload - Downloaded file: Cosplay\1033.06257.jpg 
2017/01/30 07:43:42.898 [pool-3-thread-1] DEBUG historyDownload - Downloaded file: Cosplay\1033.06039.jpg 
2017/01/30 07:43:42.900 [pool-3-thread-2] DEBUG historyDownload - Downloaded file: Cosplay\1033.06679.jpg 
2017/01/30 07:43:44.519 [pool-3-thread-5] DEBUG historyDownload - Downloaded file: Cosplay\1033.06699.jpg 
2017/01/30 07:43:45.504 [pool-3-thread-2] DEBUG historyDownload - Downloaded file: Cosplay\1033.06139.jpg 
2017/01/30 07:43:47.322 [pool-3-thread-4] DEBUG historyDownload - Downloaded file: Cosplay\1033.06250.jpg 
2017/01/30 07:43:47.359 [pool-3-thread-5] DEBUG historyDownload - Downloaded file: Cosplay\1033.06722.jpg 
2017/01/30 07:43:49.328 [pool-3-thread-3] DEBUG historyDownload - Downloaded file: Cosplay\1033.06276.jpg 
2017/01/30 07:43:49.963 [pool-3-thread-5] DEBUG historyDownload - Downloaded file: Cosplay\1033.06701.jpg 
2017/01/30 07:43:50.731 [pool-3-thread-4] DEBUG historyDownload - Downloaded file: Cosplay\1033.06290.jpg 
2017/01/30 07:43:51.731 [pool-3-thread-3] DEBUG historyDownload - Downloaded file: Cosplay\1033.06197.jpg 
2017/01/30 07:43:51.735 [pool-3-thread-1] DEBUG historyDownload - Downloaded file: Cosplay\1033.06704.jpg 
2017/01/30 07:43:52.733 [pool-3-thread-5] DEBUG historyDownload - Downloaded file: Cosplay\1033.06720.jpg 
2017/01/30 07:43:53.296 [pool-3-thread-2] DEBUG historyDownload - Downloaded file: Cosplay\1033.06680.jpg 
2017/01/30 07:43:53.590 [pool-3-thread-4] DEBUG historyDownload - Downloaded file: Cosplay\1033.06681.jpg 
2017/01/30 07:43:54.485 [pool-3-thread-1] DEBUG historyDownload - Downloaded file: Cosplay\1033.06053.jpg 
2017/01/30 07:43:56.108 [pool-3-thread-3] DEBUG historyDownload - Downloaded file: Cosplay\1033.06198.jpg 
2017/01/30 07:43:56.347 [pool-3-thread-2] DEBUG historyDownload - Downloaded file: Cosplay\1033.06211.jpg 
2017/01/30 07:43:57.552 [pool-3-thread-4] DEBUG historyDownload - Downloaded file: Cosplay\1033.06066.jpg 
2017/01/30 07:43:57.939 [pool-3-thread-1] DEBUG historyDownload - Downloaded file: Cosplay\1033.06014.png 
2017/01/30 07:44:00.519 [pool-3-thread-5] DEBUG historyDownload - Downloaded file: Cosplay\1033.06047.jpg 
2017/01/30 07:44:00.693 [pool-3-thread-2] DEBUG historyDownload - Downloaded file: Cosplay\1033.06064.jpg 
2017/01/30 07:44:01.132 [pool-3-thread-3] DEBUG historyDownload - Downloaded file: Cosplay\1033.06097.jpg 
2017/01/30 07:44:01.898 [pool-3-thread-4] DEBUG historyDownload - Downloaded file: Cosplay\1033.06106.jpg 
2017/01/30 07:44:02.714 [pool-3-thread-3] DEBUG historyDownload - Downloaded file: Cosplay\1033.06009.jpg 
2017/01/30 07:44:04.053 [pool-3-thread-1] DEBUG historyDownload - Downloaded file: Cosplay\1033.06686.png 
2017/01/30 07:44:04.345 [pool-3-thread-3] DEBUG historyDownload - Downloaded file: Cosplay\1033.06610.jpg 
2017/01/30 07:44:04.885 [pool-3-thread-4] DEBUG historyDownload - Downloaded file: Cosplay\1033.06600.jpg 
2017/01/30 07:44:05.380 [pool-3-thread-2] DEBUG historyDownload - Downloaded file: Cosplay\1033.06705.png 
2017/01/30 07:44:05.615 [pool-3-thread-1] DEBUG historyDownload - Downloaded file: Cosplay\1033.06000.jpg 
2017/01/30 07:44:05.695 [pool-3-thread-5] DEBUG historyDownload - Downloaded file: Cosplay\1033.06305.png 
2017/01/30 07:44:05.989 [pool-3-thread-3] DEBUG historyDownload - Downloaded file: Cosplay\1033.06693.jpg 
2017/01/30 07:44:06.521 [pool-3-thread-4] DEBUG historyDownload - Downloaded file: Cosplay\1033.06611.jpg 
2017/01/30 07:44:06.902 [pool-3-thread-2] DEBUG historyDownload - Downloaded file: Cosplay\1033.06612.jpg 
2017/01/30 07:44:07.162 [pool-3-thread-1] DEBUG historyDownload - Downloaded file: Cosplay\1033.06615.jpg 
2017/01/30 07:44:07.298 [pool-3-thread-5] DEBUG historyDownload - Downloaded file: Cosplay\1033.06170.jpg 
2017/01/30 07:44:07.577 [pool-3-thread-3] DEBUG historyDownload - Downloaded file: Cosplay\1033.06157.jpg 
2017/01/30 07:44:08.106 [pool-3-thread-4] DEBUG historyDownload - Downloaded file: Cosplay\1033.06055.jpg 
2017/01/30 07:44:08.527 [pool-3-thread-2] DEBUG historyDownload - Downloaded file: Cosplay\1033.06639.jpg 
2017/01/30 07:44:08.974 [pool-3-thread-1] DEBUG historyDownload - Downloaded file: Cosplay\1033.06042.jpg 
2017/01/30 07:44:09.157 [pool-3-thread-5] DEBUG historyDownload - Downloaded file: Cosplay\1033.06634.jpg 
2017/01/30 07:44:09.728 [pool-3-thread-4] DEBUG historyDownload - Downloaded file: Cosplay\1033.06123.jpg 
2017/01/30 07:44:10.355 [pool-3-thread-2] DEBUG historyDownload - Downloaded file: Cosplay\1033.06631.jpg 
2017/01/30 07:44:10.777 [pool-3-thread-1] DEBUG historyDownload - Downloaded file: Cosplay\1033.06632.jpg 
2017/01/30 07:44:11.351 [pool-3-thread-5] DEBUG historyDownload - Downloaded file: Cosplay\1009.00005000.jpg 
2017/01/30 07:44:11.523 [pool-3-thread-4] DEBUG historyDownload - Downloaded file: Cosplay\1009.00005005.jpg 
2017/01/30 07:44:11.697 [pool-3-thread-3] DEBUG historyDownload - Downloaded file: Cosplay\1033.06635.jpg 
2017/01/30 07:44:12.156 [pool-3-thread-2] DEBUG historyDownload - Downloaded file: Cosplay\1009.00005012.jpg 
2017/01/30 07:44:12.588 [pool-3-thread-1] DEBUG historyDownload - Downloaded file: Cosplay\1009.00005013.jpg 
2017/01/30 07:44:13.132 [pool-3-thread-5] DEBUG historyDownload - Downloaded file: Cosplay\1009.00005016.jpg 
2017/01/30 07:44:14.124 [pool-3-thread-4] DEBUG historyDownload - Downloaded file: Cosplay\1009.00005028.jpg 
2017/01/30 07:44:16.775 [pool-3-thread-1] DEBUG historyDownload - Downloaded file: Cosplay\1006.969.jpg 
2017/01/30 07:44:17.346 [pool-3-thread-5] DEBUG historyDownload - Downloaded file: Cosplay\1006.970.jpg 
2017/01/30 07:44:17.519 [pool-3-thread-3] DEBUG historyDownload - Downloaded file: Cosplay\1006.901.jpg 
2017/01/30 07:44:18.101 [pool-3-thread-2] DEBUG historyDownload - Downloaded file: Cosplay\1006.968.jpg 
2017/01/30 07:44:18.303 [pool-3-thread-4] DEBUG historyDownload - Downloaded file: Cosplay\1006.971.jpg 
2017/01/30 07:44:21.395 [pool-3-thread-5] DEBUG historyDownload - Downloaded file: Cosplay\1006.973.jpg 
2017/01/30 07:44:21.597 [pool-3-thread-3] DEBUG historyDownload - Downloaded file: Cosplay\1006.974.jpg 
2017/01/30 07:44:23.706 [pool-3-thread-2] DEBUG historyDownload - Downloaded file: Cosplay\1006.975.jpg 
2017/01/30 07:44:24.094 [pool-3-thread-4] DEBUG historyDownload - Downloaded file: Cosplay\1006.976.jpg 
2017/01/30 07:44:24.764 [pool-3-thread-5] DEBUG historyDownload - Downloaded file: Cosplay\1006.977.jpg 
2017/01/30 07:44:24.935 [pool-3-thread-3] DEBUG historyDownload - Downloaded file: Cosplay\1006.978.jpg 
2017/01/30 07:44:27.695 [pool-3-thread-2] DEBUG historyDownload - Downloaded file: Cosplay\1006.979.jpg 
2017/01/30 07:44:28.521 [pool-3-thread-5] DEBUG historyDownload - Downloaded file: Cosplay\1006.981.jpg 
2017/01/30 07:44:28.748 [pool-3-thread-3] DEBUG historyDownload - Downloaded file: Cosplay\1006.982.jpg 
2017/01/30 07:44:30.957 [pool-3-thread-2] DEBUG historyDownload - Downloaded file: Cosplay\1006.983.jpg 
2017/01/30 07:44:31.694 [pool-3-thread-5] DEBUG historyDownload - Downloaded file: Cosplay\1006.984.jpg 
2017/01/30 07:44:32.106 [pool-3-thread-4] DEBUG historyDownload - Downloaded file: Cosplay\1006.980.jpg 
2017/01/30 07:44:33.151 [pool-3-thread-2] DEBUG historyDownload - Downloaded file: Cosplay\1006.925.jpg 
2017/01/30 07:44:33.542 [pool-3-thread-5] DEBUG historyDownload - Downloaded file: Cosplay\1006.926.jpg 
2017/01/30 07:44:33.714 [pool-3-thread-4] DEBUG historyDownload - Downloaded file: Cosplay\1006.927.jpg 
2017/01/30 07:44:33.726 [pool-3-thread-1] DEBUG historyDownload - Downloaded file: Cosplay\1006.972.jpg 
2017/01/30 07:44:35.144 [pool-3-thread-3] DEBUG historyDownload - Downloaded file: Cosplay\1006.985.jpg 
2017/01/30 07:44:35.156 [pool-3-thread-5] DEBUG historyDownload - Downloaded file: Cosplay\1006.930.jpg 
2017/01/30 07:44:35.303 [pool-3-thread-1] DEBUG historyDownload - Downloaded file: Cosplay\1006.932.jpg 
2017/01/30 07:44:35.320 [pool-3-thread-4] DEBUG historyDownload - Downloaded file: Cosplay\1006.931.jpg 
2017/01/30 07:44:35.759 [pool-3-thread-2] DEBUG historyDownload - Downloaded file: Cosplay\1006.928.jpg 
2017/01/30 07:44:36.718 [pool-3-thread-3] DEBUG historyDownload - Downloaded file: Cosplay\1006.933.jpg 
2017/01/30 07:44:36.733 [pool-3-thread-5] DEBUG historyDownload - Downloaded file: Cosplay\1006.934.jpg 
2017/01/30 07:44:36.783 [pool-3-thread-4] DEBUG historyDownload - Downloaded file: Cosplay\1006.936.jpg 
2017/01/30 07:44:36.898 [pool-3-thread-1] DEBUG historyDownload - Downloaded file: Cosplay\1006.935.jpg 
2017/01/30 07:44:37.297 [pool-3-thread-2] DEBUG historyDownload - Downloaded file: Cosplay\1006.937.jpg 
2017/01/30 07:44:38.368 [pool-3-thread-3] DEBUG historyDownload - Downloaded file: Cosplay\kato1.jpg 
2017/01/30 07:44:38.708 [pool-3-thread-5] DEBUG historyDownload - Downloaded file: Cosplay\kato2.jpg 
2017/01/30 07:46:48.111 [pool-3-thread-4] DEBUG historyDownload - Downloaded file: VIDEO_GAMES\85041576.jpg 
