2017/02/02 06:48:30.879 [pool-3-thread-4] DEBUG historyDownload - Downloaded file: ANAL\1482531977310.webm 
2017/02/02 06:48:31.926 [pool-3-thread-1] DEBUG historyDownload - Downloaded file: ANAL\1413395556965.webm 
2017/02/02 06:48:34.583 [pool-3-thread-2] DEBUG historyDownload - Downloaded file: ANAL\1342339983518.gif 
2017/02/02 06:48:38.405 [pool-3-thread-5] DEBUG historyDownload - Downloaded file: ANAL\1478758293524.webm 
2017/02/02 06:48:39.291 [pool-3-thread-1] DEBUG historyDownload - Downloaded file: ANAL\anal1.webm 
2017/02/02 06:48:42.879 [pool-3-thread-2] DEBUG historyDownload - Downloaded file: ANAL\anal2.webm 
2017/02/02 06:48:44.602 [pool-3-thread-3] DEBUG historyDownload - Downloaded file: ANAL\1443556629526.webm 
2017/02/02 06:48:44.877 [pool-3-thread-4] DEBUG historyDownload - Downloaded file: ANAL\1477398851870.webm 
2017/02/02 06:48:46.802 [pool-3-thread-5] DEBUG historyDownload - Downloaded file: ANAL\anal3.webm 
2017/02/02 06:48:51.026 [pool-3-thread-4] DEBUG historyDownload - Downloaded file: ANAL\anal6.webm 
2017/02/02 06:48:51.060 [pool-3-thread-3] DEBUG historyDownload - Downloaded file: ANAL\anal5.webm 
2017/02/02 06:48:52.544 [pool-3-thread-1] DEBUG historyDownload - Downloaded file: ANAL\anal4.webm 
2017/02/02 06:49:02.006 [pool-3-thread-5] DEBUG historyDownload - Downloaded file: ANAL\anal.webm 
2017/02/02 06:49:03.498 [pool-3-thread-1] DEBUG historyDownload - Downloaded file: ANAL\1479662873796.webm 
2017/02/02 06:49:05.073 [pool-3-thread-3] DEBUG historyDownload - Downloaded file: ANAL\1451080394334.webm 
2017/02/02 06:49:05.657 [pool-3-thread-4] DEBUG historyDownload - Downloaded file: ANAL\1453195642738.webm 
2017/02/02 06:49:11.001 [pool-3-thread-2] DEBUG historyDownload - Downloaded file: ANAL\1458928079644.webm 
2017/02/02 06:49:16.954 [pool-3-thread-4] DEBUG historyDownload - Downloaded file: ANAL\lwsg3_2.webm 
2017/02/02 06:49:17.342 [pool-3-thread-3] DEBUG historyDownload - Downloaded file: ANAL\lwsg3_1.webm 
2017/02/02 06:49:17.803 [pool-3-thread-5] DEBUG historyDownload - Downloaded file: ANAL\1480099600206.webm 
2017/02/02 06:49:24.809 [pool-3-thread-2] DEBUG historyDownload - Downloaded file: ANAL\20151219_212015.webm 
2017/02/02 06:49:28.314 [pool-3-thread-3] DEBUG historyDownload - Downloaded file: ANAL\20151219_212801.webm 
2017/02/02 06:49:30.308 [pool-3-thread-4] DEBUG historyDownload - Downloaded file: ANAL\20151219_212135.webm 
2017/02/02 06:49:31.805 [pool-3-thread-5] DEBUG historyDownload - Downloaded file: ANAL\20151219_213641.webm 
2017/02/02 06:49:35.234 [pool-3-thread-3] DEBUG historyDownload - Downloaded file: ANAL\20151220_211738.webm 
2017/02/02 06:49:35.804 [pool-3-thread-2] DEBUG historyDownload - Downloaded file: ANAL\20151220_211704.webm 
2017/02/02 06:49:39.978 [pool-3-thread-2] DEBUG historyDownload - Downloaded file: ANAL\20151225_121339.webm 
2017/02/02 06:49:40.026 [pool-3-thread-5] DEBUG historyDownload - Downloaded file: ANAL\20151220_212531.webm 
2017/02/02 06:49:42.244 [pool-3-thread-1] DEBUG historyDownload - Downloaded file: ANAL\1482477211474.webm 
2017/02/02 06:49:46.658 [pool-3-thread-5] DEBUG historyDownload - Downloaded file: ANAL\20151225_170708.webm 
2017/02/02 06:49:48.335 [pool-3-thread-3] DEBUG historyDownload - Downloaded file: ANAL\20151220_213545.webm 
2017/02/02 06:49:49.606 [pool-3-thread-2] DEBUG historyDownload - Downloaded file: ANAL\20151225_121439.webm 
2017/02/02 06:49:54.633 [pool-3-thread-3] DEBUG historyDownload - Downloaded file: ANAL\20151225_171140.webm 
2017/02/02 06:49:54.654 [pool-3-thread-1] DEBUG historyDownload - Downloaded file: ANAL\20151225_170747.webm 
2017/02/02 06:49:57.703 [pool-3-thread-4] DEBUG historyDownload - Downloaded file: ANAL\20151220_211919.webm 
2017/02/02 06:50:01.372 [pool-3-thread-5] DEBUG historyDownload - Downloaded file: ANAL\20151225_170932.webm 
2017/02/02 06:50:03.084 [pool-3-thread-3] DEBUG historyDownload - Downloaded file: ANAL\20151225_171327.webm 
2017/02/02 06:50:03.477 [pool-3-thread-2] DEBUG historyDownload - Downloaded file: ANAL\20151225_171245.webm 
2017/02/02 06:50:04.395 [pool-3-thread-1] DEBUG historyDownload - Downloaded file: ANAL\20151225_171719.webm 
2017/02/02 06:50:11.105 [pool-3-thread-4] DEBUG historyDownload - Downloaded file: ANAL\20151225_171818.webm 
2017/02/02 06:50:15.440 [pool-3-thread-3] DEBUG historyDownload - Downloaded file: ANAL\20151225_172106.webm 
2017/02/02 06:50:16.350 [pool-3-thread-5] DEBUG historyDownload - Downloaded file: ANAL\20151225_172026.webm 
2017/02/02 06:50:16.656 [pool-3-thread-1] DEBUG historyDownload - Downloaded file: ANAL\20151225_172931 (1).webm 
2017/02/02 06:50:17.030 [pool-3-thread-2] DEBUG historyDownload - Downloaded file: ANAL\20151225_172931.webm 
2017/02/02 06:50:24.206 [pool-3-thread-4] DEBUG historyDownload - Downloaded file: ANAL\20151225_173118.webm 
2017/02/02 06:50:26.394 [pool-3-thread-3] DEBUG historyDownload - Downloaded file: ANAL\20151225_173118 (1).webm 
2017/02/02 06:50:27.008 [pool-3-thread-5] DEBUG historyDownload - Downloaded file: ANAL\20151225_173326.webm 
2017/02/02 06:50:29.479 [pool-3-thread-2] DEBUG historyDownload - Downloaded file: ANAL\20151225_174656.webm 
2017/02/02 06:50:30.625 [pool-3-thread-1] DEBUG historyDownload - Downloaded file: ANAL\20151225_174623.webm 
2017/02/02 06:50:40.088 [pool-3-thread-4] DEBUG historyDownload - Downloaded file: ANAL\20151225_174733.webm 
2017/02/02 06:50:41.798 [pool-3-thread-3] DEBUG historyDownload - Downloaded file: ANAL\20151225_174733 (1).webm 
2017/02/02 06:50:43.804 [pool-3-thread-2] DEBUG historyDownload - Downloaded file: ANAL\tigersblood.webm 
2017/02/02 06:51:20.798 [pool-3-thread-5] DEBUG historyDownload - Downloaded file: ANAL\nekojansen.webm 
2017/02/02 06:51:58.230 [pool-3-thread-4] DEBUG historyDownload - Downloaded file: God_tier_facials\1413821971857.webm 
2017/02/02 06:52:02.224 [pool-3-thread-3] DEBUG historyDownload - Downloaded file: God_tier_facials\facial.webm 
2017/02/02 06:52:09.468 [pool-3-thread-5] DEBUG historyDownload - Downloaded file: God_tier_facials\1475116000095.webm 
2017/02/02 06:52:10.711 [pool-3-thread-2] DEBUG historyDownload - Downloaded file: God_tier_facials\kennedy leigh.webm 
2017/02/02 06:52:14.165 [pool-3-thread-4] DEBUG historyDownload - Downloaded file: God_tier_facials\riley reid.webm 
2017/02/02 06:52:17.649 [pool-3-thread-3] DEBUG historyDownload - Downloaded file: God_tier_facials\nadwcaugustpreston_cs.webmhd.webm 
2017/02/02 06:52:23.012 [pool-3-thread-5] DEBUG historyDownload - Downloaded file: God_tier_facials\alex tanner tink4k oral2.webm 
2017/02/02 06:52:25.008 [pool-3-thread-4] DEBUG historyDownload - Downloaded file: God_tier_facials\1419430981618.webm 
2017/02/02 06:52:41.448 [pool-3-thread-4] DEBUG historyDownload - Downloaded file: mostly_piss_and_buttholes\woody.webm 
2017/02/02 06:52:41.642 [pool-3-thread-3] DEBUG historyDownload - Downloaded file: mostly_piss_and_buttholes\jeggingspee.webm 
2017/02/02 06:52:56.886 [pool-3-thread-4] DEBUG historyDownload - Downloaded file: mostly_piss_and_buttholes\Denim Shorts over Leggings.webm 
2017/02/02 06:52:58.602 [pool-3-thread-3] DEBUG historyDownload - Downloaded file: mostly_piss_and_buttholes\1484166885999.webm 
2017/02/02 06:53:01.153 [pool-3-thread-1] DEBUG historyDownload - Downloaded file: God_tier_facials\1484840617404.webm 
2017/02/02 06:53:01.823 [pool-3-thread-3] DEBUG historyDownload - Downloaded file: mostly_piss_and_buttholes\1473606551128.webm 
2017/02/02 06:53:07.819 [pool-3-thread-2] DEBUG historyDownload - Downloaded file: God_tier_facials\Tushy.16.03.17.Kinsley.Ed(...).webm 
2017/02/02 06:53:12.982 [pool-3-thread-4] DEBUG historyDownload - Downloaded file: mostly_piss_and_buttholes\1484166913403.webm 
2017/02/02 06:53:13.629 [pool-3-thread-3] DEBUG historyDownload - Downloaded file: People_that_fucking_love_cum.\SM.webm 
2017/02/02 06:53:15.814 [pool-3-thread-1] DEBUG historyDownload - Downloaded file: mostly_piss_and_buttholes\1465532833317.webm 
2017/02/02 06:53:21.961 [pool-3-thread-5] DEBUG historyDownload - Downloaded file: mostly_piss_and_buttholes\Jeggings and Leg Warmers.webm 
2017/02/02 06:53:23.528 [pool-3-thread-2] DEBUG historyDownload - Downloaded file: People_that_fucking_love_cum.\SM2.webm 
2017/02/02 06:53:25.291 [pool-3-thread-4] DEBUG historyDownload - Downloaded file: People_that_fucking_love_cum.\Klixen - POV - Gina.webm 
2017/02/02 06:53:34.810 [pool-3-thread-3] DEBUG historyDownload - Downloaded file: Girls_Finishing\small black cock cumming.webm 
2017/02/02 06:59:52.411 [pool-3-thread-4] DEBUG historyDownload - Downloaded file: ASS_SLAPPING\Stph_Trsh.webm 
2017/02/02 06:59:55.009 [pool-3-thread-3] DEBUG historyDownload - Downloaded file: ASS_SLAPPING\jufd567 rena momozono.webm 
2017/02/02 06:59:57.272 [pool-3-thread-2] DEBUG historyDownload - Downloaded file: ASS_SLAPPING\sandbag3.webm 
2017/02/02 06:59:57.806 [pool-3-thread-1] DEBUG historyDownload - Downloaded file: ASS_SLAPPING\wss126.webm 
2017/02/02 06:59:58.371 [pool-3-thread-5] DEBUG historyDownload - Downloaded file: ASS_SLAPPING\1479749881342.webm 
2017/02/02 07:01:22.790 [pool-3-thread-4] DEBUG historyDownload - Downloaded file: Sluts_sucking_or_fucking_multiple_big__yummy_cocks\Sperm Bank 3.webm 
2017/02/02 07:01:24.032 [pool-3-thread-3] DEBUG historyDownload - Downloaded file: Sluts_sucking_or_fucking_multiple_big__yummy_cocks\asianfuckfaces2d.webm 
2017/02/02 07:06:23.393 [pool-3-thread-2] DEBUG historyDownload - Downloaded file: Upton_of_Kate\kate upton as a nun.jpg 
2017/02/02 07:06:29.598 [pool-3-thread-1] DEBUG historyDownload - Downloaded file: Girls_laying_in_their_stomach\IMG_8146.jpg 
2017/02/02 07:06:29.818 [pool-3-thread-5] DEBUG historyDownload - Downloaded file: Girls_laying_in_their_stomach\13671267_1115648458510262(...).jpg 
2017/02/02 07:06:30.638 [pool-3-thread-4] DEBUG historyDownload - Downloaded file: Girls_laying_in_their_stomach\crossing_legs.jpg 
2017/02/02 07:06:39.389 [pool-3-thread-3] DEBUG historyDownload - Downloaded file: Girls_laying_in_their_stomach\IMG_3020.jpg 
2017/02/02 07:11:17.531 [pool-3-thread-2] DEBUG historyDownload - Downloaded file: Fitness\486046922.jpg 
2017/02/02 07:11:22.102 [pool-3-thread-1] DEBUG historyDownload - Downloaded file: Fitness\1480020406147.png 
2017/02/02 07:30:47.008 [pool-3-thread-4] DEBUG historyDownload - Downloaded file: Sports\Liliana_Fernandez.jpg 
2017/02/02 07:30:48.193 [pool-3-thread-5] DEBUG historyDownload - Downloaded file: Sports\raw_files.jpg 
2017/02/02 17:59:58.869 [pool-3-thread-3] DEBUG historyDownload - Downloaded file: God_tier_facials\1475421695045.webm 
2017/02/02 18:13:50.652 [pool-3-thread-2] DEBUG historyDownload - Downloaded file: Girls_laying_in_their_stomach\1alkfj354.jpg 
2017/02/02 18:18:04.762 [pool-3-thread-4] DEBUG historyDownload - Downloaded file: Fitness\1475965527900.jpg 
2017/02/02 18:18:08.053 [pool-3-thread-1] DEBUG historyDownload - Downloaded file: Fitness\1476212719769.jpg 
