2017/01/31 07:02:58.989 [pool-3-thread-1] DEBUG historyDownload - Downloaded file: ANAL\1458048626705.webm 
2017/01/31 07:03:01.949 [pool-3-thread-2] DEBUG historyDownload - Downloaded file: ANAL\1458049527277.webm 
2017/01/31 07:03:03.736 [pool-3-thread-5] DEBUG historyDownload - Downloaded file: ANAL\1482601827607.webm 
2017/01/31 07:03:05.199 [pool-3-thread-4] DEBUG historyDownload - Downloaded file: ANAL\1482601718735.webm 
2017/01/31 07:03:08.834 [pool-3-thread-3] DEBUG historyDownload - Downloaded file: ANAL\1458432022913.webm 
2017/01/31 07:03:09.360 [pool-3-thread-1] DEBUG historyDownload - Downloaded file: ANAL\1482601910950.webm 
2017/01/31 07:03:10.825 [pool-3-thread-4] DEBUG historyDownload - Downloaded file: ANAL\anafoxxx.webm 
2017/01/31 07:03:13.366 [pool-3-thread-2] DEBUG historyDownload - Downloaded file: ANAL\1482601979459.webm 
2017/01/31 07:03:15.762 [pool-3-thread-5] DEBUG historyDownload - Downloaded file: ANAL\1482602231232.webm 
2017/01/31 07:03:18.444 [pool-3-thread-4] DEBUG historyDownload - Downloaded file: ANAL\spreadass2.webm 
2017/01/31 07:03:22.401 [pool-3-thread-4] DEBUG historyDownload - Downloaded file: ANAL\tumblr_n4ns1gS3i11r3iafjo4_500.gif 
2017/01/31 07:03:22.725 [pool-3-thread-5] DEBUG historyDownload - Downloaded file: ANAL\1485831109633[1].gif 
2017/01/31 07:03:23.939 [pool-3-thread-3] DEBUG historyDownload - Downloaded file: ANAL\Big Ass Kelsi Monroe Doin(...).webm 
2017/01/31 07:03:24.269 [pool-3-thread-1] DEBUG historyDownload - Downloaded file: ANAL\assparade.14.10.06.kelsi.(...).webm 
2017/01/31 07:03:29.382 [pool-3-thread-2] DEBUG historyDownload - Downloaded file: ANAL\anal_2.webm 
2017/01/31 07:03:30.942 [pool-3-thread-4] DEBUG historyDownload - Downloaded file: ANAL\brazzers01.gif 
2017/01/31 07:03:32.139 [pool-3-thread-3] DEBUG historyDownload - Downloaded file: ANAL\kellydevine.gif 
2017/01/31 07:03:35.642 [pool-3-thread-5] DEBUG historyDownload - Downloaded file: ANAL\brazzers02.gif 
2017/01/31 07:03:39.787 [pool-3-thread-2] DEBUG historyDownload - Downloaded file: ANAL\ccccc.webm 
2017/01/31 07:04:03.335 [pool-3-thread-1] DEBUG historyDownload - Downloaded file: ANAL\blackhole sun.webm 
2017/01/31 07:06:05.961 [pool-3-thread-2] DEBUG historyDownload - Downloaded file: reaction_images_from_porn\tfECTDq.gif 
2017/01/31 07:06:06.933 [pool-3-thread-4] DEBUG historyDownload - Downloaded file: reaction_images_from_porn\giphy.gif 
2017/01/31 07:06:08.841 [pool-3-thread-5] DEBUG historyDownload - Downloaded file: reaction_images_from_porn\lWEMHZq.gif 
2017/01/31 07:06:10.143 [pool-3-thread-3] DEBUG historyDownload - Downloaded file: reaction_images_from_porn\hqg-2444.gif 
2017/01/31 07:06:11.579 [pool-3-thread-4] DEBUG historyDownload - Downloaded file: reaction_images_from_porn\tumblr_ojfnopPUHT1tmw2plo1_400.gif 
2017/01/31 07:06:11.924 [pool-3-thread-1] DEBUG historyDownload - Downloaded file: reaction_images_from_porn\YMcmvxV.gif 
2017/01/31 07:06:20.240 [pool-3-thread-2] DEBUG historyDownload - Downloaded file: reaction_images_from_porn\7132.gif 
2017/01/31 07:06:22.784 [pool-3-thread-4] DEBUG historyDownload - Downloaded file: God_tier_facials\1485125109641.webm 
2017/01/31 07:06:24.376 [pool-3-thread-3] DEBUG historyDownload - Downloaded file: God_tier_facials\1485076436335.webm 
2017/01/31 07:06:25.739 [pool-3-thread-5] DEBUG historyDownload - Downloaded file: God_tier_facials\1485124751647.webm 
2017/01/31 07:06:30.517 [pool-3-thread-1] DEBUG historyDownload - Downloaded file: God_tier_facials\1475652784694 cumshot.webm 
2017/01/31 07:06:33.844 [pool-3-thread-5] DEBUG historyDownload - Downloaded file: God_tier_facials\Asian huge Facial while f(...).webm 
2017/01/31 07:06:34.619 [pool-3-thread-2] DEBUG historyDownload - Downloaded file: God_tier_facials\1485071142594.webm 
2017/01/31 07:06:36.559 [pool-3-thread-4] DEBUG historyDownload - Downloaded file: God_tier_facials\Tori Black-Pound Pussy 9.webm 
2017/01/31 07:06:39.946 [pool-3-thread-3] DEBUG historyDownload - Downloaded file: God_tier_facials\Amazing Slomo Facial for (...).webm 
2017/01/31 07:06:44.937 [pool-3-thread-1] DEBUG historyDownload - Downloaded file: God_tier_facials\Blonde Takes huge Peter N(...).webm 
2017/01/31 07:06:46.371 [pool-3-thread-2] DEBUG historyDownload - Downloaded file: God_tier_facials\Cute Girl Peter North Facial.webm 
2017/01/31 07:06:46.408 [pool-3-thread-3] DEBUG historyDownload - Downloaded file: God_tier_facials\Huge Thick Facial for cut(...).webm 
2017/01/31 07:06:48.956 [pool-3-thread-4] DEBUG historyDownload - Downloaded file: God_tier_facials\Huge peter North Load on (...).webm 
2017/01/31 07:06:53.560 [pool-3-thread-1] DEBUG historyDownload - Downloaded file: God_tier_facials\9168-asian-cum-gif.gif 
2017/01/31 07:06:58.594 [pool-3-thread-2] DEBUG historyDownload - Downloaded file: God_tier_facials\1477529060563.webm 
2017/01/31 07:06:59.343 [pool-3-thread-4] DEBUG historyDownload - Downloaded file: God_tier_facials\inmate lets guard jizz on(...).webm 
2017/01/31 07:07:00.669 [pool-3-thread-3] DEBUG historyDownload - Downloaded file: God_tier_facials\1481664068036.webm 
2017/01/31 07:07:06.158 [pool-3-thread-5] DEBUG historyDownload - Downloaded file: God_tier_facials\Cute Asian Teen Facial.webm 
2017/01/31 07:07:08.389 [pool-3-thread-1] DEBUG historyDownload - Downloaded file: God_tier_facials\jembe.webm 
2017/01/31 07:07:11.191 [pool-3-thread-5] DEBUG historyDownload - Downloaded file: God_tier_facials\sj07.webm 
2017/01/31 07:07:13.950 [pool-3-thread-2] DEBUG historyDownload - Downloaded file: God_tier_facials\1458745246847.webm 
2017/01/31 07:07:14.967 [pool-3-thread-3] DEBUG historyDownload - Downloaded file: God_tier_facials\Ann_Darcy_001.webm 
2017/01/31 07:07:15.121 [pool-3-thread-4] DEBUG historyDownload - Downloaded file: God_tier_facials\kacey.webm 
2017/01/31 07:07:21.034 [pool-3-thread-1] DEBUG historyDownload - Downloaded file: God_tier_facials\1473303028882.webm 
2017/01/31 07:07:21.768 [pool-3-thread-3] DEBUG historyDownload - Downloaded file: God_tier_facials\1347785188028.gif 
2017/01/31 07:07:24.172 [pool-3-thread-4] DEBUG historyDownload - Downloaded file: God_tier_facials\008cc9bb03c9b924837bab37d(...).webm 
2017/01/31 07:07:24.758 [pool-3-thread-5] DEBUG historyDownload - Downloaded file: God_tier_facials\1473282439724.webm 
2017/01/31 07:07:29.288 [pool-3-thread-2] DEBUG historyDownload - Downloaded file: God_tier_facials\1473031666216.webm 
2017/01/31 07:07:31.110 [pool-3-thread-1] DEBUG historyDownload - Downloaded file: God_tier_facials\1431850697515.webm 
2017/01/31 07:07:32.725 [pool-3-thread-4] DEBUG historyDownload - Downloaded file: God_tier_facials\Ancient Secrets Of the Ka(...).webm 
2017/01/31 07:07:36.772 [pool-3-thread-5] DEBUG historyDownload - Downloaded file: God_tier_facials\25.webm 
2017/01/31 07:07:41.806 [pool-3-thread-2] DEBUG historyDownload - Downloaded file: God_tier_facials\clipFC1778_1.webm 
2017/01/31 07:07:42.403 [pool-3-thread-5] DEBUG historyDownload - Downloaded file: God_tier_facials\1465001918683.webm 
2017/01/31 07:07:43.938 [pool-3-thread-4] DEBUG historyDownload - Downloaded file: God_tier_facials\EmmaLeighCumPerfection.webm 
2017/01/31 07:07:44.556 [pool-3-thread-1] DEBUG historyDownload - Downloaded file: God_tier_facials\vlc_record_2015_05_15_14h(...).webm 
2017/01/31 07:07:45.188 [pool-3-thread-3] DEBUG historyDownload - Downloaded file: God_tier_facials\Sierra Sanders Handjob.gif 
2017/01/31 07:07:49.740 [pool-3-thread-1] DEBUG historyDownload - Downloaded file: God_tier_facials\Fake Taxi Big Facial.webm 
2017/01/31 07:07:51.731 [pool-3-thread-2] DEBUG historyDownload - Downloaded file: God_tier_facials\cs webm.webm 
2017/01/31 07:07:56.130 [pool-3-thread-1] DEBUG historyDownload - Downloaded file: God_tier_facials\towelfacial1.webm 
2017/01/31 07:07:56.164 [pool-3-thread-5] DEBUG historyDownload - Downloaded file: God_tier_facials\Titjob Facial.webm 
2017/01/31 07:07:58.761 [pool-3-thread-4] DEBUG historyDownload - Downloaded file: God_tier_facials\Amy Anderssen.webm 
2017/01/31 07:08:02.429 [pool-3-thread-3] DEBUG historyDownload - Downloaded file: God_tier_facials\1376562174557.webm 
2017/01/31 07:08:07.782 [pool-3-thread-2] DEBUG historyDownload - Downloaded file: God_tier_facials\1408127140_edit.webm 
2017/01/31 07:08:10.574 [pool-3-thread-1] DEBUG historyDownload - Downloaded file: God_tier_facials\1409101140_edit.webm 
2017/01/31 07:08:12.149 [pool-3-thread-5] DEBUG historyDownload - Downloaded file: God_tier_facials\1412045141_edit.webm 
2017/01/31 07:08:14.143 [pool-3-thread-4] DEBUG historyDownload - Downloaded file: God_tier_facials\1501221150_edit.webm 
2017/01/31 07:08:17.197 [pool-3-thread-3] DEBUG historyDownload - Downloaded file: God_tier_facials\1503132150_edit.webm 
2017/01/31 07:08:22.807 [pool-3-thread-2] DEBUG historyDownload - Downloaded file: God_tier_facials\1505282150_edit.webm 
2017/01/31 07:08:25.054 [pool-3-thread-1] DEBUG historyDownload - Downloaded file: God_tier_facials\1602264160_edit .webm 
2017/01/31 07:08:25.954 [pool-3-thread-5] DEBUG historyDownload - Downloaded file: God_tier_facials\1603027160_edit.webm 
2017/01/31 07:08:28.349 [pool-3-thread-4] DEBUG historyDownload - Downloaded file: God_tier_facials\1603304160_edit.webm 
2017/01/31 07:08:30.532 [pool-3-thread-3] DEBUG historyDownload - Downloaded file: God_tier_facials\1606133160_edit .webm 
2017/01/31 07:08:36.818 [pool-3-thread-4] DEBUG historyDownload - Downloaded file: God_tier_facials\Dillion Harper Covered.webm 
2017/01/31 07:08:36.957 [pool-3-thread-1] DEBUG historyDownload - Downloaded file: God_tier_facials\GTA 3.webm 
2017/01/31 07:08:36.992 [pool-3-thread-5] DEBUG historyDownload - Downloaded file: God_tier_facials\1478604079299.webm 
2017/01/31 07:08:38.565 [pool-3-thread-2] DEBUG historyDownload - Downloaded file: God_tier_facials\1437441139518_edit.webm 
2017/01/31 07:08:40.543 [pool-3-thread-3] DEBUG historyDownload - Downloaded file: God_tier_facials\1450291867284.webm 
2017/01/31 07:08:47.002 [pool-3-thread-1] DEBUG historyDownload - Downloaded file: God_tier_facials\20150813_115744 (convert-(...).webm 
2017/01/31 07:08:49.736 [pool-3-thread-4] DEBUG historyDownload - Downloaded file: God_tier_facials\1428478556017.webm 
2017/01/31 07:08:50.773 [pool-3-thread-5] DEBUG historyDownload - Downloaded file: God_tier_facials\alina_li_inter-3602.gif 
2017/01/31 07:08:54.253 [pool-3-thread-3] DEBUG historyDownload - Downloaded file: God_tier_facials\1001 Facials PBD 14.12.2014 HD.webm 
2017/01/31 07:09:03.327 [pool-3-thread-1] DEBUG historyDownload - Downloaded file: God_tier_facials\1001 Facials PBD Blowjob+(...).webm 
2017/01/31 07:09:10.173 [pool-3-thread-4] DEBUG historyDownload - Downloaded file: God_tier_facials\L350.webm 
2017/01/31 07:09:11.707 [pool-3-thread-5] DEBUG historyDownload - Downloaded file: God_tier_facials\PBD Blowjob 3.2.2010.webm 
2017/01/31 07:09:11.917 [pool-3-thread-3] DEBUG historyDownload - Downloaded file: God_tier_facials\PBD Blowjob 5.9.2008HDv.webm 
2017/01/31 07:09:18.230 [pool-3-thread-1] DEBUG historyDownload - Downloaded file: God_tier_facials\PBD Blowjob 6.9.2007HDv.webm 
2017/01/31 07:09:25.774 [pool-3-thread-5] DEBUG historyDownload - Downloaded file: God_tier_facials\VANESSA BLUE - New Breed #4.webm 
2017/01/31 07:09:25.820 [pool-3-thread-3] DEBUG historyDownload - Downloaded file: God_tier_facials\Vanessa Blue messy facial.webm 
2017/01/31 07:09:37.520 [pool-3-thread-1] DEBUG historyDownload - Downloaded file: God_tier_facials\3 Katie Kox.webm 
2017/01/31 07:09:38.900 [pool-3-thread-2] DEBUG historyDownload - Downloaded file: God_tier_facials\amateur cumshot latina.webm 
2017/01/31 07:09:44.345 [pool-3-thread-3] DEBUG historyDownload - Downloaded file: God_tier_facials\1 Gianna Michaels.webm 
2017/01/31 07:09:47.351 [pool-3-thread-5] DEBUG historyDownload - Downloaded file: God_tier_facials\[HookupHotshot.com] Britt(...).webm 
2017/01/31 07:09:52.793 [pool-3-thread-1] DEBUG historyDownload - Downloaded file: God_tier_facials\04. Gianna Michaels.webm 
2017/01/31 07:09:57.926 [pool-3-thread-2] DEBUG historyDownload - Downloaded file: God_tier_facials\Big Gorgeous Breasts 2.webm 
2017/01/31 07:09:59.746 [pool-3-thread-5] DEBUG historyDownload - Downloaded file: God_tier_facials\Throat Bangers 7.webm 
2017/01/31 07:10:02.166 [pool-3-thread-3] DEBUG historyDownload - Downloaded file: God_tier_facials\Gianna vs Peter North.webm 
2017/01/31 07:10:06.634 [pool-3-thread-3] DEBUG historyDownload - Downloaded file: mostly_piss_and_buttholes\1449101466988.webm 
2017/01/31 07:10:10.191 [pool-3-thread-2] DEBUG historyDownload - Downloaded file: God_tier_facials\excited titfuck.webm 
2017/01/31 07:10:10.779 [pool-3-thread-1] DEBUG historyDownload - Downloaded file: God_tier_facials\Lisa Ann POV Blowjob - Po(...).webm 
2017/01/31 07:10:17.137 [pool-3-thread-3] DEBUG historyDownload - Downloaded file: mostly_piss_and_buttholes\1448347997986.webm 
2017/01/31 07:10:22.956 [pool-3-thread-2] DEBUG historyDownload - Downloaded file: mostly_piss_and_buttholes\1448310410938.webm 
2017/01/31 07:10:30.768 [pool-3-thread-1] DEBUG historyDownload - Downloaded file: mostly_piss_and_buttholes\wink1.webm 
2017/01/31 07:10:33.733 [pool-3-thread-2] DEBUG historyDownload - Downloaded file: mostly_piss_and_buttholes\20151018_234005.webm 
2017/01/31 07:10:40.964 [pool-3-thread-4] DEBUG historyDownload - Downloaded file: God_tier_facials\Sarah.Young.The.Goddess.o(...).webm 
2017/01/31 07:10:45.625 [pool-3-thread-1] DEBUG historyDownload - Downloaded file: mostly_piss_and_buttholes\wink3.webm 
2017/01/31 07:10:51.943 [pool-3-thread-5] DEBUG historyDownload - Downloaded file: God_tier_facials\blonde huge cumshot.webm 
2017/01/31 07:10:53.463 [pool-3-thread-2] DEBUG historyDownload - Downloaded file: mostly_piss_and_buttholes\20151210_003903.webm 
2017/01/31 07:10:57.795 [pool-3-thread-4] DEBUG historyDownload - Downloaded file: mostly_piss_and_buttholes\1479425793361.webm 
2017/01/31 07:11:02.748 [pool-3-thread-2] DEBUG historyDownload - Downloaded file: mostly_piss_and_buttholes\1470757933775.webm 
2017/01/31 07:11:05.825 [pool-3-thread-1] DEBUG historyDownload - Downloaded file: mostly_piss_and_buttholes\1471827871416.webm 
2017/01/31 07:11:06.157 [pool-3-thread-5] DEBUG historyDownload - Downloaded file: mostly_piss_and_buttholes\1470775242756.webm 
2017/01/31 07:11:08.725 [pool-3-thread-4] DEBUG historyDownload - Downloaded file: mostly_piss_and_buttholes\1469438079883.webm 
2017/01/31 07:11:16.728 [pool-3-thread-1] DEBUG historyDownload - Downloaded file: mostly_piss_and_buttholes\1469084474163.webm 
2017/01/31 07:11:17.632 [pool-3-thread-2] DEBUG historyDownload - Downloaded file: mostly_piss_and_buttholes\1469435148541.webm 
2017/01/31 07:11:17.873 [pool-3-thread-5] DEBUG historyDownload - Downloaded file: mostly_piss_and_buttholes\1469084437725.webm 
2017/01/31 07:11:19.951 [pool-3-thread-4] DEBUG historyDownload - Downloaded file: mostly_piss_and_buttholes\1469084406739.webm 
2017/01/31 07:11:26.207 [pool-3-thread-5] DEBUG historyDownload - Downloaded file: mostly_piss_and_buttholes\1455231587451.webm 
2017/01/31 07:11:26.568 [pool-3-thread-3] DEBUG historyDownload - Downloaded file: mostly_piss_and_buttholes\wink2.webm 
2017/01/31 07:11:29.860 [pool-3-thread-1] DEBUG historyDownload - Downloaded file: mostly_piss_and_buttholes\1457584238673.webm 
2017/01/31 07:11:30.530 [pool-3-thread-3] DEBUG historyDownload - Downloaded file: mostly_piss_and_buttholes\1454081535016.webm 
2017/01/31 07:11:31.367 [pool-3-thread-2] DEBUG historyDownload - Downloaded file: mostly_piss_and_buttholes\1456396050780.webm 
2017/01/31 07:11:31.881 [pool-3-thread-4] DEBUG historyDownload - Downloaded file: mostly_piss_and_buttholes\1454544225623.webm 
2017/01/31 07:11:36.943 [pool-3-thread-1] DEBUG historyDownload - Downloaded file: mostly_piss_and_buttholes\1453882333179.webm 
2017/01/31 07:11:43.625 [pool-3-thread-2] DEBUG historyDownload - Downloaded file: mostly_piss_and_buttholes\1453260684280.webm 
2017/01/31 07:11:45.581 [pool-3-thread-4] DEBUG historyDownload - Downloaded file: mostly_piss_and_buttholes\1453030970098.webm 
2017/01/31 07:11:51.525 [pool-3-thread-1] DEBUG historyDownload - Downloaded file: mostly_piss_and_buttholes\1453029197581.webm 
2017/01/31 07:11:54.705 [pool-3-thread-2] DEBUG historyDownload - Downloaded file: mostly_piss_and_buttholes\1452927510170.webm 
2017/01/31 07:11:56.189 [pool-3-thread-1] DEBUG historyDownload - Downloaded file: mostly_piss_and_buttholes\1452442201949.webm 
2017/01/31 07:11:57.003 [pool-3-thread-4] DEBUG historyDownload - Downloaded file: mostly_piss_and_buttholes\1452869736233.webm 
2017/01/31 07:11:57.969 [pool-3-thread-5] DEBUG historyDownload - Downloaded file: mostly_piss_and_buttholes\1454242009267.webm 
2017/01/31 07:12:01.336 [pool-3-thread-3] DEBUG historyDownload - Downloaded file: mostly_piss_and_buttholes\1453341548640.webm 
2017/01/31 07:12:03.732 [pool-3-thread-4] DEBUG historyDownload - Downloaded file: mostly_piss_and_buttholes\1452441807847.webm 
2017/01/31 07:12:06.208 [pool-3-thread-5] DEBUG historyDownload - Downloaded file: mostly_piss_and_buttholes\1452441586685.webm 
2017/01/31 07:12:07.558 [pool-3-thread-2] DEBUG historyDownload - Downloaded file: mostly_piss_and_buttholes\1452442115048.webm 
2017/01/31 07:12:07.589 [pool-3-thread-1] DEBUG historyDownload - Downloaded file: mostly_piss_and_buttholes\1452442033722.webm 
2017/01/31 07:12:10.970 [pool-3-thread-4] DEBUG historyDownload - Downloaded file: mostly_piss_and_buttholes\20150421_212847_18094090251338.webm 
2017/01/31 07:12:12.827 [pool-3-thread-3] DEBUG historyDownload - Downloaded file: mostly_piss_and_buttholes\1452393987154.webm 
2017/01/31 07:12:21.356 [pool-3-thread-5] DEBUG historyDownload - Downloaded file: mostly_piss_and_buttholes\1452393857770.webm 
2017/01/31 07:12:22.439 [pool-3-thread-2] DEBUG historyDownload - Downloaded file: mostly_piss_and_buttholes\1452351124711.webm 
2017/01/31 07:12:23.380 [pool-3-thread-1] DEBUG historyDownload - Downloaded file: mostly_piss_and_buttholes\1452323266940.webm 
2017/01/31 07:12:25.397 [pool-3-thread-4] DEBUG historyDownload - Downloaded file: mostly_piss_and_buttholes\1452322590665.webm 
2017/01/31 07:12:27.931 [pool-3-thread-3] DEBUG historyDownload - Downloaded file: mostly_piss_and_buttholes\1452322488341.webm 
2017/01/31 07:12:28.365 [pool-3-thread-4] DEBUG historyDownload - Downloaded file: mostly_piss_and_buttholes\20150427_210818_207786288(...).webm 
2017/01/31 07:12:29.383 [pool-3-thread-1] DEBUG historyDownload - Downloaded file: mostly_piss_and_buttholes\1413160681924.webm 
2017/01/31 07:12:37.139 [pool-3-thread-5] DEBUG historyDownload - Downloaded file: mostly_piss_and_buttholes\1452322417494.webm 
2017/01/31 07:12:37.385 [pool-3-thread-2] DEBUG historyDownload - Downloaded file: mostly_piss_and_buttholes\1414306642124.webm 
2017/01/31 07:12:38.137 [pool-3-thread-1] DEBUG historyDownload - Downloaded file: mostly_piss_and_buttholes\1476706430380.webm 
2017/01/31 07:12:41.162 [pool-3-thread-3] DEBUG historyDownload - Downloaded file: mostly_piss_and_buttholes\below.webm 
2017/01/31 07:12:43.608 [pool-3-thread-4] DEBUG historyDownload - Downloaded file: mostly_piss_and_buttholes\1455970923162.webm 
2017/01/31 07:12:47.353 [pool-3-thread-5] DEBUG historyDownload - Downloaded file: mostly_piss_and_buttholes\$RIB8BT9.webm 
2017/01/31 07:12:49.282 [pool-3-thread-2] DEBUG historyDownload - Downloaded file: mostly_piss_and_buttholes\drunk.webm 
2017/01/31 07:12:53.182 [pool-3-thread-5] DEBUG historyDownload - Downloaded file: mostly_piss_and_buttholes\1483432570775.webm 
2017/01/31 07:12:56.137 [pool-3-thread-3] DEBUG historyDownload - Downloaded file: mostly_piss_and_buttholes\buisness.webm 
2017/01/31 07:12:56.351 [pool-3-thread-4] DEBUG historyDownload - Downloaded file: mostly_piss_and_buttholes\1483414954751.webm 
2017/01/31 07:13:02.535 [pool-3-thread-5] DEBUG historyDownload - Downloaded file: mostly_piss_and_buttholes\1452466854593.webm 
2017/01/31 07:13:03.187 [pool-3-thread-2] DEBUG historyDownload - Downloaded file: mostly_piss_and_buttholes\1477164784113.webm 
2017/01/31 07:13:05.421 [pool-3-thread-4] DEBUG historyDownload - Downloaded file: mostly_piss_and_buttholes\1410918212780.webm 
2017/01/31 07:13:07.947 [pool-3-thread-3] DEBUG historyDownload - Downloaded file: mostly_piss_and_buttholes\juicy.webm 
2017/01/31 07:13:07.976 [pool-3-thread-1] DEBUG historyDownload - Downloaded file: mostly_piss_and_buttholes\cute.webm 
2017/01/31 07:13:11.145 [pool-3-thread-2] DEBUG historyDownload - Downloaded file: mostly_piss_and_buttholes\1320907637129.gif 
2017/01/31 07:13:14.249 [pool-3-thread-5] DEBUG historyDownload - Downloaded file: mostly_piss_and_buttholes\1422131371969.webm 
2017/01/31 07:13:16.547 [pool-3-thread-4] DEBUG historyDownload - Downloaded file: mostly_piss_and_buttholes\hotkinkyjo.webm 
2017/01/31 07:13:16.583 [pool-3-thread-1] DEBUG historyDownload - Downloaded file: mostly_piss_and_buttholes\1477179364280.webm 
2017/01/31 07:13:17.414 [pool-3-thread-3] DEBUG historyDownload - Downloaded file: mostly_piss_and_buttholes\pinkyslipsinrass.gif 
2017/01/31 07:13:19.752 [pool-3-thread-2] DEBUG historyDownload - Downloaded file: mostly_piss_and_buttholes\1478020570390.webm 
2017/01/31 07:13:28.333 [pool-3-thread-5] DEBUG historyDownload - Downloaded file: mostly_piss_and_buttholes\Triedtoshit.webm 
2017/01/31 07:13:29.995 [pool-3-thread-4] DEBUG historyDownload - Downloaded file: mostly_piss_and_buttholes\povpee..webm 
2017/01/31 07:13:30.740 [pool-3-thread-1] DEBUG historyDownload - Downloaded file: mostly_piss_and_buttholes\JAV_Pantypee.webm 
2017/01/31 07:13:31.730 [pool-3-thread-3] DEBUG historyDownload - Downloaded file: mostly_piss_and_buttholes\skinnyjeans.webm 
2017/01/31 07:13:34.535 [pool-3-thread-2] DEBUG historyDownload - Downloaded file: mostly_piss_and_buttholes\18+.webm 
2017/01/31 07:13:36.764 [pool-3-thread-1] DEBUG historyDownload - Downloaded file: mostly_piss_and_buttholes\power_pee_surprise.webm 
2017/01/31 07:13:42.733 [pool-3-thread-4] DEBUG historyDownload - Downloaded file: mostly_piss_and_buttholes\power_pee_surprise3.webm 
2017/01/31 07:13:42.787 [pool-3-thread-5] DEBUG historyDownload - Downloaded file: mostly_piss_and_buttholes\bath house.webm 
2017/01/31 07:13:45.896 [pool-3-thread-2] DEBUG historyDownload - Downloaded file: mostly_piss_and_buttholes\Spread Teen.webm 
2017/01/31 07:13:47.363 [pool-3-thread-4] DEBUG historyDownload - Downloaded file: mostly_piss_and_buttholes\tumblr_mxgik0RYSB1rome1po(...).gif 
2017/01/31 07:13:51.669 [pool-3-thread-1] DEBUG historyDownload - Downloaded file: mostly_piss_and_buttholes\1474240098278.webm 
2017/01/31 07:13:53.999 [pool-3-thread-2] DEBUG historyDownload - Downloaded file: People_that_fucking_love_cum.\1461562173556.webm 
2017/01/31 07:13:56.574 [pool-3-thread-5] DEBUG historyDownload - Downloaded file: People_that_fucking_love_cum.\PrgiEU9.webm 
2017/01/31 07:14:00.686 [pool-3-thread-4] DEBUG historyDownload - Downloaded file: People_that_fucking_love_cum.\1461589301596.webm 
2017/01/31 07:14:05.187 [pool-3-thread-3] DEBUG historyDownload - Downloaded file: mostly_piss_and_buttholes\moany.webm 
2017/01/31 07:14:05.951 [pool-3-thread-1] DEBUG historyDownload - Downloaded file: People_that_fucking_love_cum.\1461614708182.webm 
2017/01/31 07:14:09.813 [pool-3-thread-2] DEBUG historyDownload - Downloaded file: People_that_fucking_love_cum.\1461615022499.webm 
2017/01/31 07:14:11.282 [pool-3-thread-5] DEBUG historyDownload - Downloaded file: People_that_fucking_love_cum.\1461615090155.webm 
2017/01/31 07:14:14.582 [pool-3-thread-1] DEBUG historyDownload - Downloaded file: People_that_fucking_love_cum.\1461620309142.webm 
2017/01/31 07:14:17.401 [pool-3-thread-4] DEBUG historyDownload - Downloaded file: People_that_fucking_love_cum.\1461615466944.webm 
2017/01/31 07:14:20.158 [pool-3-thread-3] DEBUG historyDownload - Downloaded file: People_that_fucking_love_cum.\1461615644262.webm 
2017/01/31 07:14:24.169 [pool-3-thread-2] DEBUG historyDownload - Downloaded file: People_that_fucking_love_cum.\1461638968912.webm 
2017/01/31 07:14:24.787 [pool-3-thread-5] DEBUG historyDownload - Downloaded file: People_that_fucking_love_cum.\1461639011293.webm 
2017/01/31 07:14:28.945 [pool-3-thread-4] DEBUG historyDownload - Downloaded file: People_that_fucking_love_cum.\1461643180376.webm 
2017/01/31 07:14:30.592 [pool-3-thread-3] DEBUG historyDownload - Downloaded file: People_that_fucking_love_cum.\1461643341464.webm 
2017/01/31 07:14:36.320 [pool-3-thread-2] DEBUG historyDownload - Downloaded file: People_that_fucking_love_cum.\1461981279459.webm 
2017/01/31 07:14:36.738 [pool-3-thread-5] DEBUG historyDownload - Downloaded file: People_that_fucking_love_cum.\1462261943379.webm 
2017/01/31 07:14:36.813 [pool-3-thread-1] DEBUG historyDownload - Downloaded file: People_that_fucking_love_cum.\1461642842356.webm 
2017/01/31 07:14:38.652 [pool-3-thread-3] DEBUG historyDownload - Downloaded file: People_that_fucking_love_cum.\1484775903677.gif 
2017/01/31 07:14:39.155 [pool-3-thread-4] DEBUG historyDownload - Downloaded file: People_that_fucking_love_cum.\1467845875595.webm 
2017/01/31 07:14:44.175 [pool-3-thread-4] DEBUG historyDownload - Downloaded file: People_that_fucking_love_cum.\1475517003918.webm 
2017/01/31 07:14:50.424 [pool-3-thread-2] DEBUG historyDownload - Downloaded file: People_that_fucking_love_cum.\1467846829479.webm 
2017/01/31 07:14:51.540 [pool-3-thread-5] DEBUG historyDownload - Downloaded file: People_that_fucking_love_cum.\1467946158547.webm 
2017/01/31 07:14:52.338 [pool-3-thread-3] DEBUG historyDownload - Downloaded file: People_that_fucking_love_cum.\1471894844302.webm 
2017/01/31 07:14:56.175 [pool-3-thread-1] DEBUG historyDownload - Downloaded file: People_that_fucking_love_cum.\1468586085775.webm 
2017/01/31 07:14:57.354 [pool-3-thread-3] DEBUG historyDownload - Downloaded file: People_that_fucking_love_cum.\gakzuLo.webm 
2017/01/31 07:14:57.542 [pool-3-thread-4] DEBUG historyDownload - Downloaded file: People_that_fucking_love_cum.\1480972799480.webm 
2017/01/31 07:14:57.945 [pool-3-thread-5] DEBUG historyDownload - Downloaded file: People_that_fucking_love_cum.\DistantHorribleAlpaca.webm 
2017/01/31 07:15:02.770 [pool-3-thread-3] DEBUG historyDownload - Downloaded file: People_that_fucking_love_cum.\InfamousThirdHoiho.webm 
2017/01/31 07:15:03.552 [pool-3-thread-1] DEBUG historyDownload - Downloaded file: People_that_fucking_love_cum.\GraciousDarkDodo.webm 
2017/01/31 07:15:06.336 [pool-3-thread-5] DEBUG historyDownload - Downloaded file: People_that_fucking_love_cum.\ThisVacantBrahmancow.webm 
2017/01/31 07:15:06.562 [pool-3-thread-1] DEBUG historyDownload - Downloaded file: People_that_fucking_love_cum.\banderes.gif 
2017/01/31 07:15:13.345 [pool-3-thread-5] DEBUG historyDownload - Downloaded file: People_that_fucking_love_cum.\1480950833508.webm 
2017/01/31 07:15:23.377 [pool-3-thread-1] DEBUG historyDownload - Downloaded file: People_that_fucking_love_cum.\1480599298837.webm 
2017/01/31 07:15:25.782 [pool-3-thread-2] DEBUG historyDownload - Downloaded file: People_that_fucking_love_cum.\CandidDistantBlackrhino.webm 
2017/01/31 07:15:31.338 [pool-3-thread-5] DEBUG historyDownload - Downloaded file: People_that_fucking_love_cum.\amateur cumtini.webm 
2017/01/31 07:15:42.552 [pool-3-thread-2] DEBUG historyDownload - Downloaded file: People_that_fucking_love_cum.\naughty alysha cum dumpster.webm 
2017/01/31 07:15:42.751 [pool-3-thread-1] DEBUG historyDownload - Downloaded file: People_that_fucking_love_cum.\wife crazy dirty nun bonu(...).webm 
2017/01/31 07:15:50.878 [pool-3-thread-5] DEBUG historyDownload - Downloaded file: People_that_fucking_love_cum.\Cute_Redhead_Amateur_Take(...).webm 
2017/01/31 07:15:59.183 [pool-3-thread-4] DEBUG historyDownload - Downloaded file: People_that_fucking_love_cum.\Ky3O7aj.webm 
2017/01/31 07:16:13.997 [pool-3-thread-5] DEBUG historyDownload - Downloaded file: People_that_fucking_love_cum.\cum crossfire.webm 
2017/01/31 07:16:30.441 [pool-3-thread-5] DEBUG historyDownload - Downloaded file: People_that_fucking_love_cum.\26c34f6bcee155da8133236c3(...).gif 
2017/01/31 07:16:38.146 [pool-3-thread-5] DEBUG historyDownload - Downloaded file: People_that_fucking_love_cum.\tumblr_ohoqn1sd4j1ue0rjuo1_400.gif 
2017/01/31 07:16:44.751 [pool-3-thread-3] DEBUG historyDownload - Downloaded file: People_that_fucking_love_cum.\TDawWQj.webm 
2017/01/31 07:16:50.739 [pool-3-thread-4] DEBUG historyDownload - Downloaded file: People_that_fucking_love_cum.\violet monroe licks up th(...).webm 
2017/01/31 07:16:55.632 [pool-3-thread-5] DEBUG historyDownload - Downloaded file: People_that_fucking_love_cum.\redgh65.webm 
2017/01/31 07:16:59.936 [pool-3-thread-3] DEBUG historyDownload - Downloaded file: People_that_fucking_love_cum.\1475631837774.webm 
2017/01/31 07:17:06.490 [pool-3-thread-4] DEBUG historyDownload - Downloaded file: People_that_fucking_love_cum.\ShinoAoi-046-1080p.webm 
2017/01/31 07:17:09.786 [pool-3-thread-5] DEBUG historyDownload - Downloaded file: People_that_fucking_love_cum.\tmp_14354-fledgling cum s(...).webm 
2017/01/31 07:17:10.543 [pool-3-thread-3] DEBUG historyDownload - Downloaded file: People_that_fucking_love_cum.\squiiiirrrrrttteaaever.webm 
2017/01/31 07:17:15.724 [pool-3-thread-2] DEBUG historyDownload - Downloaded file: People_that_fucking_love_cum.\rose black glasses facial(...).webm 
2017/01/31 07:17:18.663 [pool-3-thread-3] DEBUG historyDownload - Downloaded file: People_that_fucking_love_cum.\vj1.webm 
2017/01/31 07:17:20.735 [pool-3-thread-4] DEBUG historyDownload - Downloaded file: People_that_fucking_love_cum.\1462858318174.webm 
2017/01/31 07:17:21.182 [pool-3-thread-5] DEBUG historyDownload - Downloaded file: People_that_fucking_love_cum.\1471808642584[1].webm 
2017/01/31 07:17:28.045 [pool-3-thread-2] DEBUG historyDownload - Downloaded file: People_that_fucking_love_cum.\mm1.webm 
2017/01/31 07:17:28.721 [pool-3-thread-3] DEBUG historyDownload - Downloaded file: People_that_fucking_love_cum.\mi1.webm 
2017/01/31 07:17:31.558 [pool-3-thread-1] DEBUG historyDownload - Downloaded file: People_that_fucking_love_cum.\cum creamer coffee.webm 
2017/01/31 07:17:36.602 [pool-3-thread-5] DEBUG historyDownload - Downloaded file: People_that_fucking_love_cum.\Drunk &amp; Milking His Cum I(...).webm 
2017/01/31 07:17:40.788 [pool-3-thread-2] DEBUG historyDownload - Downloaded file: People_that_fucking_love_cum.\slo mo.webm 
2017/01/31 07:17:41.547 [pool-3-thread-3] DEBUG historyDownload - Downloaded file: People_that_fucking_love_cum.\tmf.gif 
2017/01/31 07:17:42.948 [pool-3-thread-1] DEBUG historyDownload - Downloaded file: People_that_fucking_love_cum.\clrm.webm 
2017/01/31 07:17:45.758 [pool-3-thread-5] DEBUG historyDownload - Downloaded file: People_that_fucking_love_cum.\bang van 6 - katin audrey(...).webm 
2017/01/31 07:17:48.894 [pool-3-thread-4] DEBUG historyDownload - Downloaded file: People_that_fucking_love_cum.\lb1.webm 
2017/01/31 07:17:53.151 [pool-3-thread-2] DEBUG historyDownload - Downloaded file: People_that_fucking_love_cum.\bang van 6 - katin audrey(...).webm 
2017/01/31 07:17:55.794 [pool-3-thread-3] DEBUG historyDownload - Downloaded file: People_that_fucking_love_cum.\bang van 6 - katin audrey(...).webm 
2017/01/31 07:17:57.601 [pool-3-thread-5] DEBUG historyDownload - Downloaded file: People_that_fucking_love_cum.\massive facials 4 - holly(...).webm 
2017/01/31 07:18:01.519 [pool-3-thread-4] DEBUG historyDownload - Downloaded file: People_that_fucking_love_cum.\massive facials 4 - holly(...).webm 
2017/01/31 07:18:01.980 [pool-3-thread-2] DEBUG historyDownload - Downloaded file: People_that_fucking_love_cum.\public.webm 
2017/01/31 07:18:07.614 [pool-3-thread-3] DEBUG historyDownload - Downloaded file: People_that_fucking_love_cum.\9084052a.webm 
2017/01/31 07:18:12.207 [pool-3-thread-5] DEBUG historyDownload - Downloaded file: People_that_fucking_love_cum.\1441653855177.webm 
2017/01/31 07:18:14.181 [pool-3-thread-1] DEBUG historyDownload - Downloaded file: People_that_fucking_love_cum.\cathy heaven - sexy dress up8.webm 
2017/01/31 07:18:15.786 [pool-3-thread-3] DEBUG historyDownload - Downloaded file: People_that_fucking_love_cum.\1485733668064.webm 
2017/01/31 07:18:16.940 [pool-3-thread-2] DEBUG historyDownload - Downloaded file: People_that_fucking_love_cum.\some_say_shes_still_sucki(...).webm 
2017/01/31 07:18:23.826 [pool-3-thread-3] DEBUG historyDownload - Downloaded file: Girls_Finishing\1460850248201.gif 
2017/01/31 07:18:25.734 [pool-3-thread-1] DEBUG historyDownload - Downloaded file: People_that_fucking_love_cum.\9083982a.webm 
2017/01/31 07:18:27.388 [pool-3-thread-4] DEBUG historyDownload - Downloaded file: People_that_fucking_love_cum.\40e1ded10b0fbd1_VP8.webm 
2017/01/31 07:18:28.351 [pool-3-thread-3] DEBUG historyDownload - Downloaded file: Girls_Finishing\blonde.webm 
2017/01/31 07:18:28.357 [pool-3-thread-5] DEBUG historyDownload - Downloaded file: People_that_fucking_love_cum.\1485488493358.webm 
2017/01/31 07:18:29.008 [pool-3-thread-2] DEBUG historyDownload - Downloaded file: Girls_Finishing\avataylor.webm 
2017/01/31 07:18:32.382 [pool-3-thread-4] DEBUG historyDownload - Downloaded file: Girls_Finishing\faketaxi.webm 
2017/01/31 07:18:35.548 [pool-3-thread-3] DEBUG historyDownload - Downloaded file: Girls_Finishing\Cumshot (24).webm 
2017/01/31 07:18:38.190 [pool-3-thread-1] DEBUG historyDownload - Downloaded file: Girls_Finishing\blueangel.webm 
2017/01/31 07:18:39.545 [pool-3-thread-5] DEBUG historyDownload - Downloaded file: Girls_Finishing\Cumshot (63).webm 
2017/01/31 07:18:40.127 [pool-3-thread-3] DEBUG historyDownload - Downloaded file: Girls_Finishing\ferrara.webm 
2017/01/31 07:18:42.212 [pool-3-thread-2] DEBUG historyDownload - Downloaded file: Girls_Finishing\fayedanijensen.webm 
2017/01/31 07:18:45.763 [pool-3-thread-4] DEBUG historyDownload - Downloaded file: Girls_Finishing\Cumshot (89).webm 
2017/01/31 07:18:47.940 [pool-3-thread-3] DEBUG historyDownload - Downloaded file: Girls_Finishing\jadejantzen.webm 
2017/01/31 07:18:49.332 [pool-3-thread-1] DEBUG historyDownload - Downloaded file: Girls_Finishing\Cumshot (146).webm 
2017/01/31 07:18:49.743 [pool-3-thread-5] DEBUG historyDownload - Downloaded file: Girls_Finishing\fullvidpls.webm 
2017/01/31 07:18:54.782 [pool-3-thread-2] DEBUG historyDownload - Downloaded file: Girls_Finishing\heatherbrooke.webm 
2017/01/31 07:19:00.720 [pool-3-thread-5] DEBUG historyDownload - Downloaded file: Girls_Finishing\lexyroxx.webm 
2017/01/31 07:19:00.759 [pool-3-thread-3] DEBUG historyDownload - Downloaded file: Girls_Finishing\krystal.webm 
2017/01/31 07:19:03.183 [pool-3-thread-1] DEBUG historyDownload - Downloaded file: Girls_Finishing\kennedyleigh.webm 
2017/01/31 07:19:06.384 [pool-3-thread-5] DEBUG historyDownload - Downloaded file: Girls_Finishing\src_or_name_pls.webm 
2017/01/31 07:19:08.038 [pool-3-thread-2] DEBUG historyDownload - Downloaded file: Girls_Finishing\1484305240318.webm 
2017/01/31 07:19:14.340 [pool-3-thread-4] DEBUG historyDownload - Downloaded file: Girls_Finishing\jeenilee.webm 
2017/01/31 07:19:15.743 [pool-3-thread-3] DEBUG historyDownload - Downloaded file: Girls_Finishing\verucajames.webm 
2017/01/31 07:19:19.601 [pool-3-thread-2] DEBUG historyDownload - Downloaded file: Girls_Finishing\1474037651752.webm 
2017/01/31 07:19:20.378 [pool-3-thread-4] DEBUG historyDownload - Downloaded file: Girls_Finishing\1469806593492.webm 
2017/01/31 07:19:26.969 [pool-3-thread-3] DEBUG historyDownload - Downloaded file: Girls_Finishing\1470618935243.webm 
2017/01/31 07:19:27.187 [pool-3-thread-4] DEBUG historyDownload - Downloaded file: Girls_Finishing\1465047354039.webm 
2017/01/31 07:19:31.001 [pool-3-thread-2] DEBUG historyDownload - Downloaded file: Girls_Finishing\1464050795351.webm 
2017/01/31 07:19:37.144 [pool-3-thread-2] DEBUG historyDownload - Downloaded file: Girls_Finishing\1441024219087.webm 
2017/01/31 07:19:37.631 [pool-3-thread-1] DEBUG historyDownload - Downloaded file: Girls_Finishing\1464810083568.webm 
2017/01/31 07:19:38.326 [pool-3-thread-4] DEBUG historyDownload - Downloaded file: Girls_Finishing\1457304298234.webm 
2017/01/31 07:19:38.581 [pool-3-thread-5] DEBUG historyDownload - Downloaded file: Girls_Finishing\1462694460636.webm 
2017/01/31 07:19:39.775 [pool-3-thread-3] DEBUG historyDownload - Downloaded file: Girls_Finishing\1484043507713.webm 
2017/01/31 07:19:46.347 [pool-3-thread-1] DEBUG historyDownload - Downloaded file: Girls_Finishing\1483937309371.webm 
2017/01/31 07:19:46.581 [pool-3-thread-5] DEBUG historyDownload - Downloaded file: Girls_Finishing\1451768701813.webm 
2017/01/31 07:19:50.331 [pool-3-thread-2] DEBUG historyDownload - Downloaded file: Girls_Finishing\1461598948389.webm 
2017/01/31 07:19:53.750 [pool-3-thread-4] DEBUG historyDownload - Downloaded file: Girls_Finishing\1452272208039.webm 
2017/01/31 07:19:54.174 [pool-3-thread-3] DEBUG historyDownload - Downloaded file: Girls_Finishing\1460933271367.webm 
2017/01/31 07:20:05.170 [pool-3-thread-2] DEBUG historyDownload - Downloaded file: Girls_Finishing\1462091721944.webm 
2017/01/31 07:20:05.933 [pool-3-thread-3] DEBUG historyDownload - Downloaded file: Girls_Finishing\1461595680276.webm 
2017/01/31 07:20:07.985 [pool-3-thread-4] DEBUG historyDownload - Downloaded file: Girls_Finishing\1464779316907.webm 
2017/01/31 07:20:17.428 [pool-3-thread-3] DEBUG historyDownload - Downloaded file: Girls_Finishing\1462208855638.webm 
2017/01/31 07:20:19.737 [pool-3-thread-2] DEBUG historyDownload - Downloaded file: Girls_Finishing\1464587961966.webm 
2017/01/31 07:20:20.128 [pool-3-thread-1] DEBUG historyDownload - Downloaded file: Girls_Finishing\1473363949418.webm 
2017/01/31 07:20:21.777 [pool-3-thread-5] DEBUG historyDownload - Downloaded file: Girls_Finishing\Cute Jerk to Facial.webm 
2017/01/31 07:20:22.571 [pool-3-thread-4] DEBUG historyDownload - Downloaded file: Girls_Finishing\1462152255519.webm 
2017/01/31 07:20:29.144 [pool-3-thread-1] DEBUG historyDownload - Downloaded file: Girls_Finishing\1440171874652.webm 
2017/01/31 07:20:29.219 [pool-3-thread-5] DEBUG historyDownload - Downloaded file: Girls_Finishing\1440170866136.webm 
2017/01/31 07:20:30.157 [pool-3-thread-4] DEBUG historyDownload - Downloaded file: Girls_Finishing\1461437783756.webm 
2017/01/31 07:20:32.258 [pool-3-thread-3] DEBUG historyDownload - Downloaded file: Girls_Finishing\1462023976737.webm 
2017/01/31 07:20:34.360 [pool-3-thread-5] DEBUG historyDownload - Downloaded file: Girls_Finishing\1462156681788.webm 
2017/01/31 07:20:34.513 [pool-3-thread-2] DEBUG historyDownload - Downloaded file: Girls_Finishing\1468115213792.webm 
2017/01/31 07:20:37.959 [pool-3-thread-4] DEBUG historyDownload - Downloaded file: Girls_Finishing\1441803288117.webm 
2017/01/31 07:20:39.397 [pool-3-thread-5] DEBUG historyDownload - Downloaded file: Girls_Finishing\1450983569764.webm 
2017/01/31 07:20:43.569 [pool-3-thread-3] DEBUG historyDownload - Downloaded file: Girls_Finishing\1416958129394.webm 
2017/01/31 07:20:49.753 [pool-3-thread-2] DEBUG historyDownload - Downloaded file: Girls_Finishing\1462039724225.webm 
2017/01/31 07:20:54.590 [pool-3-thread-5] DEBUG historyDownload - Downloaded file: Girls_Finishing\1462150652521.webm 
2017/01/31 07:20:56.569 [pool-3-thread-2] DEBUG historyDownload - Downloaded file: Girls_Finishing\PetaJensen.webm 
2017/01/31 07:20:57.108 [pool-3-thread-1] DEBUG historyDownload - Downloaded file: Girls_Finishing\1438012062517.webm 
2017/01/31 07:20:58.523 [pool-3-thread-3] DEBUG historyDownload - Downloaded file: Girls_Finishing\Empera finishe the job.webm 
2017/01/31 07:21:01.181 [pool-3-thread-5] DEBUG historyDownload - Downloaded file: Girls_Finishing\polsk.webm 
2017/01/31 07:21:04.519 [pool-3-thread-3] DEBUG historyDownload - Downloaded file: Girls_Finishing\miamalkova.webm 
2017/01/31 07:21:11.747 [pool-3-thread-5] DEBUG historyDownload - Downloaded file: Girls_Finishing\sadies edge tease clips4sale.webm 
2017/01/31 07:21:13.161 [pool-3-thread-4] DEBUG historyDownload - Downloaded file: Girls_Finishing\1468116251143.webm 
2017/01/31 07:21:16.147 [pool-3-thread-3] DEBUG historyDownload - Downloaded file: Girls_Finishing\russian_teen_liza-nasty-a(...).webm 
2017/01/31 07:21:19.247 [pool-3-thread-2] DEBUG historyDownload - Downloaded file: Girls_Finishing\danilia.webm 
2017/01/31 07:21:21.364 [pool-3-thread-1] DEBUG historyDownload - Downloaded file: Girls_Finishing\remylacroix.webm 
2017/01/31 07:21:21.402 [pool-3-thread-3] DEBUG historyDownload - Downloaded file: Girls_Finishing\August James.webm 
2017/01/31 07:21:27.105 [pool-3-thread-5] DEBUG historyDownload - Downloaded file: Girls_Finishing\roxy di.webm 
2017/01/31 07:21:27.727 [pool-3-thread-4] DEBUG historyDownload - Downloaded file: Girls_Finishing\Kennedy Leigh.webm 
2017/01/31 07:21:29.333 [pool-3-thread-3] DEBUG historyDownload - Downloaded file: Girls_Finishing\Angela White.webm 
2017/01/31 07:21:30.102 [pool-3-thread-1] DEBUG historyDownload - Downloaded file: Girls_Finishing\ashlynn cock love.webm 
2017/01/31 07:21:33.147 [pool-3-thread-2] DEBUG historyDownload - Downloaded file: Girls_Finishing\August Ames.webm 
2017/01/31 07:21:44.363 [pool-3-thread-3] DEBUG historyDownload - Downloaded file: Girls_Finishing\cs8.webm 
2017/01/31 07:21:44.749 [pool-3-thread-1] DEBUG historyDownload - Downloaded file: Girls_Finishing\cs24.webm 
2017/01/31 07:21:47.135 [pool-3-thread-2] DEBUG historyDownload - Downloaded file: Girls_Finishing\cs26.webm 
2017/01/31 07:21:48.675 [pool-3-thread-5] DEBUG historyDownload - Downloaded file: Girls_Finishing\tumblr_oeypelGVbk1sytl3wo1_400.gif 
2017/01/31 07:21:48.729 [pool-3-thread-4] DEBUG historyDownload - File not found: Girls_Finishing\cs1.webm 
2017/01/31 07:21:56.345 [pool-3-thread-1] DEBUG historyDownload - Downloaded file: Girls_Finishing\cs53.webm 
2017/01/31 07:21:59.149 [pool-3-thread-3] DEBUG historyDownload - Downloaded file: Girls_Finishing\cs43.webm 
2017/01/31 07:22:01.959 [pool-3-thread-1] DEBUG historyDownload - Downloaded file: Girls_Finishing\1409291180607.webm 
2017/01/31 07:22:03.470 [pool-3-thread-4] DEBUG historyDownload - Downloaded file: Girls_Finishing\My Video1.webm 
2017/01/31 07:22:04.397 [pool-3-thread-5] DEBUG historyDownload - Downloaded file: Girls_Finishing\nasse1.webm 
2017/01/31 07:22:09.919 [pool-3-thread-1] DEBUG historyDownload - Downloaded file: Buttplugs_and_anal_dildos\1483830899551.gif 
2017/01/31 07:22:12.333 [pool-3-thread-5] DEBUG historyDownload - Downloaded file: Buttplugs_and_anal_dildos\rose plug.webm 
2017/01/31 07:22:13.726 [pool-3-thread-3] DEBUG historyDownload - Downloaded file: Girls_Finishing\surprise 31.webm 
2017/01/31 07:22:18.199 [pool-3-thread-4] DEBUG historyDownload - Downloaded file: Buttplugs_and_anal_dildos\F2CB624 .webm 
2017/01/31 07:22:19.219 [pool-3-thread-2] DEBUG historyDownload - Downloaded file: Girls_Finishing\cs54.webm 
2017/01/31 07:22:24.169 [pool-3-thread-1] DEBUG historyDownload - Downloaded file: Buttplugs_and_anal_dildos\grace plug.webm 
2017/01/31 07:22:26.809 [pool-3-thread-2] DEBUG historyDownload - Downloaded file: Sluts_sucking_or_fucking_multiple_big__yummy_cocks\1469727914769.webm 
2017/01/31 07:22:28.795 [pool-3-thread-3] DEBUG historyDownload - Downloaded file: ASS_SLAPPING\1477346351235.webm 
2017/01/31 07:22:30.812 [pool-3-thread-4] DEBUG historyDownload - Downloaded file: ASS_SLAPPING\dvdes856.webm 
2017/01/31 07:22:33.982 [pool-3-thread-4] DEBUG historyDownload - Downloaded file: Sluts_sucking_or_fucking_multiple_big__yummy_cocks\1485745871526.gif 
2017/01/31 07:22:38.348 [pool-3-thread-1] DEBUG historyDownload - Downloaded file: Sluts_sucking_or_fucking_multiple_big__yummy_cocks\1469532394222.webm 
2017/01/31 07:22:39.203 [pool-3-thread-3] DEBUG historyDownload - Downloaded file: Sluts_sucking_or_fucking_multiple_big__yummy_cocks\1469682398270.gif 
2017/01/31 07:22:40.122 [pool-3-thread-2] DEBUG historyDownload - Downloaded file: Sluts_sucking_or_fucking_multiple_big__yummy_cocks\1475626521928.webm 
2017/01/31 07:22:50.489 [pool-3-thread-4] DEBUG historyDownload - Downloaded file: Sluts_sucking_or_fucking_multiple_big__yummy_cocks\1415053004696 gangbang.webm 
2017/01/31 07:22:54.143 [pool-3-thread-5] DEBUG historyDownload - Downloaded file: ASS_SLAPPING\Gangbang-tapping-on-the-ass.gif 
2017/01/31 07:22:54.460 [pool-3-thread-2] DEBUG historyDownload - Downloaded file: Sluts_sucking_or_fucking_multiple_big__yummy_cocks\1455664968822 gangbang, b(...).webm 
2017/01/31 07:23:07.247 [pool-3-thread-4] DEBUG historyDownload - Downloaded file: Sluts_sucking_or_fucking_multiple_big__yummy_cocks\Piper Perri Orgy is the N(...).webm 
2017/01/31 07:23:38.337 [pool-3-thread-1] DEBUG historyDownload - Downloaded file: Sluts_sucking_or_fucking_multiple_big__yummy_cocks\1433833902733 fucking, an(...).webm 
2017/01/31 07:23:45.720 [pool-3-thread-3] DEBUG historyDownload - Downloaded file: Sluts_sucking_or_fucking_multiple_big__yummy_cocks\1444976716582 gangbang, f(...).webm 
2017/01/31 07:27:54.237 [pool-3-thread-5] DEBUG historyDownload - Downloaded file: Upton_of_Kate\kate upton2.jpg 
2017/01/31 07:27:54.650 [pool-3-thread-2] DEBUG historyDownload - Downloaded file: Upton_of_Kate\IMG_0965.jpg 
2017/01/31 07:27:55.257 [pool-3-thread-4] DEBUG historyDownload - Downloaded file: Upton_of_Kate\1462656111957.jpg 
2017/01/31 07:27:59.599 [pool-3-thread-3] DEBUG historyDownload - Downloaded file: Girls_laying_in_their_stomach\1465666310488.jpg 
2017/01/31 07:28:00.127 [pool-3-thread-1] DEBUG historyDownload - Downloaded file: Girls_laying_in_their_stomach\1465295342259.jpg 
2017/01/31 07:28:01.327 [pool-3-thread-2] DEBUG historyDownload - Downloaded file: Girls_laying_in_their_stomach\photo 2-5.jpg 
2017/01/31 07:28:06.333 [pool-3-thread-5] DEBUG historyDownload - Downloaded file: Girls_laying_in_their_stomach\IMG_8578.png 
2017/01/31 07:28:08.157 [pool-3-thread-4] DEBUG historyDownload - Downloaded file: Girls_laying_in_their_stomach\3kErEYI.jpg 
2017/01/31 07:32:23.341 [pool-3-thread-1] DEBUG historyDownload - Downloaded file: Fitness\1475401991998.jpg 
2017/01/31 07:32:23.744 [pool-3-thread-4] DEBUG historyDownload - Downloaded file: Fitness\wAlgYhC.jpg 
2017/01/31 07:32:23.934 [pool-3-thread-2] DEBUG historyDownload - Downloaded file: Fitness\tumblr_mpwp0y5t0W1so41owo(...).jpg 
2017/01/31 07:32:25.978 [pool-3-thread-1] DEBUG historyDownload - Downloaded file: Fitness\jSyIQUe.jpg 
2017/01/31 07:32:26.528 [pool-3-thread-3] DEBUG historyDownload - Downloaded file: Fitness\82035516.jpg 
2017/01/31 07:32:26.575 [pool-3-thread-2] DEBUG historyDownload - Downloaded file: Fitness\IxpEi.jpg 
2017/01/31 07:32:27.118 [pool-3-thread-5] DEBUG historyDownload - Downloaded file: Fitness\1395464657447.jpg 
2017/01/31 07:32:28.763 [pool-3-thread-5] DEBUG historyDownload - Downloaded file: Fitness\K6QFnrW.jpg 
2017/01/31 07:32:29.118 [pool-3-thread-1] DEBUG historyDownload - Downloaded file: Fitness\8.png 
2017/01/31 07:32:31.169 [pool-3-thread-3] DEBUG historyDownload - Downloaded file: Fitness\jwWhaKg.jpg 
2017/01/31 07:32:31.762 [pool-3-thread-2] DEBUG historyDownload - Downloaded file: Fitness\1fe0c65b5639384b0e7fe217a(...).jpg 
2017/01/31 07:32:31.780 [pool-3-thread-1] DEBUG historyDownload - Downloaded file: Fitness\1422299540707.jpg 
2017/01/31 07:32:32.112 [pool-3-thread-4] DEBUG historyDownload - Downloaded file: Fitness\mjnrw9P.jpg 
2017/01/31 07:32:33.123 [pool-3-thread-5] DEBUG historyDownload - Downloaded file: Fitness\1402719219999.jpg 
2017/01/31 07:32:33.158 [pool-3-thread-3] DEBUG historyDownload - Downloaded file: Fitness\1464096608304.jpg 
2017/01/31 07:32:33.941 [pool-3-thread-4] DEBUG historyDownload - Downloaded file: Fitness\122.jpg 
2017/01/31 07:32:35.543 [pool-3-thread-4] DEBUG historyDownload - Downloaded file: Fitness\u6TP6sp3h8D9i3hwfNz7dPFkz(...).jpg 
2017/01/31 07:32:36.939 [pool-3-thread-5] DEBUG historyDownload - Downloaded file: Fitness\1480207049901.jpg 
2017/01/31 07:32:38.557 [pool-3-thread-5] DEBUG historyDownload - Downloaded file: Fitness\12917-10056-1260.jpg 
2017/01/31 07:32:38.736 [pool-3-thread-1] DEBUG historyDownload - Downloaded file: Fitness\Miranda-Kerr-workout-plan.jpg 
2017/01/31 07:32:40.517 [pool-3-thread-2] DEBUG historyDownload - Downloaded file: Fitness\1458882058243.jpg 
2017/01/31 07:32:47.139 [pool-3-thread-4] DEBUG historyDownload - Downloaded file: Fitness\SUSANA SPEARS WORKOUT2.webm 
2017/01/31 07:32:49.185 [pool-3-thread-3] DEBUG historyDownload - Downloaded file: Fitness\528134786.webm 
2017/01/31 07:32:49.721 [pool-3-thread-5] DEBUG historyDownload - Downloaded file: Fitness\23991-23923-10693.webm 
2017/01/31 07:32:55.040 [pool-3-thread-2] DEBUG historyDownload - Downloaded file: Fitness\671968353.webm 
2017/01/31 07:32:56.159 [pool-3-thread-1] DEBUG historyDownload - Downloaded file: Fitness\uu4S2sG.webm 
2017/01/31 07:32:56.571 [pool-3-thread-4] DEBUG historyDownload - Downloaded file: Fitness\710334923.webm 
2017/01/31 07:33:05.525 [pool-3-thread-5] DEBUG historyDownload - Downloaded file: Fitness\Hit8M9Q.webm 
2017/01/31 07:33:09.140 [pool-3-thread-3] DEBUG historyDownload - Downloaded file: Fitness\qT3nn4j.webm 
2017/01/31 07:35:34.324 [pool-3-thread-2] DEBUG historyDownload - Downloaded file: VIDEO_GAMES\kf04.jpg 
2017/01/31 07:47:02.315 [pool-3-thread-1] DEBUG historyDownload - Downloaded file: Sports\Belinda Bencic IOFLD9M.jpg 
2017/01/31 07:47:06.782 [pool-3-thread-5] DEBUG historyDownload - Downloaded file: Sports\Eugenie Bouchards 1484703(...).jpg 
2017/01/31 07:47:12.126 [pool-3-thread-3] DEBUG historyDownload - Downloaded file: Sports\Belinda Bencic RaKyKiNewVYPBid.jpg 
2017/01/31 07:47:12.336 [pool-3-thread-4] DEBUG historyDownload - Downloaded file: Sports\Victoria Azarenka 1465294(...).jpg 
