2017/02/01 00:05:41.347 [pool-3-thread-5] DEBUG historyDownload - Downloaded file: ANAL\gifman_casey_calvert_01.gif 
2017/02/01 00:05:42.074 [pool-3-thread-1] DEBUG historyDownload - Downloaded file: ANAL\bdsmanal.webm 
2017/02/01 00:05:45.247 [pool-3-thread-4] DEBUG historyDownload - Downloaded file: ANAL\blonddoestheanalwork.webm 
2017/02/01 00:05:47.527 [pool-3-thread-3] DEBUG historyDownload - Downloaded file: ANAL\bigwhiteassfuckedslowmo.webm 
2017/02/01 00:05:48.112 [pool-3-thread-5] DEBUG historyDownload - Downloaded file: ANAL\bree olsen bbc.webm 
2017/02/01 00:05:48.287 [pool-3-thread-1] DEBUG historyDownload - Downloaded file: ANAL\big_butt_blonde_gets_degr(...).webm 
2017/02/01 00:05:55.678 [pool-3-thread-2] DEBUG historyDownload - Downloaded file: ANAL\bigtattooedslowanal.webm 
2017/02/01 00:05:59.660 [pool-3-thread-4] DEBUG historyDownload - Downloaded file: ANAL\SugoiPAWGLover_PAWG_Anal_(...).webm 
2017/02/01 00:06:06.156 [pool-3-thread-3] DEBUG historyDownload - Downloaded file: ANAL\Mofos_-_Riania_Belle_take(...).webm 
2017/02/01 00:06:07.361 [pool-3-thread-5] DEBUG historyDownload - Downloaded file: ANAL\it helps if you add clit (...).webm 
2017/02/01 00:07:12.267 [pool-3-thread-1] DEBUG historyDownload - Downloaded file: ANAL\Roxy Raye &amp; Flash Brown -(...).webm 
2017/02/01 00:07:39.291 [pool-3-thread-4] DEBUG historyDownload - Downloaded file: reaction_images_from_porn\image_search_1485906653461.gif 
2017/02/01 00:07:43.613 [pool-3-thread-2] DEBUG historyDownload - Downloaded file: reaction_images_from_porn\heh.gif 
2017/02/01 00:07:59.051 [pool-3-thread-1] DEBUG historyDownload - Downloaded file: God_tier_facials\tenor.gif 
2017/02/01 00:08:09.732 [pool-3-thread-2] DEBUG historyDownload - Downloaded file: God_tier_facials\facial.webm 
2017/02/01 00:08:12.485 [pool-3-thread-4] DEBUG historyDownload - Downloaded file: God_tier_facials\Molly Jane - Batgirl Sees(...).webm 
2017/02/01 00:08:12.518 [pool-3-thread-3] DEBUG historyDownload - Downloaded file: God_tier_facials\pocahontas_jones.gif 
2017/02/01 00:08:15.451 [pool-3-thread-1] DEBUG historyDownload - Downloaded file: God_tier_facials\Naughty Alysha Halloween.webm 
2017/02/01 00:08:18.672 [pool-3-thread-2] DEBUG historyDownload - Downloaded file: God_tier_facials\1483063943514.webm 
2017/02/01 00:08:19.450 [pool-3-thread-5] DEBUG historyDownload - Downloaded file: God_tier_facials\InsignificantSeriousAmeth(...).webm 
2017/02/01 00:08:40.483 [pool-3-thread-3] DEBUG historyDownload - Downloaded file: mostly_piss_and_buttholes\PolishPantyPee_thicc.webm 
2017/02/01 00:08:40.864 [pool-3-thread-2] DEBUG historyDownload - Downloaded file: mostly_piss_and_buttholes\PolishPantyPee_thicc2.webm 
2017/02/01 00:08:41.165 [pool-3-thread-1] DEBUG historyDownload - Downloaded file: mostly_piss_and_buttholes\PolishPantyPee_slim2.webm 
2017/02/01 00:08:41.738 [pool-3-thread-5] DEBUG historyDownload - Downloaded file: mostly_piss_and_buttholes\PolishPantyPee_slim3.webm 
2017/02/01 00:08:44.519 [pool-3-thread-4] DEBUG historyDownload - Downloaded file: mostly_piss_and_buttholes\PolishPantyPee_slim.webm 
2017/02/01 00:08:50.493 [pool-3-thread-1] DEBUG historyDownload - Downloaded file: People_that_fucking_love_cum.\NiftyIncomparableHarvestmen.webm 
2017/02/01 00:08:54.676 [pool-3-thread-5] DEBUG historyDownload - Downloaded file: People_that_fucking_love_cum.\Annette_Schwarz_-_Sperma_(...).webm 
2017/02/01 00:09:17.268 [pool-3-thread-4] DEBUG historyDownload - Downloaded file: Girls_Finishing\cs1.webm 
2017/02/01 00:09:27.110 [pool-3-thread-5] DEBUG historyDownload - Downloaded file: Girls_Finishing\heather_summers.webm 
2017/02/01 00:09:29.073 [pool-3-thread-1] DEBUG historyDownload - Downloaded file: Girls_Finishing\ps.gif 
2017/02/01 00:09:33.667 [pool-3-thread-3] DEBUG historyDownload - Downloaded file: mostly_piss_and_buttholes\PolishPantyPee_thicc3.webm 
2017/02/01 00:09:35.925 [pool-3-thread-2] DEBUG historyDownload - Downloaded file: mostly_piss_and_buttholes\steamy pee.webm 
2017/02/01 00:10:40.254 [pool-3-thread-4] DEBUG historyDownload - Downloaded file: Girls_Finishing\massage jerk.webm 
2017/02/01 00:14:07.902 [pool-3-thread-3] DEBUG historyDownload - Downloaded file: Buttplugs_and_anal_dildos\fetishpixie 23.webm 
2017/02/01 00:14:08.502 [pool-3-thread-1] DEBUG historyDownload - Downloaded file: Buttplugs_and_anal_dildos\spiral glass toy.webm 
2017/02/01 00:14:11.906 [pool-3-thread-5] DEBUG historyDownload - Downloaded file: Buttplugs_and_anal_dildos\sss862015 32.webm 
2017/02/01 00:15:36.050 [pool-3-thread-4] DEBUG historyDownload - Downloaded file: ASS_SLAPPING\inb4 source request.gif 
2017/02/01 00:15:40.318 [pool-3-thread-3] DEBUG historyDownload - Downloaded file: ASS_SLAPPING\1468204681205.webm 
2017/02/01 00:15:41.872 [pool-3-thread-2] DEBUG historyDownload - Downloaded file: ASS_SLAPPING\slavestreet1.webm 
2017/02/01 00:16:35.244 [pool-3-thread-1] DEBUG historyDownload - Downloaded file: Sluts_sucking_or_fucking_multiple_big__yummy_cocks\1465915182436 blowbang.webm 
2017/02/01 00:16:39.750 [pool-3-thread-4] DEBUG historyDownload - Downloaded file: Sluts_sucking_or_fucking_multiple_big__yummy_cocks\1475707209510 public, blowbang.webm 
2017/02/01 00:16:41.679 [pool-3-thread-3] DEBUG historyDownload - Downloaded file: Sluts_sucking_or_fucking_multiple_big__yummy_cocks\1461540297840 gaping, anal, dp.webm 
2017/02/01 00:16:49.658 [pool-3-thread-3] DEBUG historyDownload - Downloaded file: Sluts_sucking_or_fucking_multiple_big__yummy_cocks\1475304770280JadaStevens (...).webm 
2017/02/01 00:16:52.287 [pool-3-thread-4] DEBUG historyDownload - Downloaded file: Sluts_sucking_or_fucking_multiple_big__yummy_cocks\1468722823367 dp, anal.webm 
2017/02/01 00:16:53.060 [pool-3-thread-1] DEBUG historyDownload - Downloaded file: Sluts_sucking_or_fucking_multiple_big__yummy_cocks\1461541229558 dp, anal.webm 
2017/02/01 00:17:03.928 [pool-3-thread-3] DEBUG historyDownload - Downloaded file: Sluts_sucking_or_fucking_multiple_big__yummy_cocks\1465190231559 blowbang.webm 
2017/02/01 00:17:07.521 [pool-3-thread-4] DEBUG historyDownload - Downloaded file: Sluts_sucking_or_fucking_multiple_big__yummy_cocks\1465190682131 blowbang, s(...).webm 
2017/02/01 00:17:07.868 [pool-3-thread-1] DEBUG historyDownload - Downloaded file: Sluts_sucking_or_fucking_multiple_big__yummy_cocks\1465256729448 blowbang, g(...).webm 
2017/02/01 00:17:10.305 [pool-3-thread-4] DEBUG historyDownload - Downloaded file: Sluts_sucking_or_fucking_multiple_big__yummy_cocks\tumblr_o4m5l7BFn41vp8j3so1_250.gif 
2017/02/01 00:17:16.456 [pool-3-thread-3] DEBUG historyDownload - Downloaded file: Sluts_sucking_or_fucking_multiple_big__yummy_cocks\1468159094339.webm 
2017/02/01 00:17:29.282 [pool-3-thread-2] DEBUG historyDownload - Downloaded file: Sluts_sucking_or_fucking_multiple_big__yummy_cocks\1461539754142 anal, dp.webm 
2017/02/01 00:17:51.043 [pool-3-thread-5] DEBUG historyDownload - Downloaded file: Sluts_sucking_or_fucking_multiple_big__yummy_cocks\1466888981538 blowbang.webm 
2017/02/01 00:22:26.857 [pool-3-thread-3] DEBUG historyDownload - Downloaded file: Girls_laying_in_their_stomach\1475096992331.jpg 
2017/02/01 00:22:27.557 [pool-3-thread-1] DEBUG historyDownload - Downloaded file: Girls_laying_in_their_stomach\1464822573283.jpg 
2017/02/01 00:22:27.563 [pool-3-thread-2] DEBUG historyDownload - Downloaded file: Girls_laying_in_their_stomach\IMG_2728.jpg 
2017/02/01 00:22:27.961 [pool-3-thread-4] DEBUG historyDownload - Downloaded file: Girls_laying_in_their_stomach\1466836366986.jpg 
2017/02/01 00:25:53.133 [pool-3-thread-5] DEBUG historyDownload - Downloaded file: Fitness\13397547_1742619809327061(...).jpg 
2017/02/01 00:25:53.350 [pool-3-thread-1] DEBUG historyDownload - Downloaded file: Fitness\838981080.jpg 
2017/02/01 00:25:53.469 [pool-3-thread-3] DEBUG historyDownload - Downloaded file: Fitness\cinderella-landolt-sesil-(...).jpg 
2017/02/01 00:25:55.269 [pool-3-thread-2] DEBUG historyDownload - Downloaded file: Fitness\TalsuVestis_luize4-xl.jpg 
2017/02/01 00:25:57.572 [pool-3-thread-5] DEBUG historyDownload - Downloaded file: Fitness\1QzWwF1.jpg 
2017/02/01 00:26:00.221 [pool-3-thread-4] DEBUG historyDownload - Downloaded file: Fitness\X98uhzk.jpg 
2017/02/01 00:26:12.051 [pool-3-thread-1] DEBUG historyDownload - Downloaded file: Fitness\34.jpg 
2017/02/01 00:29:12.349 [pool-3-thread-5] DEBUG historyDownload - Downloaded file: VIDEO_GAMES\sara_brinsfield_200810140(...).jpg 
2017/02/01 00:29:12.530 [pool-3-thread-4] DEBUG historyDownload - Downloaded file: VIDEO_GAMES\sara_brinsfield_200810140(...).jpg 
2017/02/01 00:29:12.656 [pool-3-thread-3] DEBUG historyDownload - Downloaded file: VIDEO_GAMES\1359547528_beautiful-asia(...).jpg 
2017/02/01 00:29:13.236 [pool-3-thread-2] DEBUG historyDownload - Downloaded file: VIDEO_GAMES\gti4.jpg 
2017/02/01 00:29:13.855 [pool-3-thread-1] DEBUG historyDownload - Downloaded file: VIDEO_GAMES\tumblr_o5hxikHacG1rwfgrco(...).jpg 
2017/02/01 00:29:36.259 [pool-3-thread-5] DEBUG historyDownload - Downloaded file: VIDEO_GAMES\Bonnie-McKee-Bombastic-EP(...).png 
2017/02/01 00:38:27.162 [pool-3-thread-5] DEBUG historyDownload - Downloaded file: Sports\13337005393_b00fe8d1b2_k.jpg 
2017/02/01 00:38:27.457 [pool-3-thread-3] DEBUG historyDownload - Downloaded file: Sports\13337022983_ab89d5b472_k.jpg 
2017/02/01 00:38:27.479 [pool-3-thread-1] DEBUG historyDownload - Downloaded file: Sports\12882601883_0512626236_k.jpg 
2017/02/01 00:38:29.874 [pool-3-thread-2] DEBUG historyDownload - Downloaded file: Sports\12882919965_618d5bbdcd_k.jpg 
2017/02/01 00:38:37.839 [pool-3-thread-4] DEBUG historyDownload - Downloaded file: Sports\9933643.jpg 
