2017/01/26 00:38:22.654 [pool-3-thread-1] DEBUG historyDownload - Downloaded file: Ass\CjfpGYGVAAAP_eS.jpg 
2017/01/26 00:38:23.866 [pool-3-thread-2] DEBUG historyDownload - Downloaded file: Ass\17.jpg 
2017/01/26 00:38:27.251 [pool-3-thread-3] DEBUG historyDownload - Downloaded file: Ass\73.png 
2017/01/26 20:20:53.848 [pool-3-thread-2] DEBUG historyDownload - Downloaded file: Ass\I`ll wait you.jpg 
2017/01/26 20:20:54.212 [pool-3-thread-3] DEBUG historyDownload - Downloaded file: Ass\73326487910.jpg 
2017/01/26 20:20:54.779 [pool-3-thread-4] DEBUG historyDownload - Downloaded file: Ass\image.jpg 
2017/01/26 20:20:56.139 [pool-3-thread-5] DEBUG historyDownload - Downloaded file: Ass\w011.jpg 
2017/01/26 20:21:09.364 [pool-3-thread-1] DEBUG historyDownload - Downloaded file: Ass\0609161838a.jpg 
2017/01/26 20:50:26.005 [pool-3-thread-5] DEBUG historyDownload - Downloaded file: Hentai_Thread__2\clam chowder.webm 
2017/01/26 20:50:26.671 [pool-3-thread-1] DEBUG historyDownload - Downloaded file: Hentai_Thread__2\Natsuyasumi e3p1.webm 
2017/01/26 20:50:27.758 [pool-3-thread-2] DEBUG historyDownload - Downloaded file: Hentai_Thread__2\1483191810374.webm 
2017/01/26 20:50:28.413 [pool-3-thread-3] DEBUG historyDownload - Downloaded file: Hentai_Thread__2\Arisa strapon.webm 
2017/01/26 20:50:28.933 [pool-3-thread-4] DEBUG historyDownload - Downloaded file: Hentai_Thread__2\clam casino.webm 
2017/01/26 20:50:42.747 [pool-3-thread-5] DEBUG historyDownload - Downloaded file: Hentai_Thread__2\Natsuyasumi e3p2.webm 
2017/01/26 20:50:44.164 [pool-3-thread-1] DEBUG historyDownload - Downloaded file: Hentai_Thread__2\1483191853782.webm 
2017/01/26 20:58:20.555 [pool-3-thread-5] DEBUG historyDownload - Downloaded file: ASS_SLAPPING\bbc anal wh.webm 
2017/01/26 20:58:22.755 [pool-3-thread-3] DEBUG historyDownload - Downloaded file: ASS_SLAPPING\spanked punk.webm 
2017/01/26 20:58:24.915 [pool-3-thread-2] DEBUG historyDownload - Downloaded file: ASS_SLAPPING\misti klein doggy.webm 
2017/01/26 20:58:27.643 [pool-3-thread-4] DEBUG historyDownload - Downloaded file: ASS_SLAPPING\1476836067638.webm 
2017/01/26 23:38:31.018 [pool-3-thread-4] DEBUG historyDownload - Downloaded file: Upton_of_Kate\4kate998ev4.jpg 
2017/01/26 23:38:31.210 [pool-3-thread-3] DEBUG historyDownload - Downloaded file: Upton_of_Kate\12_Kate-Upton.jpg 
2017/01/26 23:38:32.111 [pool-3-thread-5] DEBUG historyDownload - Downloaded file: Upton_of_Kate\125579874_images_store_pr(...).jpg 
2017/01/26 23:38:33.104 [pool-3-thread-2] DEBUG historyDownload - Downloaded file: Upton_of_Kate\_e6927e5e_004c_67cb_1d73_(...).jpg 
2017/01/26 23:38:34.408 [pool-3-thread-5] DEBUG historyDownload - Downloaded file: Upton_of_Kate\op44-194187-raw1200.jpg 
2017/01/26 23:38:36.511 [pool-3-thread-2] DEBUG historyDownload - Downloaded file: Upton_of_Kate\1485429608716.jpg 
2017/01/26 23:38:39.249 [pool-3-thread-3] DEBUG historyDownload - Downloaded file: Upton_of_Kate\1485428846306.jpg 
2017/01/26 23:38:39.329 [pool-3-thread-5] DEBUG historyDownload - Downloaded file: Upton_of_Kate\1485430103286.jpg 
2017/01/26 23:38:39.461 [pool-3-thread-2] DEBUG historyDownload - Downloaded file: Upton_of_Kate\kate-upton-bikini.jpg 
2017/01/26 23:38:41.290 [pool-3-thread-2] DEBUG historyDownload - Downloaded file: Upton_of_Kate\op7y-12049-raw1200.jpg 
2017/01/26 23:38:43.151 [pool-3-thread-3] DEBUG historyDownload - Downloaded file: Upton_of_Kate\sUkvrxW.jpg 
2017/01/26 23:38:44.036 [pool-3-thread-5] DEBUG historyDownload - Downloaded file: Upton_of_Kate\kate-upton-toples-see-thr(...).jpg 
2017/01/26 23:38:46.285 [pool-3-thread-1] DEBUG historyDownload - Downloaded file: Upton_of_Kate\1485357400853.jpg 
2017/01/26 23:38:46.519 [pool-3-thread-2] DEBUG historyDownload - Downloaded file: Upton_of_Kate\95af15b8.jpg 
2017/01/26 23:38:47.340 [pool-3-thread-5] DEBUG historyDownload - Downloaded file: Girls_laying_in_their_stomach\1482383013843.jpg 
2017/01/26 23:38:48.542 [pool-3-thread-2] DEBUG historyDownload - Downloaded file: Girls_laying_in_their_stomach\FB_IMG_1485385788315.jpg 
2017/01/26 23:38:55.280 [pool-3-thread-2] DEBUG historyDownload - Downloaded file: Girls_laying_in_their_stomach\1482260927171.jpg 
2017/01/26 23:38:55.539 [pool-3-thread-1] DEBUG historyDownload - Downloaded file: Girls_laying_in_their_stomach\1482289454522.png 
2017/01/26 23:38:56.869 [pool-3-thread-2] DEBUG historyDownload - Downloaded file: Girls_laying_in_their_stomach\IMG-20170116-WA0014.jpg 
2017/01/26 23:38:58.476 [pool-3-thread-2] DEBUG historyDownload - Downloaded file: Girls_laying_in_their_stomach\2gadlk7.jpg 
2017/01/26 23:38:58.863 [pool-3-thread-1] DEBUG historyDownload - Downloaded file: Girls_laying_in_their_stomach\tumblr_mxfyi5DxIL1qeu577o1_500.jpg 
2017/01/26 23:39:00.295 [pool-3-thread-2] DEBUG historyDownload - Downloaded file: Girls_laying_in_their_stomach\[001096].jpg 
2017/01/26 23:39:01.063 [pool-3-thread-1] DEBUG historyDownload - Downloaded file: Girls_laying_in_their_stomach\IMG_20170126_000808.jpg 
2017/01/26 23:39:01.858 [pool-3-thread-4] DEBUG historyDownload - Downloaded file: Upton_of_Kate\1485357711244.jpg 
2017/01/26 23:39:05.288 [pool-3-thread-4] DEBUG historyDownload - Downloaded file: Girls_laying_in_their_stomach\1483763466415.jpg 
2017/01/26 23:39:06.233 [pool-3-thread-2] DEBUG historyDownload - Downloaded file: Girls_laying_in_their_stomach\1474639004057.jpg 
2017/01/26 23:39:07.645 [pool-3-thread-5] DEBUG historyDownload - Downloaded file: Girls_laying_in_their_stomach\1427823124327.jpg 
2017/01/26 23:39:15.098 [pool-3-thread-4] DEBUG historyDownload - Downloaded file: Girls_laying_in_their_stomach\1483765485856.jpg 
2017/01/26 23:39:16.731 [pool-3-thread-4] DEBUG historyDownload - Downloaded file: Rave_EDM_Candy_Girls\tmp_2213-_20170123_092436(...).jpg 
2017/01/26 23:39:18.266 [pool-3-thread-4] DEBUG historyDownload - Downloaded file: Rave_EDM_Candy_Girls\tmp_2213-_20170123_094053(...).jpg 
2017/01/26 23:39:19.973 [pool-3-thread-4] DEBUG historyDownload - Downloaded file: Rave_EDM_Candy_Girls\tmp_2213-_20170123_094156(...).jpg 
2017/01/26 23:39:21.347 [pool-3-thread-4] DEBUG historyDownload - Downloaded file: Rave_EDM_Candy_Girls\tmp_2213-_20170123_094109(...).jpg 
2017/01/26 23:39:22.883 [pool-3-thread-4] DEBUG historyDownload - Downloaded file: Rave_EDM_Candy_Girls\tmp_2213-_20170123_094140(...).jpg 
2017/01/26 23:39:25.107 [pool-3-thread-5] DEBUG historyDownload - Downloaded file: Girls_laying_in_their_stomach\20160810_115724.jpg 
2017/01/26 23:39:26.246 [pool-3-thread-4] DEBUG historyDownload - Downloaded file: Rave_EDM_Candy_Girls\1 (538).jpg 
2017/01/26 23:39:26.841 [pool-3-thread-5] DEBUG historyDownload - Downloaded file: Rave_EDM_Candy_Girls\5047820-music-festival-paint.jpg 
2017/01/26 23:39:28.254 [pool-3-thread-5] DEBUG historyDownload - Downloaded file: Rave_EDM_Candy_Girls\12142064_1507613239532107(...).jpg 
2017/01/26 23:39:29.086 [pool-3-thread-4] DEBUG historyDownload - Downloaded file: Rave_EDM_Candy_Girls\1482768391818.jpg 
2017/01/26 23:39:30.214 [pool-3-thread-3] DEBUG historyDownload - Downloaded file: Girls_laying_in_their_stomach\1481910880660.jpg 
2017/01/26 23:39:32.395 [pool-3-thread-4] DEBUG historyDownload - Downloaded file: Rave_EDM_Candy_Girls\1 (4).jpg 
2017/01/26 23:39:33.049 [pool-3-thread-1] DEBUG historyDownload - Downloaded file: Girls_laying_in_their_stomach\IMG_1080.jpg 
2017/01/26 23:39:33.109 [pool-3-thread-5] DEBUG historyDownload - Downloaded file: Rave_EDM_Candy_Girls\1 (51).jpg 
2017/01/26 23:39:34.692 [pool-3-thread-1] DEBUG historyDownload - Downloaded file: Rave_EDM_Candy_Girls\1477216907728.jpg 
2017/01/26 23:39:34.712 [pool-3-thread-3] DEBUG historyDownload - Downloaded file: Rave_EDM_Candy_Girls\1 (8).jpg 
2017/01/26 23:39:34.727 [pool-3-thread-2] DEBUG historyDownload - Downloaded file: Girls_laying_in_their_stomach\07.jpg 
2017/01/26 23:39:34.921 [pool-3-thread-4] DEBUG historyDownload - Downloaded file: Rave_EDM_Candy_Girls\1 (11).jpg 
2017/01/26 23:39:36.505 [pool-3-thread-1] DEBUG historyDownload - Downloaded file: Rave_EDM_Candy_Girls\EDC-Las-Vegas-hot-girl-1.jpg 
2017/01/26 23:39:37.011 [pool-3-thread-4] DEBUG historyDownload - Downloaded file: Rave_EDM_Candy_Girls\asian_ravers_united (1).jpg 
2017/01/26 23:39:38.808 [pool-3-thread-2] DEBUG historyDownload - Downloaded file: Rave_EDM_Candy_Girls\IMG_0379.jpg 
2017/01/26 23:39:38.875 [pool-3-thread-5] DEBUG historyDownload - Downloaded file: Rave_EDM_Candy_Girls\IMG_3629.jpg 
2017/01/26 23:39:39.465 [pool-3-thread-3] DEBUG historyDownload - Downloaded file: Rave_EDM_Candy_Girls\IMG_3794.jpg 
2017/01/26 23:39:40.713 [pool-3-thread-2] DEBUG historyDownload - Downloaded file: Rave_EDM_Candy_Girls\asian_ravers_united (2).jpg 
2017/01/26 23:39:41.480 [pool-3-thread-3] DEBUG historyDownload - Downloaded file: Rave_EDM_Candy_Girls\1 (22).jpg 
2017/01/26 23:39:42.633 [pool-3-thread-4] DEBUG historyDownload - Downloaded file: Rave_EDM_Candy_Girls\1 (16).jpg 
2017/01/26 23:39:43.857 [pool-3-thread-3] DEBUG historyDownload - Downloaded file: Rave_EDM_Candy_Girls\asian_ravers_united (3).jpg 
2017/01/26 23:39:44.085 [pool-3-thread-5] DEBUG historyDownload - Downloaded file: Rave_EDM_Candy_Girls\1 (18).jpg 
2017/01/26 23:39:45.435 [pool-3-thread-4] DEBUG historyDownload - Downloaded file: Rave_EDM_Candy_Girls\1 (26).jpg 
2017/01/26 23:39:46.269 [pool-3-thread-3] DEBUG historyDownload - Downloaded file: Rave_EDM_Candy_Girls\1 (31).jpg 
2017/01/26 23:39:47.878 [pool-3-thread-2] DEBUG historyDownload - Downloaded file: Rave_EDM_Candy_Girls\kittykay10.jpg 
2017/01/26 23:39:48.056 [pool-3-thread-5] DEBUG historyDownload - Downloaded file: Rave_EDM_Candy_Girls\asian_ravers_united (4).jpg 
2017/01/26 23:39:48.671 [pool-3-thread-4] DEBUG historyDownload - Downloaded file: Rave_EDM_Candy_Girls\1 (32).jpg 
2017/01/26 23:39:52.040 [pool-3-thread-3] DEBUG historyDownload - Downloaded file: Rave_EDM_Candy_Girls\1 (36).jpg 
2017/01/26 23:39:52.347 [pool-3-thread-2] DEBUG historyDownload - Downloaded file: Rave_EDM_Candy_Girls\1 (38).jpg 
2017/01/26 23:39:57.087 [pool-3-thread-2] DEBUG historyDownload - Downloaded file: Rave_EDM_Candy_Girls\1 (46).jpg 
2017/01/26 23:39:58.078 [pool-3-thread-5] DEBUG historyDownload - Downloaded file: Rave_EDM_Candy_Girls\20120811_002146.jpg 
2017/01/26 23:39:58.910 [pool-3-thread-1] DEBUG historyDownload - Downloaded file: Rave_EDM_Candy_Girls\1 (15).jpg 
2017/01/26 23:39:59.828 [pool-3-thread-3] DEBUG historyDownload - Downloaded file: Rave_EDM_Candy_Girls\1 (43).jpg 
2017/01/26 23:40:01.251 [pool-3-thread-5] DEBUG historyDownload - Downloaded file: Rave_EDM_Candy_Girls\1 (49).jpg 
2017/01/26 23:40:03.674 [pool-3-thread-1] DEBUG historyDownload - Downloaded file: Rave_EDM_Candy_Girls\1 (50).jpg 
2017/01/26 23:40:04.099 [pool-3-thread-3] DEBUG historyDownload - Downloaded file: Rave_EDM_Candy_Girls\1 (55).jpg 
2017/01/26 23:40:04.885 [pool-3-thread-5] DEBUG historyDownload - Downloaded file: Rave_EDM_Candy_Girls\1 (66).jpg 
2017/01/26 23:40:06.398 [pool-3-thread-2] DEBUG historyDownload - Downloaded file: Rave_EDM_Candy_Girls\image.png 
2017/01/26 23:40:06.457 [pool-3-thread-3] DEBUG historyDownload - Downloaded file: Rave_EDM_Candy_Girls\1 (78).jpg 
2017/01/26 23:40:07.491 [pool-3-thread-5] DEBUG historyDownload - Downloaded file: Rave_EDM_Candy_Girls\1 (83).jpg 
2017/01/26 23:40:08.252 [pool-3-thread-1] DEBUG historyDownload - Downloaded file: Rave_EDM_Candy_Girls\1 (76).jpg 
2017/01/26 23:40:09.816 [pool-3-thread-2] DEBUG historyDownload - Downloaded file: Rave_EDM_Candy_Girls\1 (100).jpg 
2017/01/26 23:40:12.989 [pool-3-thread-1] DEBUG historyDownload - Downloaded file: Rave_EDM_Candy_Girls\1 (125).jpg 
2017/01/26 23:40:13.261 [pool-3-thread-3] DEBUG historyDownload - Downloaded file: Rave_EDM_Candy_Girls\1 (102).jpg 
2017/01/26 23:40:13.723 [pool-3-thread-5] DEBUG historyDownload - Downloaded file: Rave_EDM_Candy_Girls\1 (111).jpg 
2017/01/26 23:40:14.563 [pool-3-thread-2] DEBUG historyDownload - Downloaded file: Rave_EDM_Candy_Girls\1 (139).jpg 
2017/01/26 23:40:15.099 [pool-3-thread-1] DEBUG historyDownload - Downloaded file: Rave_EDM_Candy_Girls\1 (140).jpg 
2017/01/26 23:40:17.244 [pool-3-thread-4] DEBUG historyDownload - Downloaded file: Rave_EDM_Candy_Girls\20120811_003631.jpg 
2017/01/26 23:41:21.110 [pool-3-thread-4] DEBUG historyDownload - Downloaded file: Fitness\AxLcEcU.jpg 
2017/01/26 23:41:22.546 [pool-3-thread-1] DEBUG historyDownload - Downloaded file: Fitness\BCeV75q.jpg 
2017/01/26 23:41:22.963 [pool-3-thread-3] DEBUG historyDownload - Downloaded file: Fitness\mDWyEFy.jpg 
2017/01/26 23:41:27.235 [pool-3-thread-3] DEBUG historyDownload - Downloaded file: Fitness\1475581713650.jpg 
2017/01/26 23:41:29.311 [pool-3-thread-3] DEBUG historyDownload - Downloaded file: Fitness\tumblr_nlsa7mdA6Q1qjbi2vo(...).jpg 
2017/01/26 23:41:30.659 [pool-3-thread-5] DEBUG historyDownload - Downloaded file: Fitness\HkAOwmr.png 
2017/01/26 23:41:32.271 [pool-3-thread-5] DEBUG historyDownload - Downloaded file: Fitness\1471747800912.jpg 
2017/01/26 23:41:34.082 [pool-3-thread-1] DEBUG historyDownload - Downloaded file: Fitness\1481296455494.jpg 
2017/01/26 23:41:34.394 [pool-3-thread-4] DEBUG historyDownload - Downloaded file: Fitness\1482880648812.jpg 
2017/01/26 23:41:34.464 [pool-3-thread-3] DEBUG historyDownload - Downloaded file: Fitness\1471235717726.jpg 
2017/01/26 23:41:34.834 [pool-3-thread-2] DEBUG historyDownload - Downloaded file: Fitness\Cdhp5rS.jpg 
2017/01/26 23:41:36.271 [pool-3-thread-3] DEBUG historyDownload - Downloaded file: Game_pt_4\1484372404043.jpg 
2017/01/26 23:41:36.534 [pool-3-thread-5] DEBUG historyDownload - Downloaded file: Fitness\PC7JG8C.jpg 
2017/01/26 23:41:36.830 [pool-3-thread-4] DEBUG historyDownload - Downloaded file: Game_pt_4\yarina_a_48744_10.jpg 
2017/01/26 23:41:36.892 [pool-3-thread-1] DEBUG historyDownload - Downloaded file: Game_pt_4\07.jpg 
2017/01/26 23:41:37.455 [pool-3-thread-3] DEBUG historyDownload - Downloaded file: Game_pt_4\tumblr_oft7wpI5cS1trpzu5o.jpg 
2017/01/26 23:41:38.244 [pool-3-thread-2] DEBUG historyDownload - Downloaded file: Game_pt_4\ellena_woods_84009_3.jpg 
2017/01/26 23:41:38.487 [pool-3-thread-4] DEBUG historyDownload - Downloaded file: Game_pt_4\tee_hee_by_rconner-d5r7qrx[1].jpg 
2017/01/26 23:41:38.850 [pool-3-thread-5] DEBUG historyDownload - Downloaded file: Game_pt_4\470_1000.jpg 
2017/01/26 23:41:38.872 [pool-3-thread-1] DEBUG historyDownload - Downloaded file: Game_pt_4\569_1000.jpg 
2017/01/26 23:41:40.499 [pool-3-thread-4] DEBUG historyDownload - Downloaded file: Game_pt_4\1461212175780.jpg 
2017/01/26 23:41:41.470 [pool-3-thread-1] DEBUG historyDownload - Downloaded file: Game_pt_4\Right_2019097417.jpg 
2017/01/26 23:41:44.463 [pool-3-thread-1] DEBUG historyDownload - Downloaded file: Game_pt_4\tumblr_o5no9sdJGd1tp499co(...).jpg 
2017/01/26 23:41:45.737 [pool-3-thread-4] DEBUG historyDownload - Downloaded file: Game_pt_4\sarah-mcdonald-4.jpg 
2017/01/26 23:41:46.003 [pool-3-thread-3] DEBUG historyDownload - Downloaded file: Game_pt_4\1429213543551.jpg 
2017/01/26 23:41:46.547 [pool-3-thread-1] DEBUG historyDownload - Downloaded file: Game_pt_4\IMG_3407.jpg 
2017/01/26 23:41:47.672 [pool-3-thread-2] DEBUG historyDownload - Downloaded file: Game_pt_4\1341477831597.jpg 
2017/01/26 23:41:47.951 [pool-3-thread-5] DEBUG historyDownload - Downloaded file: Game_pt_4\img4bdbcedd1b429.jpg 
2017/01/26 23:41:49.573 [pool-3-thread-2] DEBUG historyDownload - Downloaded file: Game_pt_4\7vhZR.jpg 
2017/01/26 23:41:49.753 [pool-3-thread-1] DEBUG historyDownload - Downloaded file: Game_pt_4\shyla_34500_5.jpg 
2017/01/26 23:41:49.844 [pool-3-thread-5] DEBUG historyDownload - Downloaded file: Game_pt_4\1375984.jpg 
2017/01/26 23:41:50.096 [pool-3-thread-3] DEBUG historyDownload - Downloaded file: Game_pt_4\1384297111898.jpg 
2017/01/26 23:41:51.831 [pool-3-thread-5] DEBUG historyDownload - Downloaded file: Game_pt_4\1482959126300.jpg 
2017/01/26 23:41:52.832 [pool-3-thread-2] DEBUG historyDownload - Downloaded file: Game_pt_4\1444738484_chiksochki.ru_(...).jpg 
2017/01/26 23:41:54.299 [pool-3-thread-3] DEBUG historyDownload - Downloaded file: Game_pt_4\2259.jpg 
2017/01/26 23:41:56.236 [pool-3-thread-2] DEBUG historyDownload - Downloaded file: Game_pt_4\tumblr_m496hjgP6U1rw2651o(...).jpg 
2017/01/26 23:41:56.299 [pool-3-thread-4] DEBUG historyDownload - Downloaded file: Game_pt_4\1483499842752.jpg 
2017/01/26 23:41:56.543 [pool-3-thread-1] DEBUG historyDownload - Downloaded file: Game_pt_4\marina-nagasawa--04379676.jpg 
2017/01/26 23:41:57.705 [pool-3-thread-3] DEBUG historyDownload - Downloaded file: Game_pt_4\10001.jpg 
2017/01/26 23:41:58.734 [pool-3-thread-1] DEBUG historyDownload - Downloaded file: Game_pt_4\xo-gisele-10 (1).jpg 
2017/01/26 23:42:00.098 [pool-3-thread-3] DEBUG historyDownload - Downloaded file: Game_pt_4\5ojuo6-01871ee052674c20a1(...).jpg 
2017/01/26 23:42:01.073 [pool-3-thread-1] DEBUG historyDownload - Downloaded file: Game_pt_4\5oytg9-998ef770ffea47a8ab(...).jpg 
2017/01/26 23:42:03.669 [pool-3-thread-5] DEBUG historyDownload - Downloaded file: Game_pt_4\1 (1).jpg 
2017/01/26 23:42:04.178 [pool-3-thread-1] DEBUG historyDownload - Downloaded file: Game_pt_4\1294473779036.jpg 
2017/01/26 23:42:05.476 [pool-3-thread-2] DEBUG historyDownload - Downloaded file: Game_pt_4\tumblr_oi1bazv8qx1qe750ho(...).jpg 
2017/01/26 23:42:06.092 [pool-3-thread-5] DEBUG historyDownload - Downloaded file: Game_pt_4\JBg9y22.jpg 
2017/01/26 23:42:07.793 [pool-3-thread-2] DEBUG historyDownload - Downloaded file: Game_pt_4\Qimmah Russo0123.jpg 
2017/01/26 23:42:09.142 [pool-3-thread-3] DEBUG historyDownload - Downloaded file: Game_pt_4\em__18.jpg 
2017/01/26 23:42:13.847 [pool-3-thread-3] DEBUG historyDownload - Downloaded file: Game_pt_4\Brunette-Babe-Yuliya-A-wi(...).jpg 
2017/01/26 23:42:16.028 [pool-3-thread-3] DEBUG historyDownload - Downloaded file: Game_pt_4\xh109_1010.jpg 
2017/01/26 23:42:18.045 [pool-3-thread-5] DEBUG historyDownload - Downloaded file: Game_pt_4\6717_14.jpg 
2017/01/26 23:42:20.347 [pool-3-thread-5] DEBUG historyDownload - Downloaded file: Game_pt_4\14.jpg 
2017/01/26 23:42:25.072 [pool-3-thread-4] DEBUG historyDownload - Downloaded file: Game_pt_4\15004.jpg 
2017/01/26 23:42:25.118 [pool-3-thread-5] DEBUG historyDownload - Downloaded file: Game_pt_4\10099.jpg 
2017/01/26 23:42:26.677 [pool-3-thread-5] DEBUG historyDownload - Downloaded file: Game_pt_4\769-515-121-237-5951428.jpg 
2017/01/26 23:42:28.724 [pool-3-thread-5] DEBUG historyDownload - Downloaded file: Game_pt_4\Chanel Heart, Leigh Raven(...).jpg 
2017/01/26 23:42:30.244 [pool-3-thread-2] DEBUG historyDownload - Downloaded file: Game_pt_4\outside and tied 22.jpg 
2017/01/26 23:42:33.514 [pool-3-thread-5] DEBUG historyDownload - Downloaded file: Game_pt_4\IMG_4461.jpg 
2017/01/26 23:42:33.948 [pool-3-thread-3] DEBUG historyDownload - Downloaded file: Game_pt_4\corn trip dd.jpg 
2017/01/26 23:42:34.047 [pool-3-thread-2] DEBUG historyDownload - Downloaded file: Game_pt_4\Gaia Monroe0339.jpg 
2017/01/26 23:42:35.448 [pool-3-thread-2] DEBUG historyDownload - Downloaded file: Game_pt_4\B6qiolUIUAAkHaJ.jpg 
2017/01/26 23:42:36.534 [pool-3-thread-3] DEBUG historyDownload - Downloaded file: Game_pt_4\mia-khalifa-schoolgirl-bu(...).jpg 
2017/01/26 23:42:37.875 [pool-3-thread-2] DEBUG historyDownload - Downloaded file: Game_pt_4\alvinawrestling044.jpg 
2017/01/26 23:42:39.245 [pool-3-thread-1] DEBUG historyDownload - Downloaded file: Game_pt_4\xh825_1000.jpg 
2017/01/26 23:42:39.671 [pool-3-thread-3] DEBUG historyDownload - Downloaded file: Game_pt_4\IMG_3992.jpg 
2017/01/26 23:42:40.898 [pool-3-thread-4] DEBUG historyDownload - Downloaded file: Game_pt_4\IMG_0894.jpg 
2017/01/26 23:42:40.930 [pool-3-thread-2] DEBUG historyDownload - Downloaded file: Game_pt_4\045.jpg 
2017/01/26 23:42:41.043 [pool-3-thread-1] DEBUG historyDownload - Downloaded file: Game_pt_4\652016394_tduid3226_41_12(...).jpg 
2017/01/26 23:42:41.671 [pool-3-thread-3] DEBUG historyDownload - Downloaded file: Game_pt_4\biol80.jpg 
2017/01/26 23:42:42.459 [pool-3-thread-1] DEBUG historyDownload - Downloaded file: Game_pt_4\2825755.jpg 
2017/01/26 23:42:42.479 [pool-3-thread-4] DEBUG historyDownload - Downloaded file: Game_pt_4\a big hairclip1643136884.jpg 
2017/01/26 23:42:42.873 [pool-3-thread-3] DEBUG historyDownload - Downloaded file: Game_pt_4\2825708.jpg 
2017/01/26 23:42:43.045 [pool-3-thread-5] DEBUG historyDownload - Downloaded file: Game_pt_4\5i8pzx-MR82T7y.jpg 
2017/01/26 23:42:43.124 [pool-3-thread-2] DEBUG historyDownload - Downloaded file: Game_pt_4\3tda0z-002-HFp9KJ7.jpg 
2017/01/26 23:42:43.864 [pool-3-thread-4] DEBUG historyDownload - Downloaded file: Game_pt_4\1173731_10152334295432125(...).jpg 
2017/01/26 23:42:44.245 [pool-3-thread-1] DEBUG historyDownload - Downloaded file: Game_pt_4\HBwFpUiO_Pxgen_r_1100xA.jpg 
2017/01/26 23:42:46.281 [pool-3-thread-4] DEBUG historyDownload - Downloaded file: Game_pt_4\1484668068271.jpg 
2017/01/26 23:42:46.452 [pool-3-thread-1] DEBUG historyDownload - Downloaded file: Game_pt_4\14556252525.jpg 
2017/01/26 23:42:47.436 [pool-3-thread-3] DEBUG historyDownload - Downloaded file: Game_pt_4\xamy-lana-011.jpg 
2017/01/26 23:42:49.047 [pool-3-thread-2] DEBUG historyDownload - Downloaded file: Game_pt_4\10.jpg 
2017/01/26 23:42:51.324 [pool-3-thread-3] DEBUG historyDownload - Downloaded file: Game_pt_4\020.jpg 
2017/01/26 23:42:52.587 [pool-3-thread-4] DEBUG historyDownload - Downloaded file: Game_pt_4\1388775212428.jpg 
2017/01/26 23:42:53.232 [pool-3-thread-1] DEBUG historyDownload - Downloaded file: Game_pt_4\Paige-Selenski-U.S.-Natio(...).jpg 
2017/01/26 23:42:54.126 [pool-3-thread-2] DEBUG historyDownload - Downloaded file: Game_pt_4\femjoy_113189_040.jpg 
2017/01/26 23:42:54.910 [pool-3-thread-1] DEBUG historyDownload - Downloaded file: Game_pt_4\1472015254120.jpg 
2017/01/26 23:42:55.065 [pool-3-thread-3] DEBUG historyDownload - Downloaded file: Game_pt_4\11.jpg 
2017/01/26 23:42:56.868 [pool-3-thread-3] DEBUG historyDownload - Downloaded file: Game_pt_4\tagirl_zps3abe69a4.jpg 
2017/01/26 23:42:57.654 [pool-3-thread-2] DEBUG historyDownload - Downloaded file: Game_pt_4\UrodRu20161121plat_31.jpg 
2017/01/26 23:42:59.272 [pool-3-thread-4] DEBUG historyDownload - Downloaded file: Game_pt_4\01.jpg 
2017/01/26 23:42:59.283 [pool-3-thread-2] DEBUG historyDownload - Downloaded file: Game_pt_4\. 0 ..jpg 
2017/01/26 23:43:00.887 [pool-3-thread-4] DEBUG historyDownload - Downloaded file: Game_pt_4\1482495766570.jpg 
2017/01/26 23:43:02.257 [pool-3-thread-2] DEBUG historyDownload - Downloaded file: Game_pt_4\014.JPG.jpg 
2017/01/26 23:43:02.456 [pool-3-thread-4] DEBUG historyDownload - Downloaded file: Game_pt_4\A5o6jtv-248f8b35bb4647c88(...).jpg 
2017/01/26 23:43:04.036 [pool-3-thread-4] DEBUG historyDownload - Downloaded file: Game_pt_4\1484537242670.jpg 
2017/01/26 23:43:04.053 [pool-3-thread-2] DEBUG historyDownload - Downloaded file: Game_pt_4\3424et-004-vrb1JqD.jpg 
2017/01/26 23:43:05.471 [pool-3-thread-5] DEBUG historyDownload - Downloaded file: Game_pt_4\addison109.jpg 
2017/01/26 23:43:06.494 [pool-3-thread-4] DEBUG historyDownload - Downloaded file: Game_pt_4\IMG_4130.jpg 
2017/01/26 23:43:06.844 [pool-3-thread-2] DEBUG historyDownload - Downloaded file: Game_pt_4\2011_05_Sasha_Bonilova_Pl(...).jpg 
2017/01/26 23:43:08.093 [pool-3-thread-5] DEBUG historyDownload - Downloaded file: Game_pt_4\1a287f171720381cc55f98ecf(...).jpg 
2017/01/26 23:43:09.432 [pool-3-thread-4] DEBUG historyDownload - Downloaded file: Game_pt_4\beach-big-tits-bikini-blo(...).jpg 
2017/01/26 23:43:10.663 [pool-3-thread-3] DEBUG historyDownload - Downloaded file: Game_pt_4\BBYsyin.png 
2017/01/26 23:43:12.085 [pool-3-thread-1] DEBUG historyDownload - Downloaded file: Game_pt_4\1951 Earl Theisen LA Marilyn.jpg 
2017/01/26 23:43:12.423 [pool-3-thread-2] DEBUG historyDownload - Downloaded file: Game_pt_4\Undressing_Dasha_high_017.jpg 
2017/01/26 23:43:13.193 [pool-3-thread-4] DEBUG historyDownload - Downloaded file: Game_pt_4\q.jpg 
2017/01/26 23:43:13.460 [pool-3-thread-5] DEBUG historyDownload - Downloaded file: Game_pt_4\6752063265_fac4006616 100_0463.jpg 
2017/01/26 23:43:13.931 [pool-3-thread-1] DEBUG historyDownload - Downloaded file: Game_pt_4\32reum-007-CwRhNy4.jpg 
2017/01/26 23:43:14.453 [pool-3-thread-3] DEBUG historyDownload - Downloaded file: Game_pt_4\2424452.jpg 
2017/01/26 23:43:15.681 [pool-3-thread-5] DEBUG historyDownload - Downloaded file: Game_pt_4\f2.jpg 
2017/01/26 23:43:16.293 [pool-3-thread-4] DEBUG historyDownload - Downloaded file: Game_pt_4\c5dBtuq.jpg 
2017/01/26 23:43:16.907 [pool-3-thread-1] DEBUG historyDownload - Downloaded file: Game_pt_4\o-RIHANNA-900.jpg 
2017/01/26 23:43:17.456 [pool-3-thread-2] DEBUG historyDownload - Downloaded file: Game_pt_4\B5ms22g-001-zOtMrBb.jpg 
2017/01/26 23:43:18.507 [pool-3-thread-1] DEBUG historyDownload - Downloaded file: Game_pt_4\00.jpg 
2017/01/26 23:43:20.044 [pool-3-thread-5] DEBUG historyDownload - Downloaded file: Game_pt_4\luba-hegre-black-tape-17.jpg 
2017/01/26 23:43:20.646 [pool-3-thread-2] DEBUG historyDownload - Downloaded file: Game_pt_4\sexy_lesbians_43.jpg 
2017/01/26 23:43:21.685 [pool-3-thread-4] DEBUG historyDownload - Downloaded file: Game_pt_4\JoyceOliveOil_022307_019xxl.jpg 
2017/01/26 23:43:22.081 [pool-3-thread-2] DEBUG historyDownload - Downloaded file: Game_pt_4\t018-32.jpg 
2017/01/26 23:43:23.484 [pool-3-thread-3] DEBUG historyDownload - Downloaded file: Game_pt_4\luba-shumeyko-hegre.jpg 
2017/01/26 23:43:24.510 [pool-3-thread-5] DEBUG historyDownload - Downloaded file: Game_pt_4\MET-ART_mw_46_0052.jpg 
2017/01/26 23:43:25.055 [pool-3-thread-1] DEBUG historyDownload - Downloaded file: Game_pt_4\Stunning_Small-Breasts_Sh(...).jpg 
2017/01/26 23:43:26.242 [pool-3-thread-2] DEBUG historyDownload - Downloaded file: Game_pt_4\y.jpg 
2017/01/26 23:43:26.836 [pool-3-thread-1] DEBUG historyDownload - Downloaded file: Game_pt_4\17631412.jpg 
2017/01/26 23:43:27.163 [pool-3-thread-3] DEBUG historyDownload - Downloaded file: Game_pt_4\kiu0ZWw.jpg 
2017/01/26 23:43:27.628 [pool-3-thread-5] DEBUG historyDownload - Downloaded file: Game_pt_4\13000.jpg 
2017/01/26 23:43:27.671 [pool-3-thread-4] DEBUG historyDownload - Downloaded file: Game_pt_4\_137.jpg 
2017/01/26 23:43:29.471 [pool-3-thread-4] DEBUG historyDownload - Downloaded file: Game_pt_4\middle002.jpg~original.jpg 
2017/01/26 23:43:29.943 [pool-3-thread-5] DEBUG historyDownload - Downloaded file: Game_pt_4\gallery-1472582043-hdm082(...).jpg 
2017/01/26 23:43:30.840 [pool-3-thread-3] DEBUG historyDownload - Downloaded file: Game_pt_4\matsugane-yoko-475713.jpg 
2017/01/26 23:43:31.043 [pool-3-thread-4] DEBUG historyDownload - Downloaded file: Game_pt_4\000.jpg 
2017/01/26 23:43:33.241 [pool-3-thread-3] DEBUG historyDownload - Downloaded file: Game_pt_4\5kwegx-i.jpg 
2017/01/26 23:43:33.428 [pool-3-thread-1] DEBUG historyDownload - Downloaded file: Game_pt_4\643-799-962-350-5199663.jpg 
2017/01/26 23:43:34.879 [pool-3-thread-5] DEBUG historyDownload - Downloaded file: Game_pt_4\26822P.jpg 
2017/01/26 23:43:38.479 [pool-3-thread-1] DEBUG historyDownload - Downloaded file: Game_pt_4\carme72.jpg 
2017/01/26 23:43:39.871 [pool-3-thread-2] DEBUG historyDownload - Downloaded file: Game_pt_4\d2.jpg 
2017/01/26 23:43:40.072 [pool-3-thread-1] DEBUG historyDownload - Downloaded file: Game_pt_4\half-blonde-half-black.jpg 
2017/01/26 23:43:42.650 [pool-3-thread-2] DEBUG historyDownload - Downloaded file: Game_pt_4\Anya_Zenkova_Polka_Dot_Bi(...).jpg 
2017/01/26 23:43:44.629 [pool-3-thread-4] DEBUG historyDownload - Downloaded file: Game_pt_4\st-raphael-one-piece-thon(...).jpg 
2017/01/26 23:43:45.040 [pool-3-thread-3] DEBUG historyDownload - Downloaded file: Game_pt_4\NoelleEaston04.jpg 
2017/01/26 23:43:46.365 [pool-3-thread-2] DEBUG historyDownload - Downloaded file: Game_pt_4\sabrissefg091913-3_057.jpg 
2017/01/26 23:43:49.052 [pool-3-thread-1] DEBUG historyDownload - Downloaded file: Game_pt_4\1_044.jpg 
2017/01/26 23:43:49.137 [pool-3-thread-5] DEBUG historyDownload - Downloaded file: Game_pt_4\MetArt_Linear_Jenya-D--Li(...).jpg 
2017/01/26 23:43:49.650 [pool-3-thread-2] DEBUG historyDownload - Downloaded file: Game_pt_4\2012_02_Leola_Bell_Playbo(...).jpg 
2017/01/26 23:43:49.927 [pool-3-thread-4] DEBUG historyDownload - Downloaded file: Game_pt_4\amanda_maquellen_604_g.jpg 
2017/01/26 23:43:51.692 [pool-3-thread-2] DEBUG historyDownload - Downloaded file: Game_pt_4\1450067863694.jpg 
2017/01/26 23:43:51.712 [pool-3-thread-1] DEBUG historyDownload - Downloaded file: Game_pt_4\ice.jpg 
2017/01/26 23:43:51.967 [pool-3-thread-4] DEBUG historyDownload - Downloaded file: Game_pt_4\lineups_22.jpg 
2017/01/26 23:43:52.089 [pool-3-thread-5] DEBUG historyDownload - Downloaded file: Game_pt_4\x-art_ophelia_midnight_de(...).jpg 
2017/01/26 23:43:53.895 [pool-3-thread-3] DEBUG historyDownload - Downloaded file: Game_pt_4\80018744_valeriephotographedb.jpg 
2017/01/26 23:43:54.340 [pool-3-thread-1] DEBUG historyDownload - Downloaded file: Game_pt_4\Jordan Carver 05.jpg 
2017/01/26 23:43:55.519 [pool-3-thread-4] DEBUG historyDownload - Downloaded file: Game_pt_4\naaktsportfoto143.jpg 
2017/01/26 23:43:55.651 [pool-3-thread-5] DEBUG historyDownload - Downloaded file: Game_pt_4\1481115392911.jpg 
2017/01/26 23:43:56.622 [pool-3-thread-2] DEBUG historyDownload - Downloaded file: Game_pt_4\QObHRTC.jpg 
2017/01/26 23:43:56.665 [pool-3-thread-3] DEBUG historyDownload - Downloaded file: Game_pt_4\1483370348064.jpg 
2017/01/26 23:43:58.891 [pool-3-thread-1] DEBUG historyDownload - Downloaded file: Game_pt_4\Melanie-Jane-Nude-7.jpg 
2017/01/26 23:44:00.684 [pool-3-thread-3] DEBUG historyDownload - Downloaded file: Game_pt_4\52800_03126_Maria_by_kura(...).jpg 
2017/01/26 23:44:02.658 [pool-3-thread-3] DEBUG historyDownload - Downloaded file: Game_pt_4\sophia_nude_at_the_indoor(...).jpg 
2017/01/26 23:44:04.573 [pool-3-thread-1] DEBUG historyDownload - Downloaded file: Game_pt_4\katia-galitsin-news.jpg 
2017/01/26 23:44:04.874 [pool-3-thread-2] DEBUG historyDownload - Downloaded file: Game_pt_4\image-23.jpg 
2017/01/26 23:44:05.512 [pool-3-thread-5] DEBUG historyDownload - Downloaded file: Game_pt_4\1481686834998.jpg 
2017/01/26 23:44:07.090 [pool-3-thread-1] DEBUG historyDownload - Downloaded file: Game_pt_4\1482333361835.jpg 
2017/01/26 23:44:07.677 [pool-3-thread-5] DEBUG historyDownload - Downloaded file: Game_pt_4\Lira_Galore032.jpg 
2017/01/26 23:44:08.116 [pool-3-thread-2] DEBUG historyDownload - Downloaded file: Game_pt_4\Uhura_distracts_Hikaru_Su(...).jpg 
2017/01/26 23:44:11.628 [pool-3-thread-4] DEBUG historyDownload - Downloaded file: Game_pt_4\1482735944818.jpg 
2017/01/26 23:44:11.849 [pool-3-thread-3] DEBUG historyDownload - Downloaded file: Game_pt_4\44819_img_5073_122_56lo.jpg 
2017/01/26 23:50:57.922 [pool-3-thread-3] DEBUG historyDownload - Downloaded file: Sports\alyraisman-1119-1448035050.jpg 
2017/01/26 23:50:58.736 [pool-3-thread-2] DEBUG historyDownload - Downloaded file: Sports\14529100382_f304aca481_o.jpg 
2017/01/26 23:51:01.025 [pool-3-thread-4] DEBUG historyDownload - Downloaded file: Sports\Aly_Raisman_Rio_2016b.jpg 
2017/01/26 23:51:06.330 [pool-3-thread-4] DEBUG historyDownload - Downloaded file: Sports\mm (10).jpg 
2017/01/26 23:51:06.846 [pool-3-thread-2] DEBUG historyDownload - Downloaded file: Sports\aly (3).jpg 
2017/01/26 23:51:08.763 [pool-3-thread-4] DEBUG historyDownload - Downloaded file: Sports\shawn johnson.jpg 
2017/01/26 23:51:10.251 [pool-3-thread-1] DEBUG historyDownload - Downloaded file: Sports\15697443939_33498ed723_o.jpg 
2017/01/26 23:51:10.513 [pool-3-thread-4] DEBUG historyDownload - Downloaded file: Sports\IMG_1907.jpg 
2017/01/26 23:51:12.846 [pool-3-thread-4] DEBUG historyDownload - Downloaded file: Sports\27143913335_d55aa1e27b_k.jpg 
2017/01/26 23:51:13.292 [pool-3-thread-2] DEBUG historyDownload - Downloaded file: Sports\aly (2).jpg 
2017/01/26 23:51:13.713 [pool-3-thread-5] DEBUG historyDownload - Downloaded file: Sports\14251336535_a99b373441_o.jpg 
2017/01/26 23:51:15.232 [pool-3-thread-1] DEBUG historyDownload - Downloaded file: Sports\1462057216225.jpg 
2017/01/26 23:51:18.834 [pool-3-thread-3] DEBUG historyDownload - Downloaded file: Sports\a2eeec1720a89fe538efedd06(...).jpg 
2017/01/26 23:51:19.063 [pool-3-thread-1] DEBUG historyDownload - Downloaded file: Sports\Hanna-Maria Sepp채l채.jpg 
2017/01/26 23:51:22.280 [pool-3-thread-3] DEBUG historyDownload - Downloaded file: Sports\Hanna-Maria Sepp채l채 2.jpg 
2017/01/26 23:51:25.074 [pool-3-thread-1] DEBUG historyDownload - Downloaded file: Sports\27516999611_59abcec7d1_o.jpg 
2017/01/26 23:51:26.475 [pool-3-thread-3] DEBUG historyDownload - Downloaded file: Sports\zaza13744_pic.jpg 
2017/01/26 23:51:26.659 [pool-3-thread-4] DEBUG historyDownload - Downloaded file: Sports\28198565025_3d566d1356_o.jpg 
2017/01/26 23:51:28.679 [pool-3-thread-1] DEBUG historyDownload - Downloaded file: Sports\at the net.jpg 
2017/01/26 23:51:29.255 [pool-3-thread-3] DEBUG historyDownload - Downloaded file: Sports\1466025871067.jpg 
2017/01/26 23:51:30.630 [pool-3-thread-1] DEBUG historyDownload - Downloaded file: Sports\1456089338439.jpg 
2017/01/26 23:51:31.898 [pool-3-thread-5] DEBUG historyDownload - Downloaded file: Sports\vol2.jpg 
2017/01/26 23:51:33.604 [pool-3-thread-2] DEBUG historyDownload - Downloaded file: Sports\vol3.jpg 
2017/01/26 23:51:37.803 [pool-3-thread-3] DEBUG historyDownload - Downloaded file: Sports\1455105717416.jpg 
2017/01/26 23:51:38.177 [pool-3-thread-4] DEBUG historyDownload - Downloaded file: Sports\1464026315159.jpg 
2017/01/26 23:51:39.506 [pool-3-thread-2] DEBUG historyDownload - Downloaded file: Sports\1456935372809.jpg 
2017/01/26 23:51:40.431 [pool-3-thread-5] DEBUG historyDownload - Downloaded file: Sports\1455743624002.jpg 
2017/01/26 23:51:42.940 [pool-3-thread-3] DEBUG historyDownload - Downloaded file: Sports\1455040885978.jpg 
2017/01/26 23:51:47.276 [pool-3-thread-1] DEBUG historyDownload - Downloaded file: Sports\1455040829573.jpg 
2017/01/26 23:51:47.435 [pool-3-thread-3] DEBUG historyDownload - Downloaded file: Sports\1464423832682.jpg 
2017/01/26 23:51:47.753 [pool-3-thread-5] DEBUG historyDownload - Downloaded file: Sports\1464070008825.jpg 
2017/01/26 23:51:52.062 [pool-3-thread-1] DEBUG historyDownload - Downloaded file: Sports\1479332988357.jpg 
2017/01/26 23:51:53.453 [pool-3-thread-5] DEBUG historyDownload - Downloaded file: Sports\1409250503586.jpg 
2017/01/26 23:51:53.713 [pool-3-thread-4] DEBUG historyDownload - Downloaded file: Sports\1466266151633.jpg 
2017/01/26 23:51:55.830 [pool-3-thread-1] DEBUG historyDownload - Downloaded file: Sports\1464071096749.jpg 
2017/01/26 23:51:57.027 [pool-3-thread-4] DEBUG historyDownload - Downloaded file: Sports\1471451759677.jpg 
2017/01/26 23:52:01.257 [pool-3-thread-2] DEBUG historyDownload - Downloaded file: Sports\1466266052073.jpg 
2017/01/26 23:52:03.466 [pool-3-thread-5] DEBUG historyDownload - Downloaded file: Sports\Maria sharapova thigh UHD sg.jpg 
2017/01/26 23:52:04.358 [pool-3-thread-4] DEBUG historyDownload - Downloaded file: Sports\1470749294764.jpg 
2017/01/26 23:52:06.865 [pool-3-thread-5] DEBUG historyDownload - Downloaded file: Sports\Belinda Bencic Bikini.jpg 
2017/01/26 23:52:07.428 [pool-3-thread-4] DEBUG historyDownload - Downloaded file: Sports\Maria Sharapova Bikini In(...).jpg 
2017/01/26 23:52:08.636 [pool-3-thread-1] DEBUG historyDownload - Downloaded file: Sports\Nips_Julia_Bradbury2.jpg 
2017/01/26 23:52:10.056 [pool-3-thread-3] DEBUG historyDownload - Downloaded file: Sports\1478724604886.jpg 
2017/01/26 23:52:11.107 [pool-3-thread-1] DEBUG historyDownload - Downloaded file: Sports\missy franklin.jpg 
2017/01/26 23:52:11.830 [pool-3-thread-4] DEBUG historyDownload - Downloaded file: Sports\1465560445157.jpg 
2017/01/26 23:52:12.811 [pool-3-thread-5] DEBUG historyDownload - Downloaded file: Sports\1467374967023.jpg 
2017/01/26 23:52:12.858 [pool-3-thread-2] DEBUG historyDownload - Downloaded file: Sports\comment_XwuVEw3kwTBjnVC7q(...).jpg 
2017/01/26 23:52:17.268 [pool-3-thread-1] DEBUG historyDownload - Downloaded file: Sports\16306465819_8aee0b2f2e_o.jpg 
2017/01/26 23:52:19.257 [pool-3-thread-2] DEBUG historyDownload - Downloaded file: Sports\tennis clambake.jpg 
2017/01/26 23:52:19.943 [pool-3-thread-4] DEBUG historyDownload - Downloaded file: Sports\IMG_9373.jpg 
2017/01/26 23:52:20.080 [pool-3-thread-3] DEBUG historyDownload - Downloaded file: Sports\Missy-Franklin-Feet-1127675.jpg 
2017/01/26 23:52:21.925 [pool-3-thread-2] DEBUG historyDownload - Downloaded file: Sports\swimsuit toe.jpg 
2017/01/26 23:52:23.882 [pool-3-thread-5] DEBUG historyDownload - Downloaded file: Sports\swim butte.png 
2017/01/26 23:52:24.650 [pool-3-thread-1] DEBUG historyDownload - Downloaded file: Sports\tennis anyone.jpg 
2017/01/26 23:52:28.239 [pool-3-thread-4] DEBUG historyDownload - Downloaded file: Sports\Antonella_Rios_ (59).jpg 
2017/01/26 23:52:29.055 [pool-3-thread-3] DEBUG historyDownload - Downloaded file: Sports\1482950442799.jpg 
2017/01/26 23:52:33.031 [pool-3-thread-4] DEBUG historyDownload - Downloaded file: Sports\GettyImages-587144780-com(...).jpg 
2017/01/26 23:52:36.636 [pool-3-thread-3] DEBUG historyDownload - Downloaded file: Sports\27463815843_038298e105_o.jpg 
2017/01/26 23:52:39.247 [pool-3-thread-4] DEBUG historyDownload - Downloaded file: Sports\10511808895_588f4d742a_o.jpg 
2017/01/26 23:52:41.126 [pool-3-thread-4] DEBUG historyDownload - Downloaded file: Sports\isabelleforrer.jpg 
2017/01/26 23:52:41.348 [pool-3-thread-3] DEBUG historyDownload - Downloaded file: Sports\14310096417_b96a3797ae_k.jpg 
2017/01/26 23:52:43.086 [pool-3-thread-3] DEBUG historyDownload - Downloaded file: Sports\Aly-Raisman-Sexy_thefappe(...).jpg 
2017/01/26 23:52:45.130 [pool-3-thread-3] DEBUG historyDownload - Downloaded file: Sports\Aly-Raisman-Sexy_thefappe(...).jpg 
2017/01/26 23:52:45.445 [pool-3-thread-4] DEBUG historyDownload - Downloaded file: Sports\15710396092_deb104ab4c_k.jpg 
2017/01/26 23:52:46.688 [pool-3-thread-3] DEBUG historyDownload - Downloaded file: Sports\Aly-Raisman-Sexy_thefappe(...).jpg 
2017/01/26 23:52:47.232 [pool-3-thread-4] DEBUG historyDownload - Downloaded file: Sports\Aly-Raisman-Sexy_thefappe(...).jpg 
2017/01/26 23:52:48.546 [pool-3-thread-3] DEBUG historyDownload - Downloaded file: Sports\Aly-Raisman-Sexy_thefappe(...).jpg 
2017/01/26 23:52:49.046 [pool-3-thread-4] DEBUG historyDownload - Downloaded file: Sports\Aly-Raisman-Sexy_thefappe(...).jpg 
2017/01/26 23:52:51.114 [pool-3-thread-1] DEBUG historyDownload - Downloaded file: Sports\schi3.jpg 
2017/01/26 23:52:52.051 [pool-3-thread-4] DEBUG historyDownload - Downloaded file: Sports\29233145035_757ec252f3_o.jpg 
2017/01/26 23:52:52.672 [pool-3-thread-5] DEBUG historyDownload - Downloaded file: Sports\schi6.jpg 
2017/01/26 23:52:57.299 [pool-3-thread-4] DEBUG historyDownload - Downloaded file: Sports\8775462945_ab9eb3f003_o.jpg 
2017/01/26 23:52:57.442 [pool-3-thread-3] DEBUG historyDownload - Downloaded file: Sports\Aly-Raisman-Sexy_thefappe(...).jpg 
2017/01/26 23:53:00.309 [pool-3-thread-3] DEBUG historyDownload - Downloaded file: Sports\27845095895_87bc96619f_o.jpg 
2017/01/26 23:53:05.262 [pool-3-thread-2] DEBUG historyDownload - Downloaded file: Sports\20664535608_89cbb574f8_o.jpg 
2017/01/26 23:53:05.983 [pool-3-thread-1] DEBUG historyDownload - Downloaded file: Sports\pan.jpg 
2017/01/26 23:53:07.723 [pool-3-thread-4] DEBUG historyDownload - Downloaded file: Sports\schi8.jpg 
2017/01/26 23:53:09.513 [pool-3-thread-3] DEBUG historyDownload - Downloaded file: Sports\28172302890_5dd7c8bdff_o.jpg 
2017/01/26 23:53:10.050 [pool-3-thread-5] DEBUG historyDownload - Downloaded file: Sports\19999541244_f1a69ec970_o.jpg 
2017/01/26 23:53:11.035 [pool-3-thread-4] DEBUG historyDownload - Downloaded file: Sports\8104353146_3e2725b661_o.jpg 
2017/01/26 23:53:18.029 [pool-3-thread-5] DEBUG historyDownload - Downloaded file: Sports\t3_5e38ya.jpg 
2017/01/26 23:53:18.849 [pool-3-thread-3] DEBUG historyDownload - Downloaded file: Sports\20218290642_8ce5088775_o.jpg 
2017/01/26 23:53:19.257 [pool-3-thread-1] DEBUG historyDownload - Downloaded file: Sports\32203203192_1a8b54a07d_o.jpg 
2017/01/26 23:53:23.559 [pool-3-thread-1] DEBUG historyDownload - Downloaded file: Sports\5765931187_ba27fd5415_o.jpg 
2017/01/26 23:53:25.091 [pool-3-thread-4] DEBUG historyDownload - Downloaded file: Sports\8737230596_3595736876_o.jpg 
2017/01/26 23:53:27.020 [pool-3-thread-5] DEBUG historyDownload - Downloaded file: Sports\1441566863090.jpg 
2017/01/26 23:53:29.646 [pool-3-thread-3] DEBUG historyDownload - Downloaded file: Sports\10376513755_a0de23cc24_o.jpg 
2017/01/26 23:53:30.495 [pool-3-thread-2] DEBUG historyDownload - Downloaded file: Sports\vol.jpg 
