2017/01/29 08:18:42.685 [pool-3-thread-2] DEBUG historyDownload - Downloaded file: Hentai_Thread__2\Euphoria Electrification.webm 
2017/01/29 08:27:12.101 [pool-3-thread-5] DEBUG historyDownload - Downloaded file: ASS_SLAPPING\naughty nikita_big-3000_3.webm 
2017/01/29 08:27:15.756 [pool-3-thread-4] DEBUG historyDownload - Downloaded file: ASS_SLAPPING\chayanne amateurswanted6.webm 
2017/01/29 08:27:20.256 [pool-3-thread-1] DEBUG historyDownload - Downloaded file: ASS_SLAPPING\1474589838484.webm 
2017/01/29 08:31:29.662 [pool-3-thread-3] DEBUG historyDownload - Downloaded file: Upton_of_Kate\kate upton2.jpg 
2017/01/29 08:33:37.455 [pool-3-thread-2] DEBUG historyDownload - Downloaded file: Fitness\1460608425866.jpg 
2017/01/29 11:30:07.774 [pool-3-thread-1] DEBUG historyDownload - Downloaded file: reaction_images_from_porn\anna-malle.gif 
2017/01/29 11:30:14.152 [pool-3-thread-1] DEBUG historyDownload - Downloaded file: reaction_images_from_porn\oh yeah.gif 
2017/01/29 11:30:16.357 [pool-3-thread-4] DEBUG historyDownload - Downloaded file: reaction_images_from_porn\reactionpeternorth.gif 
2017/01/29 11:30:16.428 [pool-3-thread-5] DEBUG historyDownload - Downloaded file: reaction_images_from_porn\fuck-this-im-out.gif 
2017/01/29 11:30:16.559 [pool-3-thread-2] DEBUG historyDownload - Downloaded file: reaction_images_from_porn\Ew! Yuck!.gif 
2017/01/29 11:30:20.627 [pool-3-thread-1] DEBUG historyDownload - Downloaded file: reaction_images_from_porn\north.gif 
2017/01/29 11:30:21.360 [pool-3-thread-5] DEBUG historyDownload - Downloaded file: reaction_images_from_porn\Fast.gif 
2017/01/29 11:30:22.434 [pool-3-thread-2] DEBUG historyDownload - Downloaded file: reaction_images_from_porn\14384926.gif 
2017/01/29 11:30:25.003 [pool-3-thread-1] DEBUG historyDownload - Downloaded file: reaction_images_from_porn\Man_Show_Deodorant.webm 
2017/01/29 11:30:30.220 [pool-3-thread-4] DEBUG historyDownload - Downloaded file: reaction_images_from_porn\1485241803847.gif 
2017/01/29 11:30:30.386 [pool-3-thread-2] DEBUG historyDownload - Downloaded file: reaction_images_from_porn\72SfOMY.gif 
2017/01/29 11:30:30.805 [pool-3-thread-3] DEBUG historyDownload - Downloaded file: reaction_images_from_porn\scarecrow-face.gif 
2017/01/29 11:30:33.066 [pool-3-thread-5] DEBUG historyDownload - Downloaded file: reaction_images_from_porn\noomi-rapace.gif 
2017/01/29 11:30:35.819 [pool-3-thread-1] DEBUG historyDownload - Downloaded file: reaction_images_from_porn\1461591555596.webm 
2017/01/29 11:30:41.830 [pool-3-thread-4] DEBUG historyDownload - Downloaded file: reaction_images_from_porn\donovan.gif 
2017/01/29 11:30:41.956 [pool-3-thread-3] DEBUG historyDownload - Downloaded file: reaction_images_from_porn\derp.webm 
2017/01/29 11:30:42.392 [pool-3-thread-1] DEBUG historyDownload - Downloaded file: reaction_images_from_porn\dandy 329.webm 
2017/01/29 11:30:46.554 [pool-3-thread-5] DEBUG historyDownload - Downloaded file: reaction_images_from_porn\EueHkEE.gif 
2017/01/29 11:30:53.238 [pool-3-thread-4] DEBUG historyDownload - Downloaded file: reaction_images_from_porn\WASTED.webm 
2017/01/29 11:30:56.999 [pool-3-thread-1] DEBUG historyDownload - Downloaded file: reaction_images_from_porn\1472737309506.gif 
2017/01/29 11:30:57.353 [pool-3-thread-3] DEBUG historyDownload - Downloaded file: reaction_images_from_porn\Zombies.webm 
2017/01/29 11:31:02.870 [pool-3-thread-2] DEBUG historyDownload - Downloaded file: reaction_images_from_porn\my grandmother had that pot.webm 
2017/01/29 11:31:03.009 [pool-3-thread-5] DEBUG historyDownload - Downloaded file: reaction_images_from_porn\nam.webm 
2017/01/29 11:31:05.010 [pool-3-thread-4] DEBUG historyDownload - Downloaded file: reaction_images_from_porn\ohmy oh my.gif 
2017/01/29 11:31:05.369 [pool-3-thread-3] DEBUG historyDownload - Downloaded file: reaction_images_from_porn\giphy.gif 
2017/01/29 11:31:05.619 [pool-3-thread-2] DEBUG historyDownload - Downloaded file: reaction_images_from_porn\tumblr_liim9eRvuJ1qd6w3xo1_500.gif 
2017/01/29 11:31:07.771 [pool-3-thread-5] DEBUG historyDownload - Downloaded file: reaction_images_from_porn\tumblr_n4teh7zXza1qhonq7o1_500.gif 
2017/01/29 11:31:10.409 [pool-3-thread-1] DEBUG historyDownload - Downloaded file: reaction_images_from_porn\tumblr_nb46fcsvPg1rtmwk6o1_500.gif 
2017/01/29 11:31:10.778 [pool-3-thread-3] DEBUG historyDownload - Downloaded file: reaction_images_from_porn\thisshitagain.gif 
2017/01/29 11:31:11.878 [pool-3-thread-2] DEBUG historyDownload - Downloaded file: reaction_images_from_porn\mcl0TI1.gif 
2017/01/29 11:31:13.424 [pool-3-thread-2] DEBUG historyDownload - Downloaded file: reaction_images_from_porn\1472513230776.webm 
2017/01/29 11:31:16.198 [pool-3-thread-4] DEBUG historyDownload - Downloaded file: reaction_images_from_porn\1473719620695.gif 
2017/01/29 11:31:19.395 [pool-3-thread-1] DEBUG historyDownload - Downloaded file: reaction_images_from_porn\tumblr_inline_ntnvgqhRVE1(...).gif 
2017/01/29 11:31:20.749 [pool-3-thread-5] DEBUG historyDownload - Downloaded file: reaction_images_from_porn\Jammy Ooliva.gif 
2017/01/29 11:31:25.403 [pool-3-thread-3] DEBUG historyDownload - Downloaded file: reaction_images_from_porn\pffftttt.gif 
2017/01/29 11:32:10.413 [pool-3-thread-4] DEBUG historyDownload - Downloaded file: Girls_who_would_demand_you_suck_a_dick_and_you_wou\lucy ass.webm 
2017/01/29 11:32:17.186 [pool-3-thread-3] DEBUG historyDownload - Downloaded file: Girls_who_would_demand_you_suck_a_dick_and_you_wou\lovely lilith tit bounce.webm 
2017/01/29 11:32:20.191 [pool-3-thread-2] DEBUG historyDownload - Downloaded file: Girls_who_would_demand_you_suck_a_dick_and_you_wou\alban ass2.webm 
2017/01/29 11:32:21.068 [pool-3-thread-5] DEBUG historyDownload - Downloaded file: Girls_who_would_demand_you_suck_a_dick_and_you_wou\Selinakyle11.webm 
2017/01/29 11:32:21.166 [pool-3-thread-4] DEBUG historyDownload - Downloaded file: Girls_who_would_demand_you_suck_a_dick_and_you_wou\Lily Ivy.webm 
2017/01/29 11:32:28.225 [pool-3-thread-3] DEBUG historyDownload - Downloaded file: Girls_who_would_demand_you_suck_a_dick_and_you_wou\dime.webm 
2017/01/29 11:32:30.364 [pool-3-thread-2] DEBUG historyDownload - Downloaded file: Girls_who_would_demand_you_suck_a_dick_and_you_wou\ten body.webm 
2017/01/29 11:32:34.399 [pool-3-thread-5] DEBUG historyDownload - Downloaded file: Girls_who_would_demand_you_suck_a_dick_and_you_wou\Gianna Strips.webm 
2017/01/29 11:32:37.362 [pool-3-thread-4] DEBUG historyDownload - Downloaded file: Girls_who_would_demand_you_suck_a_dick_and_you_wou\give me that dick.webm 
2017/01/29 11:32:41.964 [pool-3-thread-4] DEBUG historyDownload - Downloaded file: Girls_who_would_demand_you_suck_a_dick_and_you_wou\rustling.gif 
2017/01/29 11:32:46.426 [pool-3-thread-4] DEBUG historyDownload - Downloaded file: Girls_who_would_demand_you_suck_a_dick_and_you_wou\1421981770784.webm 
2017/01/29 11:32:47.272 [pool-3-thread-3] DEBUG historyDownload - Downloaded file: Girls_who_would_demand_you_suck_a_dick_and_you_wou\Solo ass2mouth.webm 
2017/01/29 11:32:56.133 [pool-3-thread-5] DEBUG historyDownload - Downloaded file: Girls_who_would_demand_you_suck_a_dick_and_you_wou\Eva Lovia popshot.webm 
2017/01/29 11:32:57.603 [pool-3-thread-4] DEBUG historyDownload - Downloaded file: Girls_who_would_demand_you_suck_a_dick_and_you_wou\1422467363579.webm 
2017/01/29 11:33:05.828 [pool-3-thread-5] DEBUG historyDownload - Downloaded file: Girls_who_would_demand_you_suck_a_dick_and_you_wou\1421406780151.webm 
2017/01/29 11:33:06.165 [pool-3-thread-3] DEBUG historyDownload - Downloaded file: Girls_who_would_demand_you_suck_a_dick_and_you_wou\1479632629023.gif 
2017/01/29 11:33:19.378 [pool-3-thread-4] DEBUG historyDownload - Downloaded file: Girls_who_would_demand_you_suck_a_dick_and_you_wou\1433974713452.webm 
2017/01/29 11:33:19.663 [pool-3-thread-5] DEBUG historyDownload - Downloaded file: Girls_who_would_demand_you_suck_a_dick_and_you_wou\1438812676175.webm 
2017/01/29 11:33:21.746 [pool-3-thread-3] DEBUG historyDownload - Downloaded file: Girls_who_would_demand_you_suck_a_dick_and_you_wou\1440270722147.webm 
2017/01/29 11:33:23.012 [pool-3-thread-2] DEBUG historyDownload - Downloaded file: Girls_who_would_demand_you_suck_a_dick_and_you_wou\spread em.webm 
2017/01/29 11:33:24.165 [pool-3-thread-1] DEBUG historyDownload - Downloaded file: Girls_who_would_demand_you_suck_a_dick_and_you_wou\legendary lootz bed hump.webm 
2017/01/29 11:33:24.590 [pool-3-thread-4] DEBUG historyDownload - Downloaded file: Girls_who_would_demand_you_suck_a_dick_and_you_wou\1444180434797.webm 
2017/01/29 11:33:27.110 [pool-3-thread-3] DEBUG historyDownload - Downloaded file: Girls_who_would_demand_you_suck_a_dick_and_you_wou\Hoops.gif 
2017/01/29 11:33:27.801 [pool-3-thread-4] DEBUG historyDownload - Downloaded file: Girls_who_would_demand_you_suck_a_dick_and_you_wou\oboy[1].gif 
2017/01/29 11:33:27.956 [pool-3-thread-2] DEBUG historyDownload - Downloaded file: Girls_who_would_demand_you_suck_a_dick_and_you_wou\imgur_reaction.gif 
2017/01/29 11:33:31.154 [pool-3-thread-1] DEBUG historyDownload - Downloaded file: Girls_who_would_demand_you_suck_a_dick_and_you_wou\1375618224140.gif 
2017/01/29 11:33:34.999 [pool-3-thread-5] DEBUG historyDownload - Downloaded file: Girls_who_would_demand_you_suck_a_dick_and_you_wou\1477360474593.webm 
2017/01/29 11:33:36.643 [pool-3-thread-3] DEBUG historyDownload - Downloaded file: Girls_who_would_demand_you_suck_a_dick_and_you_wou\The Goose is Loose.webm 
2017/01/29 11:33:36.954 [pool-3-thread-2] DEBUG historyDownload - Downloaded file: Girls_who_would_demand_you_suck_a_dick_and_you_wou\Da1ryQueen_udders_dripping.webm 
2017/01/29 11:33:38.352 [pool-3-thread-3] DEBUG historyDownload - Downloaded file: Girls_who_would_demand_you_suck_a_dick_and_you_wou\hello_sir.gif 
2017/01/29 11:33:40.013 [pool-3-thread-1] DEBUG historyDownload - Downloaded file: Girls_who_would_demand_you_suck_a_dick_and_you_wou\1421484470848.webm 
2017/01/29 11:33:41.378 [pool-3-thread-5] DEBUG historyDownload - Downloaded file: Girls_who_would_demand_you_suck_a_dick_and_you_wou\1456715835149.webm 
2017/01/29 11:33:42.011 [pool-3-thread-4] DEBUG historyDownload - Downloaded file: Girls_who_would_demand_you_suck_a_dick_and_you_wou\Tumblr-1.webm 
2017/01/29 11:33:43.339 [pool-3-thread-3] DEBUG historyDownload - Downloaded file: Girls_who_would_demand_you_suck_a_dick_and_you_wou\fat fuck from JP.gif 
2017/01/29 11:33:48.526 [pool-3-thread-2] DEBUG historyDownload - Downloaded file: Girls_who_would_demand_you_suck_a_dick_and_you_wou\1484776159013.webm 
2017/01/29 11:33:49.611 [pool-3-thread-4] DEBUG historyDownload - Downloaded file: Girls_who_would_demand_you_suck_a_dick_and_you_wou\1483121547068.webm 
2017/01/29 11:33:50.184 [pool-3-thread-3] DEBUG historyDownload - Downloaded file: Girls_who_would_demand_you_suck_a_dick_and_you_wou\salut.gif 
2017/01/29 11:33:51.012 [pool-3-thread-1] DEBUG historyDownload - Downloaded file: Girls_who_would_demand_you_suck_a_dick_and_you_wou\I want to take his face, off.webm 
2017/01/29 11:33:53.411 [pool-3-thread-4] DEBUG historyDownload - Downloaded file: Girls_who_would_demand_you_suck_a_dick_and_you_wou\1334158588851.gif 
2017/01/29 11:33:54.211 [pool-3-thread-5] DEBUG historyDownload - Downloaded file: Girls_who_would_demand_you_suck_a_dick_and_you_wou\freckles.webm 
2017/01/29 11:34:01.188 [pool-3-thread-2] DEBUG historyDownload - Downloaded file: Girls_who_would_demand_you_suck_a_dick_and_you_wou\1448577258422.webm 
2017/01/29 11:34:01.989 [pool-3-thread-1] DEBUG historyDownload - Downloaded file: ASS_SLAPPING\asscho.webm 
2017/01/29 11:34:05.953 [pool-3-thread-3] DEBUG historyDownload - Downloaded file: Poor_girls\dollar blowjob.webm 
