2017/01/27 00:04:10.905 [pool-3-thread-3] DEBUG historyDownload - Downloaded file: Passionate_Anal_Creampies\1481293668872.webm 
2017/01/27 00:04:10.912 [pool-3-thread-5] DEBUG historyDownload - Downloaded file: Passionate_Anal_Creampies\1478557185669.webm 
2017/01/27 00:04:11.299 [pool-3-thread-1] DEBUG historyDownload - Downloaded file: Passionate_Anal_Creampies\anal creampie.gif 
2017/01/27 00:04:11.891 [pool-3-thread-2] DEBUG historyDownload - Downloaded file: Passionate_Anal_Creampies\1483715370401.webm 
2017/01/27 00:04:26.644 [pool-3-thread-2] DEBUG historyDownload - Downloaded file: Passionate_Anal_Creampies\1483715654358.webm 
2017/01/27 00:04:27.020 [pool-3-thread-5] DEBUG historyDownload - Downloaded file: Passionate_Anal_Creampies\1483715508766.webm 
2017/01/27 00:04:29.658 [pool-3-thread-1] DEBUG historyDownload - Downloaded file: Passionate_Anal_Creampies\1483715613717.webm 
2017/01/27 00:04:35.266 [pool-3-thread-3] DEBUG historyDownload - Downloaded file: Passionate_Anal_Creampies\1483715412543.webm 
2017/01/27 00:04:44.091 [pool-3-thread-2] DEBUG historyDownload - Downloaded file: Passionate_Anal_Creampies\1483823607757.webm 
2017/01/27 00:04:51.215 [pool-3-thread-1] DEBUG historyDownload - Downloaded file: Passionate_Anal_Creampies\1483823799244.webm 
2017/01/27 00:04:56.823 [pool-3-thread-3] DEBUG historyDownload - Downloaded file: Passionate_Anal_Creampies\1483823926249.webm 
2017/01/27 00:04:59.476 [pool-3-thread-2] DEBUG historyDownload - Downloaded file: Passionate_Anal_Creampies\1483824145094.webm 
2017/01/27 00:05:04.851 [pool-3-thread-4] DEBUG historyDownload - Downloaded file: Passionate_Anal_Creampies\1478556975450.webm 
2017/01/27 00:05:05.870 [pool-3-thread-1] DEBUG historyDownload - Downloaded file: Passionate_Anal_Creampies\1483824740893.webm 
2017/01/27 00:05:07.482 [pool-3-thread-3] DEBUG historyDownload - Downloaded file: Passionate_Anal_Creampies\1422514453833.webm 
2017/01/27 00:05:10.444 [pool-3-thread-5] DEBUG historyDownload - Downloaded file: Passionate_Anal_Creampies\1483823741546.webm 
2017/01/27 00:05:13.685 [pool-3-thread-1] DEBUG historyDownload - Downloaded file: Passionate_Anal_Creampies\1426905383138.webm 
2017/01/27 00:05:15.739 [pool-3-thread-4] DEBUG historyDownload - Downloaded file: Passionate_Anal_Creampies\1426627695641.webm 
2017/01/27 00:05:17.833 [pool-3-thread-3] DEBUG historyDownload - Downloaded file: Passionate_Anal_Creampies\1435734259488.webm 
2017/01/27 00:05:21.895 [pool-3-thread-5] DEBUG historyDownload - Downloaded file: Passionate_Anal_Creampies\1440974065480.webm 
2017/01/27 00:05:28.686 [pool-3-thread-4] DEBUG historyDownload - Downloaded file: Passionate_Anal_Creampies\1441081314785.webm 
2017/01/27 00:05:30.471 [pool-3-thread-2] DEBUG historyDownload - Downloaded file: Passionate_Anal_Creampies\1426618807572.webm 
2017/01/27 00:05:31.281 [pool-3-thread-5] DEBUG historyDownload - Downloaded file: Passionate_Anal_Creampies\1446580906951.webm 
2017/01/27 00:05:34.639 [pool-3-thread-1] DEBUG historyDownload - Downloaded file: Passionate_Anal_Creampies\1441065416036.webm 
2017/01/27 00:05:35.393 [pool-3-thread-4] DEBUG historyDownload - Downloaded file: Passionate_Anal_Creampies\1448926818050.webm 
2017/01/27 00:05:41.669 [pool-3-thread-2] DEBUG historyDownload - Downloaded file: Passionate_Anal_Creampies\1452081139890.webm 
2017/01/27 00:05:42.070 [pool-3-thread-5] DEBUG historyDownload - Downloaded file: Passionate_Anal_Creampies\1452081191175.webm 
2017/01/27 00:05:42.318 [pool-3-thread-1] DEBUG historyDownload - Downloaded file: Passionate_Anal_Creampies\1454609463283.webm 
2017/01/27 00:05:45.893 [pool-3-thread-5] DEBUG historyDownload - Downloaded file: Passionate_Anal_Creampies\1455329543397.webm 
2017/01/27 00:05:49.988 [pool-3-thread-4] DEBUG historyDownload - Downloaded file: Passionate_Anal_Creampies\1454610382138.webm 
2017/01/27 00:05:51.429 [pool-3-thread-2] DEBUG historyDownload - Downloaded file: Passionate_Anal_Creampies\1455117055713.webm 
2017/01/27 00:05:53.288 [pool-3-thread-1] DEBUG historyDownload - Downloaded file: Passionate_Anal_Creampies\1460982584843.webm 
2017/01/27 00:05:56.022 [pool-3-thread-5] DEBUG historyDownload - Downloaded file: Passionate_Anal_Creampies\1464472877464.webm 
2017/01/27 00:05:56.851 [pool-3-thread-3] DEBUG historyDownload - Downloaded file: Passionate_Anal_Creampies\1443130716619.webm 
2017/01/27 00:06:05.535 [pool-3-thread-4] DEBUG historyDownload - Downloaded file: Passionate_Anal_Creampies\1465154231593.webm 
2017/01/27 00:06:07.243 [pool-3-thread-2] DEBUG historyDownload - Downloaded file: Passionate_Anal_Creampies\1466263802203.webm 
2017/01/27 00:06:07.744 [pool-3-thread-1] DEBUG historyDownload - Downloaded file: Passionate_Anal_Creampies\1466450237253.webm 
2017/01/27 00:06:10.018 [pool-3-thread-5] DEBUG historyDownload - Downloaded file: Passionate_Anal_Creampies\1241236124_edit.webm 
2017/01/27 00:06:11.260 [pool-3-thread-3] DEBUG historyDownload - Downloaded file: Passionate_Anal_Creampies\1409042140_edit.webm 
2017/01/27 00:06:19.990 [pool-3-thread-4] DEBUG historyDownload - Downloaded file: Passionate_Anal_Creampies\1507062150_edit.webm 
2017/01/27 00:06:20.476 [pool-3-thread-2] DEBUG historyDownload - Downloaded file: Passionate_Anal_Creampies\1511254151_edit.webm 
2017/01/27 00:06:22.052 [pool-3-thread-1] DEBUG historyDownload - Downloaded file: Passionate_Anal_Creampies\2383610238_edit.webm 
2017/01/27 00:06:23.811 [pool-3-thread-5] DEBUG historyDownload - Downloaded file: Passionate_Anal_Creampies\2424454242_edit.webm 
2017/01/27 00:08:52.820 [pool-3-thread-3] DEBUG historyDownload - Downloaded file: Asscrack_Tease_Thread__\1480053907494.webm 
2017/01/27 00:08:53.997 [pool-3-thread-2] DEBUG historyDownload - Downloaded file: Asscrack_Tease_Thread__\f1e9e993daa5e3d5e4ed1adef(...).gif 
2017/01/27 00:08:57.480 [pool-3-thread-1] DEBUG historyDownload - Downloaded file: Asscrack_Tease_Thread__\1467905383957.webm 
2017/01/27 00:08:57.844 [pool-3-thread-4] DEBUG historyDownload - Downloaded file: Asscrack_Tease_Thread__\1478948482403.webm 
2017/01/27 00:08:58.444 [pool-3-thread-2] DEBUG historyDownload - Downloaded file: Asscrack_Tease_Thread__\masterbatesguyswithass.webm 
2017/01/27 00:08:58.926 [pool-3-thread-5] DEBUG historyDownload - Downloaded file: Asscrack_Tease_Thread__\1467595467590.webm 
2017/01/27 00:09:00.593 [pool-3-thread-3] DEBUG historyDownload - Downloaded file: Asscrack_Tease_Thread__\1464865062486.gif 
2017/01/27 00:09:04.118 [pool-3-thread-4] DEBUG historyDownload - Downloaded file: Asscrack_Tease_Thread__\1464775932050.webm 
2017/01/27 00:09:11.814 [pool-3-thread-1] DEBUG historyDownload - Downloaded file: Asscrack_Tease_Thread__\1483034265408.webm 
2017/01/27 00:10:25.637 [pool-3-thread-5] DEBUG historyDownload - Downloaded file: Poor_girls\Untitled1.webm 
2017/01/27 00:10:27.680 [pool-3-thread-4] DEBUG historyDownload - Downloaded file: Poor_girls\Untitled4.webm 
2017/01/27 00:10:28.073 [pool-3-thread-2] DEBUG historyDownload - Downloaded file: Poor_girls\Untitled2.webm 
2017/01/27 00:10:29.425 [pool-3-thread-3] DEBUG historyDownload - Downloaded file: Poor_girls\Untitled3.webm 
2017/01/27 00:10:29.431 [pool-3-thread-1] DEBUG historyDownload - Downloaded file: Poor_girls\Untitled5.webm 
2017/01/27 00:10:35.221 [pool-3-thread-5] DEBUG historyDownload - Downloaded file: Poor_girls\Untitled6.webm 
2017/01/27 00:10:36.683 [pool-3-thread-2] DEBUG historyDownload - Downloaded file: Poor_girls\Untitled8.webm 
2017/01/27 00:10:40.607 [pool-3-thread-1] DEBUG historyDownload - Downloaded file: Poor_girls\SingletearBJ.webm 
2017/01/27 00:10:43.463 [pool-3-thread-2] DEBUG historyDownload - Downloaded file: Poor_girls\ColorlessPreciousBedbug.webm 
2017/01/27 00:10:43.883 [pool-3-thread-3] DEBUG historyDownload - Downloaded file: Poor_girls\Untitled9.webm 
2017/01/27 00:10:47.421 [pool-3-thread-1] DEBUG historyDownload - Downloaded file: Poor_girls\1472.gif 
2017/01/27 00:10:50.412 [pool-3-thread-5] DEBUG historyDownload - Downloaded file: Poor_girls\1484736153349.webm 
2017/01/27 00:10:58.297 [pool-3-thread-2] DEBUG historyDownload - Downloaded file: Poor_girls\jordancries.webm 
2017/01/27 00:11:05.201 [pool-3-thread-4] DEBUG historyDownload - Downloaded file: Poor_girls\Untitled7.webm 
2017/01/27 06:57:30.333 [pool-3-thread-3] DEBUG historyDownload - Downloaded file: Passionate_Anal_Creampies\indathole.webm 
2017/01/27 06:57:49.548 [pool-3-thread-1] DEBUG historyDownload - Downloaded file: Hentai_Thread__2\1345297354949.gif 
2017/01/27 06:58:03.344 [pool-3-thread-5] DEBUG historyDownload - Downloaded file: Hentai_Thread__2\[_HENTAITK_Otokonoko_D_01(...).webm 
2017/01/27 07:03:22.121 [pool-3-thread-4] DEBUG historyDownload - Downloaded file: ASS_SLAPPING\stop53.webm 
2017/01/27 07:03:23.562 [pool-3-thread-2] DEBUG historyDownload - Downloaded file: ASS_SLAPPING\stop22.webm 
2017/01/27 07:03:38.928 [pool-3-thread-3] DEBUG historyDownload - Downloaded file: ASS_SLAPPING\1425105814505.webm 
2017/01/27 07:06:34.353 [pool-3-thread-1] DEBUG historyDownload - Downloaded file: Upton_of_Kate\uwfk3AW.jpg 
2017/01/27 07:06:41.734 [pool-3-thread-2] DEBUG historyDownload - Downloaded file: Girls_laying_in_their_stomach\tumblr_n4agpb8h191qkwzpfo(...).jpg 
2017/01/27 07:06:41.989 [pool-3-thread-3] DEBUG historyDownload - Downloaded file: Girls_laying_in_their_stomach\tumblr_o8sjqbHmkT1ud751ho(...).jpg 
2017/01/27 07:06:42.126 [pool-3-thread-4] DEBUG historyDownload - Downloaded file: Girls_laying_in_their_stomach\tumblr_n9w063U9hX1rwgrafo1_500.jpg 
2017/01/27 07:06:43.384 [pool-3-thread-2] DEBUG historyDownload - Downloaded file: Girls_laying_in_their_stomach\qt booty 2.jpg 
2017/01/27 07:06:43.733 [pool-3-thread-5] DEBUG historyDownload - Downloaded file: Ass\IMG_0583.jpg 
2017/01/27 07:06:44.738 [pool-3-thread-1] DEBUG historyDownload - Downloaded file: Girls_laying_in_their_stomach\qt blonde.jpg 
2017/01/27 07:06:48.518 [pool-3-thread-4] DEBUG historyDownload - Downloaded file: Girls_laying_in_their_stomach\1480527267828.jpg 
2017/01/27 07:06:48.531 [pool-3-thread-3] DEBUG historyDownload - Downloaded file: Girls_laying_in_their_stomach\qt russian4.png 
2017/01/27 07:07:48.449 [pool-3-thread-5] DEBUG historyDownload - Downloaded file: Fitness\FB_IMG_1485386288141.jpg 
2017/01/27 07:07:48.673 [pool-3-thread-1] DEBUG historyDownload - Downloaded file: Fitness\FB_IMG_1485386034667.jpg 
2017/01/27 07:07:48.856 [pool-3-thread-2] DEBUG historyDownload - Downloaded file: Fitness\FB_IMG_1485386774317.jpg 
2017/01/27 07:07:49.072 [pool-3-thread-4] DEBUG historyDownload - Downloaded file: Fitness\FB_IMG_1485386025518.jpg 
2017/01/27 07:09:07.937 [pool-3-thread-3] DEBUG historyDownload - Downloaded file: VIDEO_GAMES\1481347432294.jpg 
2017/01/27 17:34:19.953 [pool-3-thread-2] DEBUG historyDownload - Downloaded file: Hentai_Thread__2\tumblr_ofsmlvnVw11vim35vo1_540.gif 
2017/01/27 17:34:27.619 [pool-3-thread-5] DEBUG historyDownload - Downloaded file: Hentai_Thread__2\classroom.webm 
2017/01/27 17:34:29.582 [pool-3-thread-1] DEBUG historyDownload - Downloaded file: Hentai_Thread__2\Secret Journey 02.webm 
2017/01/27 17:34:32.284 [pool-3-thread-4] DEBUG historyDownload - Downloaded file: Hentai_Thread__2\goku revival.webm 
2017/01/27 17:34:32.878 [pool-3-thread-3] DEBUG historyDownload - Downloaded file: Hentai_Thread__2\payback.webm 
2017/01/27 17:34:35.206 [pool-3-thread-2] DEBUG historyDownload - Downloaded file: Hentai_Thread__2\sj01sexp1.webm 
2017/01/27 17:35:00.810 [pool-3-thread-5] DEBUG historyDownload - Downloaded file: Hentai_Thread__2\sj01sexp2.webm 
2017/01/27 17:35:04.991 [pool-3-thread-1] DEBUG historyDownload - Downloaded file: BodyPaint_Thread\ayy lmao.webm 
2017/01/27 17:38:59.501 [pool-3-thread-3] DEBUG historyDownload - Downloaded file: Poor_girls\Untitled.webm 
2017/01/27 17:39:02.799 [pool-3-thread-2] DEBUG historyDownload - Downloaded file: Poor_girls\Untitled.webm 
2017/01/27 17:39:03.181 [pool-3-thread-4] DEBUG historyDownload - Downloaded file: Poor_girls\Untitled.webm 
2017/01/27 17:39:33.983 [pool-3-thread-5] DEBUG historyDownload - Downloaded file: ASS_SLAPPING\Taylor Sands doggy style (...).webm 
2017/01/27 17:42:59.807 [pool-3-thread-3] DEBUG historyDownload - Downloaded file: Upton_of_Kate\DbDxFcg.jpg 
2017/01/27 17:43:00.577 [pool-3-thread-1] DEBUG historyDownload - Downloaded file: Upton_of_Kate\czkUPxK.jpg 
2017/01/27 17:43:37.385 [pool-3-thread-1] DEBUG historyDownload - Downloaded file: Rave_EDM_Candy_Girls\14156387_981829711944296_(...).jpg 
2017/01/27 17:43:37.971 [pool-3-thread-4] DEBUG historyDownload - Downloaded file: Rave_EDM_Candy_Girls\1 (161).jpg 
2017/01/27 17:43:38.600 [pool-3-thread-5] DEBUG historyDownload - Downloaded file: Rave_EDM_Candy_Girls\1 (162).jpg 
2017/01/27 17:43:40.240 [pool-3-thread-2] DEBUG historyDownload - Downloaded file: Rave_EDM_Candy_Girls\1 (152).jpg 
2017/01/27 17:43:41.188 [pool-3-thread-3] DEBUG historyDownload - Downloaded file: Rave_EDM_Candy_Girls\1 (168).jpg 
2017/01/27 17:43:43.204 [pool-3-thread-5] DEBUG historyDownload - Downloaded file: Rave_EDM_Candy_Girls\1 (193).jpg 
2017/01/27 17:43:43.424 [pool-3-thread-4] DEBUG historyDownload - Downloaded file: Rave_EDM_Candy_Girls\Screenshot_20170102-215436.jpg 
2017/01/27 17:43:43.821 [pool-3-thread-1] DEBUG historyDownload - Downloaded file: Rave_EDM_Candy_Girls\Screenshot_20170102-215720.jpg 
2017/01/27 19:31:20.029 [pool-3-thread-3] DEBUG historyDownload - Downloaded file: Hentai_Thread__2\sj01fuck.webm 
2017/01/27 19:31:20.188 [pool-3-thread-2] DEBUG historyDownload - Downloaded file: Hentai_Thread__2\sj01bj.webm 
2017/01/27 19:33:24.790 [pool-3-thread-5] DEBUG historyDownload - Downloaded file: ASS_SLAPPING\1482428493836.webm 
2017/01/27 19:36:33.591 [pool-3-thread-4] DEBUG historyDownload - Downloaded file: Rave_EDM_Candy_Girls\1 (229).jpg 
2017/01/27 19:36:33.662 [pool-3-thread-1] DEBUG historyDownload - Downloaded file: Rave_EDM_Candy_Girls\1 (263).jpg 
2017/01/27 19:37:08.775 [pool-3-thread-2] DEBUG historyDownload - Downloaded file: Fitness\wrid_aBE8JBo.jpg 
2017/01/27 19:37:09.216 [pool-3-thread-5] DEBUG historyDownload - Downloaded file: Fitness\21323767.jpg 
2017/01/27 19:37:10.177 [pool-3-thread-3] DEBUG historyDownload - Downloaded file: Fitness\Fm4ngiq.jpg 
2017/01/27 23:41:07.254 [pool-3-thread-1] DEBUG historyDownload - Downloaded file: Hentai_Thread__2\[EROBEAT]_Hininden_Gausu_(...).webm 
2017/01/27 23:41:11.477 [pool-3-thread-4] DEBUG historyDownload - Downloaded file: Hentai_Thread__2\(18禁アニメ) (無修正) 黒愛～一夜妻館・淫口(...).webm 
2017/01/27 23:41:12.056 [pool-3-thread-5] DEBUG historyDownload - Downloaded file: Hentai_Thread__2\Hininden_Gausu_2.webm 
2017/01/27 23:41:12.072 [pool-3-thread-3] DEBUG historyDownload - Downloaded file: Hentai_Thread__2\Hininden_Gausu_3.webm 
2017/01/27 23:41:12.563 [pool-3-thread-2] DEBUG historyDownload - Downloaded file: Hentai_Thread__2\Hininden_Gausu_1.webm 
2017/01/27 23:45:40.249 [pool-3-thread-1] DEBUG historyDownload - Downloaded file: ASS_SLAPPING\1473418131455.webm 
2017/01/27 23:49:41.651 [pool-3-thread-4] DEBUG historyDownload - Downloaded file: Girls_laying_in_their_stomach\32.jpg 
2017/01/27 23:50:38.308 [pool-3-thread-1] DEBUG historyDownload - Downloaded file: Fitness\tumblr_og0hc7OhdA1vg4b7so(...).jpg 
2017/01/27 23:50:38.357 [pool-3-thread-5] DEBUG historyDownload - Downloaded file: Fitness\Sporting_Women_064_Robert(...).jpg 
2017/01/27 23:50:38.555 [pool-3-thread-4] DEBUG historyDownload - Downloaded file: Fitness\tumblr_og0hc7OhdA1vg4b7so(...).jpg 
2017/01/27 23:50:38.923 [pool-3-thread-3] DEBUG historyDownload - Downloaded file: Fitness\tumblr_ngu9cdgHR31u4gv8zo(...).jpg 
2017/01/27 23:50:40.377 [pool-3-thread-2] DEBUG historyDownload - Downloaded file: Fitness\tumblr_o195wys9uN1uojb3bo(...).jpg 
2017/01/27 23:50:41.040 [pool-3-thread-1] DEBUG historyDownload - Downloaded file: Fitness\tumblr_oi3m13W9z61vjuj79o(...).jpg 
2017/01/27 23:50:41.771 [pool-3-thread-2] DEBUG historyDownload - Downloaded file: Fitness\b94.jpg 
2017/01/27 23:50:42.250 [pool-3-thread-5] DEBUG historyDownload - Downloaded file: Fitness\tumblr_oi3m13W9z61vjuj79o3_500.jpg 
2017/01/27 23:50:43.062 [pool-3-thread-1] DEBUG historyDownload - Downloaded file: Fitness\1469504240776.jpg 
2017/01/27 23:50:43.251 [pool-3-thread-4] DEBUG historyDownload - Downloaded file: Fitness\tumblr_ohk4h3bTIl1vx3jl9o3_500.jpg 
2017/01/27 23:50:45.466 [pool-3-thread-3] DEBUG historyDownload - Downloaded file: Fitness\1483839811610.jpg 
