2017/02/04 09:25:24.413 [pool-2-thread-1] DEBUG historyDownload - Downloaded file: ANAL\1420536330598.gif 
2017/02/04 09:25:33.395 [pool-2-thread-2] DEBUG historyDownload - Downloaded file: ANAL\20160103_204602.webm 
2017/02/04 09:25:33.970 [pool-2-thread-5] DEBUG historyDownload - Downloaded file: ANAL\20160103_204602 (3).webm 
2017/02/04 09:25:35.698 [pool-2-thread-4] DEBUG historyDownload - Downloaded file: ANAL\20160103_204602 (2).webm 
2017/02/04 09:25:35.701 [pool-2-thread-1] DEBUG historyDownload - Downloaded file: ANAL\20160103_204602 (4).webm 
2017/02/04 09:25:41.393 [pool-2-thread-5] DEBUG historyDownload - Downloaded file: ANAL\20160103_204857.webm 
2017/02/04 09:25:42.314 [pool-2-thread-4] DEBUG historyDownload - Downloaded file: ANAL\20160103_204917.webm 
2017/02/04 09:25:50.658 [pool-2-thread-1] DEBUG historyDownload - Downloaded file: ANAL\20160103_205232.webm 
2017/02/04 09:25:55.169 [pool-2-thread-5] DEBUG historyDownload - Downloaded file: ANAL\20160103_205232 (1).webm 
2017/02/04 09:25:56.722 [pool-2-thread-4] DEBUG historyDownload - Downloaded file: ANAL\20160103_205436.webm 
2017/02/04 09:25:57.289 [pool-2-thread-3] DEBUG historyDownload - Downloaded file: ANAL\20160103_204602 (1).webm 
2017/02/04 09:26:02.436 [pool-2-thread-1] DEBUG historyDownload - Downloaded file: ANAL\20160103_205436 (1).webm 
2017/02/04 09:26:07.713 [pool-2-thread-2] DEBUG historyDownload - Downloaded file: ANAL\20160103_204826.webm 
2017/02/04 09:26:10.289 [pool-2-thread-5] DEBUG historyDownload - Downloaded file: ANAL\gape fiesta.webm 
2017/02/04 09:26:10.476 [pool-2-thread-4] DEBUG historyDownload - Downloaded file: ANAL\20160113_211015.webm 
2017/02/04 09:26:11.152 [pool-2-thread-3] DEBUG historyDownload - Downloaded file: ANAL\20160113_211015 (1).webm 
2017/02/04 09:26:15.789 [pool-2-thread-1] DEBUG historyDownload - Downloaded file: ANAL\20160113_211015 (2).webm 
2017/02/04 09:26:17.869 [pool-2-thread-5] DEBUG historyDownload - Downloaded file: ANAL\20160113_211550.webm 
2017/02/04 09:26:20.690 [pool-2-thread-2] DEBUG historyDownload - Downloaded file: ANAL\20160113_211015 (3).webm 
2017/02/04 09:26:23.331 [pool-2-thread-4] DEBUG historyDownload - Downloaded file: ANAL\20160117_204334.webm 
2017/02/04 09:26:26.024 [pool-2-thread-3] DEBUG historyDownload - Downloaded file: ANAL\20160117_205206.webm 
2017/02/04 09:26:26.737 [pool-2-thread-2] DEBUG historyDownload - Downloaded file: ANAL\20160131_203220.webm 
2017/02/04 09:26:27.948 [pool-2-thread-4] DEBUG historyDownload - Downloaded file: ANAL\20160131_203317.webm 
2017/02/04 09:26:28.397 [pool-2-thread-3] DEBUG historyDownload - Downloaded file: ANAL\20160131_203422.webm 
2017/02/04 09:26:29.506 [pool-2-thread-1] DEBUG historyDownload - Downloaded file: ANAL\20160117_210703.webm 
2017/02/04 09:26:33.384 [pool-2-thread-5] DEBUG historyDownload - Downloaded file: ANAL\1453591223478.webm 
2017/02/04 09:26:33.950 [pool-2-thread-2] DEBUG historyDownload - Downloaded file: ANAL\20160131_203519.webm 
2017/02/04 09:26:36.996 [pool-2-thread-4] DEBUG historyDownload - Downloaded file: ANAL\20160131_203658.webm 
2017/02/04 09:26:37.088 [pool-2-thread-1] DEBUG historyDownload - Downloaded file: ANAL\anal.webm 
2017/02/04 09:26:45.339 [pool-2-thread-5] DEBUG historyDownload - Downloaded file: ANAL\20160501_204708.webm 
2017/02/04 09:26:45.717 [pool-2-thread-4] DEBUG historyDownload - Downloaded file: ANAL\20160501_204922.webm 
2017/02/04 09:26:47.184 [pool-2-thread-2] DEBUG historyDownload - Downloaded file: ANAL\20160501_204708 (1).webm 
2017/02/04 09:26:48.692 [pool-2-thread-1] DEBUG historyDownload - Downloaded file: ANAL\20160501_211401.webm 
2017/02/04 09:26:52.010 [pool-2-thread-1] DEBUG historyDownload - Downloaded file: ANAL\1486174693021[1].gif 
2017/02/04 09:26:56.189 [pool-2-thread-3] DEBUG historyDownload - Downloaded file: ANAL\Deep_anal.webm 
2017/02/04 09:26:56.825 [pool-2-thread-5] DEBUG historyDownload - Downloaded file: ANAL\20160501_211401 (1).webm 
2017/02/04 09:27:00.143 [pool-2-thread-4] DEBUG historyDownload - Downloaded file: ANAL\20160501_211835.webm 
2017/02/04 09:27:00.403 [pool-2-thread-1] DEBUG historyDownload - Downloaded file: ANAL\445001a.webm 
2017/02/04 09:27:01.514 [pool-2-thread-5] DEBUG historyDownload - Downloaded file: God_tier_facials\3se9wJB.gif 
2017/02/04 09:27:01.695 [pool-2-thread-2] DEBUG historyDownload - Downloaded file: ANAL\1453137736260.webm 
2017/02/04 09:27:14.600 [pool-2-thread-3] DEBUG historyDownload - Downloaded file: ANAL\good grill.webm 
2017/02/04 09:27:15.349 [pool-2-thread-4] DEBUG historyDownload - Downloaded file: God_tier_facials\manga-bukkake-1.gif 
2017/02/04 09:27:15.601 [pool-2-thread-1] DEBUG historyDownload - Downloaded file: God_tier_facials\manga-bukkake-2.gif 
2017/02/04 09:27:16.110 [pool-2-thread-2] DEBUG historyDownload - Downloaded file: God_tier_facials\manga-bukkake-4.gif 
2017/02/04 09:27:16.590 [pool-2-thread-5] DEBUG historyDownload - Downloaded file: God_tier_facials\manga-bukkake-3.gif 
2017/02/04 09:27:19.290 [pool-2-thread-2] DEBUG historyDownload - Downloaded file: God_tier_facials\38f80232ddaa9b9a259142f2c00e7.gif 
2017/02/04 09:27:23.095 [pool-2-thread-4] DEBUG historyDownload - Downloaded file: God_tier_facials\German Goo Girls - Die Sp(...).webm 
2017/02/04 09:27:27.363 [pool-2-thread-2] DEBUG historyDownload - Downloaded file: God_tier_facials\Beach Tits Cumshot.webm 
2017/02/04 09:27:28.694 [pool-2-thread-1] DEBUG historyDownload - Downloaded file: God_tier_facials\ebc551ddfa5a12862079312780066.gif 
2017/02/04 09:27:30.976 [pool-2-thread-3] DEBUG historyDownload - Downloaded file: God_tier_facials\manga-bukkake-5.gif 
2017/02/04 09:27:33.561 [pool-2-thread-4] DEBUG historyDownload - Downloaded file: God_tier_facials\irinabruni.webm 
2017/02/04 09:27:33.685 [pool-2-thread-2] DEBUG historyDownload - Downloaded file: God_tier_facials\kennedyleigh3.webm 
2017/02/04 09:27:38.847 [pool-2-thread-3] DEBUG historyDownload - Downloaded file: God_tier_facials\mayli.webm 
2017/02/04 09:27:38.929 [pool-2-thread-5] DEBUG historyDownload - Downloaded file: God_tier_facials\anna polina.gif 
2017/02/04 09:27:43.519 [pool-2-thread-1] DEBUG historyDownload - Downloaded file: God_tier_facials\lexibelle.webm 
2017/02/04 09:27:44.091 [pool-2-thread-3] DEBUG historyDownload - Downloaded file: mostly_piss_and_buttholes\1356070051625.gif 
2017/02/04 09:27:48.095 [pool-2-thread-4] DEBUG historyDownload - Downloaded file: God_tier_facials\verucajames3.webm 
2017/02/04 09:27:48.963 [pool-2-thread-2] DEBUG historyDownload - Downloaded file: mostly_piss_and_buttholes\Skymouse_2gals.webm 
2017/02/04 09:27:49.090 [pool-2-thread-5] DEBUG historyDownload - Downloaded file: mostly_piss_and_buttholes\437.webm 
2017/02/04 09:27:53.927 [pool-2-thread-1] DEBUG historyDownload - Downloaded file: mostly_piss_and_buttholes\1486139452277.gif 
2017/02/04 09:27:55.474 [pool-2-thread-3] DEBUG historyDownload - Downloaded file: People_that_fucking_love_cum.\nallie.webm 
2017/02/04 09:27:58.536 [pool-2-thread-4] DEBUG historyDownload - Downloaded file: People_that_fucking_love_cum.\Eis am Stiel - 1.webm 
2017/02/04 09:28:04.203 [pool-2-thread-5] DEBUG historyDownload - Downloaded file: People_that_fucking_love_cum.\Awkward Asian Fellates 10(...).webm 
2017/02/04 09:28:05.025 [pool-2-thread-2] DEBUG historyDownload - Downloaded file: People_that_fucking_love_cum.\Eis am Stiel - 2.webm 
2017/02/04 09:28:06.097 [pool-2-thread-4] DEBUG historyDownload - Downloaded file: People_that_fucking_love_cum.\1486087329739.webm 
2017/02/04 09:28:06.683 [pool-2-thread-3] DEBUG historyDownload - Downloaded file: People_that_fucking_love_cum.\1486087329738.webm 
2017/02/04 09:28:12.577 [pool-2-thread-5] DEBUG historyDownload - Downloaded file: People_that_fucking_love_cum.\toothbrush.gif 
2017/02/04 09:28:14.725 [pool-2-thread-2] DEBUG historyDownload - Downloaded file: People_that_fucking_love_cum.\1486176157389.webm 
2017/02/04 09:28:15.160 [pool-2-thread-3] DEBUG historyDownload - Downloaded file: Girls_Finishing\1466040365850.webm 
2017/02/04 09:28:17.932 [pool-2-thread-4] DEBUG historyDownload - Downloaded file: People_that_fucking_love_cum.\1486177191828.webm 
2017/02/04 09:28:19.295 [pool-2-thread-3] DEBUG historyDownload - Downloaded file: Girls_Finishing\ConcreteEvilHyracotherium.webm 
2017/02/04 09:28:24.633 [pool-2-thread-2] DEBUG historyDownload - Downloaded file: Girls_Finishing\1471134278886.webm 
2017/02/04 09:28:25.495 [pool-2-thread-5] DEBUG historyDownload - Downloaded file: Girls_Finishing\1459115549138.webm 
2017/02/04 09:28:31.371 [pool-2-thread-4] DEBUG historyDownload - Downloaded file: Girls_Finishing\sixth cumshot.webm 
2017/02/04 09:28:32.570 [pool-2-thread-1] DEBUG historyDownload - Downloaded file: People_that_fucking_love_cum.\Awkward Asian Fellates 10(...).webm 
2017/02/04 09:28:33.708 [pool-2-thread-3] DEBUG historyDownload - Downloaded file: Girls_Finishing\valley girl.webm 
2017/02/04 09:28:39.302 [pool-2-thread-2] DEBUG historyDownload - Downloaded file: Girls_Finishing\1466726070299.webm 
2017/02/04 09:28:43.407 [pool-2-thread-3] DEBUG historyDownload - Downloaded file: Girls_Finishing\hjfacial.webm 
2017/02/04 09:28:43.529 [pool-2-thread-4] DEBUG historyDownload - Downloaded file: Girls_Finishing\1483296270790.webm 
2017/02/04 09:28:46.796 [pool-2-thread-3] DEBUG historyDownload - Downloaded file: Girls_Finishing\tumblr_m2n1wxLfba1r9x1k6o1_250.gif 
2017/02/04 09:28:50.728 [pool-2-thread-2] DEBUG historyDownload - Downloaded file: Girls_Finishing\its rude to stare.webm 
2017/02/04 09:28:51.578 [pool-2-thread-5] DEBUG historyDownload - Downloaded file: Girls_Finishing\why do girls always flinc(...).webm 
2017/02/04 09:28:58.273 [pool-2-thread-4] DEBUG historyDownload - Downloaded file: Girls_Finishing\she should have kept up t(...).webm 
2017/02/04 09:29:08.480 [pool-2-thread-1] DEBUG historyDownload - Downloaded file: Girls_Finishing\1456169203871.webm 
2017/02/04 09:31:39.886 [pool-2-thread-5] DEBUG historyDownload - Downloaded file: Girls_laying_in_their_stomach\photo 5-1~2.jpg 
2017/02/04 09:31:41.572 [pool-2-thread-1] DEBUG historyDownload - Downloaded file: Girls_laying_in_their_stomach\photo-1.jpg 
2017/02/04 09:31:42.090 [pool-2-thread-4] DEBUG historyDownload - Downloaded file: Girls_laying_in_their_stomach\photo 3-4.jpg 
2017/02/04 09:31:48.722 [pool-2-thread-3] DEBUG historyDownload - Downloaded file: Girls_laying_in_their_stomach\image.jpg 
2017/02/04 09:31:49.058 [pool-2-thread-2] DEBUG historyDownload - Downloaded file: Girls_laying_in_their_stomach\IMG_5387.jpg 
2017/02/04 09:31:50.383 [pool-2-thread-1] DEBUG historyDownload - Downloaded file: Girls_laying_in_their_stomach\352482.jpg 
2017/02/04 09:31:50.886 [pool-2-thread-4] DEBUG historyDownload - Downloaded file: Girls_laying_in_their_stomach\P8131415.jpg 
2017/02/04 09:31:53.599 [pool-2-thread-1] DEBUG historyDownload - Downloaded file: Girls_laying_in_their_stomach\tumblr_m8e2crHocu1rzawf3o(...).jpg 
2017/02/04 09:31:55.321 [pool-2-thread-1] DEBUG historyDownload - Downloaded file: Girls_laying_in_their_stomach\Feo6LAG.jpg 
2017/02/04 09:31:56.885 [pool-2-thread-4] DEBUG historyDownload - Downloaded file: Girls_laying_in_their_stomach\DSC_1442.jpg 
2017/02/04 09:31:57.485 [pool-2-thread-2] DEBUG historyDownload - Downloaded file: Girls_laying_in_their_stomach\sans-titre.png 
2017/02/04 09:31:58.489 [pool-2-thread-1] DEBUG historyDownload - Downloaded file: Girls_laying_in_their_stomach\LD4mqre.jpg 
2017/02/04 09:31:59.078 [pool-2-thread-4] DEBUG historyDownload - Downloaded file: Girls_laying_in_their_stomach\tumblr_na465eIJ441tagz1ro(...).jpg 
2017/02/04 09:31:59.097 [pool-2-thread-2] DEBUG historyDownload - Downloaded file: Girls_laying_in_their_stomach\Free-Beer-and-Naked-Women(...).jpg 
2017/02/04 09:32:01.920 [pool-2-thread-2] DEBUG historyDownload - Downloaded file: Girls_laying_in_their_stomach\5d21c9068fb26c82.jpg 
2017/02/04 09:32:02.083 [pool-2-thread-1] DEBUG historyDownload - Downloaded file: Girls_laying_in_their_stomach\50.jpg 
2017/02/04 09:32:02.332 [pool-2-thread-4] DEBUG historyDownload - Downloaded file: Girls_laying_in_their_stomach\ab7bcb1857cd961c.jpg 
2017/02/04 09:32:04.950 [pool-2-thread-5] DEBUG historyDownload - Downloaded file: Girls_laying_in_their_stomach\37.jpg 
2017/02/04 09:32:06.185 [pool-2-thread-1] DEBUG historyDownload - Downloaded file: Girls_laying_in_their_stomach\e6d6198965720c7b.png 
2017/02/04 09:32:06.299 [pool-2-thread-4] DEBUG historyDownload - Downloaded file: Girls_laying_in_their_stomach\82d25d9f5e997594.jpg 
2017/02/04 09:32:06.722 [pool-2-thread-3] DEBUG historyDownload - Downloaded file: Girls_laying_in_their_stomach\DSCI0168.jpg 
2017/02/04 09:32:06.867 [pool-2-thread-2] DEBUG historyDownload - Downloaded file: Girls_laying_in_their_stomach\8a2779e6b5a6a2e0.jpg 
2017/02/04 09:32:08.937 [pool-2-thread-5] DEBUG historyDownload - Downloaded file: Girls_laying_in_their_stomach\0b13c24c84fec355.png 
2017/02/04 09:32:09.137 [pool-2-thread-1] DEBUG historyDownload - Downloaded file: Girls_laying_in_their_stomach\c6f0ec5dec2ff77d.jpg 
2017/02/04 09:32:10.914 [pool-2-thread-2] DEBUG historyDownload - Downloaded file: VIDEO_GAMES\1327540558420.jpg 
2017/02/04 09:32:12.201 [pool-2-thread-5] DEBUG historyDownload - Downloaded file: VIDEO_GAMES\1327540489417.jpg 
2017/02/04 09:32:13.326 [pool-2-thread-2] DEBUG historyDownload - Downloaded file: VIDEO_GAMES\1374354536929.jpg 
2017/02/04 09:32:15.337 [pool-2-thread-4] DEBUG historyDownload - Downloaded file: VIDEO_GAMES\arcade bitch 01.png 
2017/02/04 09:32:15.893 [pool-2-thread-1] DEBUG historyDownload - Downloaded file: VIDEO_GAMES\1348515909828.jpg 
2017/02/04 09:32:25.264 [pool-2-thread-3] DEBUG historyDownload - Downloaded file: VIDEO_GAMES\arcade bitch 02.png 
2017/02/04 09:34:30.711 [pool-2-thread-5] DEBUG historyDownload - Downloaded file: Caprice_thread\4gX9u.jpg 
2017/02/04 09:34:37.133 [pool-2-thread-5] DEBUG historyDownload - Downloaded file: Caprice_thread\1323964808_x-art_caprice_(...).jpg 
2017/02/04 09:34:38.364 [pool-2-thread-2] DEBUG historyDownload - Downloaded file: Caprice_thread\Little-Caprice-Red-Is-My-(...).jpg 
2017/02/04 09:34:43.936 [pool-2-thread-2] DEBUG historyDownload - Downloaded file: Caprice_thread\1479868566603.jpg 
2017/02/04 09:34:44.963 [pool-2-thread-1] DEBUG historyDownload - Downloaded file: Caprice_thread\332934607.jpg 
2017/02/04 09:34:46.722 [pool-2-thread-5] DEBUG historyDownload - Downloaded file: Caprice_thread\little_caprice_2_pic1005.jpg 
2017/02/04 09:34:47.976 [pool-2-thread-2] DEBUG historyDownload - Downloaded file: Caprice_thread\57ed2f2ea89b6.jpg 
2017/02/04 09:34:48.036 [pool-2-thread-1] DEBUG historyDownload - Downloaded file: Caprice_thread\99933.jpg 
2017/02/04 09:34:48.875 [pool-2-thread-3] DEBUG historyDownload - Downloaded file: Caprice_thread\1472081191306.jpg 
2017/02/04 09:34:49.148 [pool-2-thread-4] DEBUG historyDownload - Downloaded file: Caprice_thread\1477772503189.jpg 
2017/02/04 09:34:51.595 [pool-2-thread-4] DEBUG historyDownload - Downloaded file: Caprice_thread\1477846318405.jpg 
2017/02/04 09:34:51.757 [pool-2-thread-5] DEBUG historyDownload - Downloaded file: Caprice_thread\1477848994005.png 
2017/02/04 09:34:52.484 [pool-2-thread-3] DEBUG historyDownload - Downloaded file: Caprice_thread\tumblr_nynj34RpSq1uw49rjo(...).jpg 
2017/02/04 09:34:53.918 [pool-2-thread-2] DEBUG historyDownload - Downloaded file: Caprice_thread\12 (3).jpg 
2017/02/04 09:34:55.140 [pool-2-thread-3] DEBUG historyDownload - Downloaded file: Caprice_thread\little-caprice--i573117.jpg 
2017/02/04 09:34:56.811 [pool-2-thread-2] DEBUG historyDownload - Downloaded file: Caprice_thread\justinfox_marketa_littlec(...).jpg 
2017/02/04 09:35:02.198 [pool-2-thread-2] DEBUG historyDownload - Downloaded file: Caprice_thread\erogirls (6301).jpg 
2017/02/04 09:35:04.672 [pool-2-thread-3] DEBUG historyDownload - Downloaded file: Caprice_thread\Brunette-Caprice-A-with-L(...).jpg 
2017/02/04 09:35:13.335 [pool-2-thread-4] DEBUG historyDownload - Downloaded file: Caprice_thread\1477772409505.jpg 
2017/02/04 09:35:13.482 [pool-2-thread-2] DEBUG historyDownload - Downloaded file: Caprice_thread\Little_Caprice__Magnifice(...).jpg 
2017/02/04 09:35:15.948 [pool-2-thread-4] DEBUG historyDownload - Downloaded file: Caprice_thread\1445910665950.jpg 
2017/02/04 09:35:18.477 [pool-2-thread-5] DEBUG historyDownload - Downloaded file: Caprice_thread\caprice (12).jpg 
2017/02/04 09:35:19.580 [pool-2-thread-2] DEBUG historyDownload - Downloaded file: Caprice_thread\1445911044647.jpg 
2017/02/04 09:35:20.410 [pool-2-thread-4] DEBUG historyDownload - Downloaded file: Caprice_thread\1445910928489.jpg 
2017/02/04 09:35:21.276 [pool-2-thread-1] DEBUG historyDownload - Downloaded file: Caprice_thread\caprice2 (2).jpg 
2017/02/04 09:35:21.890 [pool-2-thread-5] DEBUG historyDownload - Downloaded file: Caprice_thread\1445910765034.jpg 
2017/02/04 09:35:25.844 [pool-2-thread-1] DEBUG historyDownload - Downloaded file: Caprice_thread\e1.jpg 
2017/02/04 09:35:27.104 [pool-2-thread-5] DEBUG historyDownload - Downloaded file: Caprice_thread\e2.jpg 
2017/02/04 09:35:31.165 [pool-2-thread-4] DEBUG historyDownload - Downloaded file: Caprice_thread\1445913652067.jpg 
2017/02/04 09:35:31.658 [pool-2-thread-1] DEBUG historyDownload - Downloaded file: Caprice_thread\e4.jpg 
2017/02/04 09:35:34.687 [pool-2-thread-5] DEBUG historyDownload - Downloaded file: Caprice_thread\e3.jpg 
2017/02/04 09:35:45.540 [pool-2-thread-4] DEBUG historyDownload - Downloaded file: Caprice_thread\Caprice-0060.jpg 
2017/02/04 09:35:47.498 [pool-2-thread-2] DEBUG historyDownload - Downloaded file: Caprice_thread\1445913006504.jpg 
2017/02/04 09:35:47.953 [pool-2-thread-3] DEBUG historyDownload - Downloaded file: Caprice_thread\re6nwfn38ger.jpg 
2017/02/04 22:05:50.359 [pool-2-thread-2] DEBUG historyDownload - Downloaded file: Girls_laying_in_their_stomach\IMG_1937.jpg 
2017/02/04 22:05:50.504 [pool-2-thread-4] DEBUG historyDownload - Downloaded file: Girls_laying_in_their_stomach\IMG_0334 copy.jpg 
2017/02/04 22:05:52.135 [pool-2-thread-4] DEBUG historyDownload - Downloaded file: Girls_laying_in_their_stomach\pic13.jpg 
2017/02/04 22:05:52.705 [pool-2-thread-2] DEBUG historyDownload - Downloaded file: Girls_laying_in_their_stomach\Veronik_erotic_10.jpg 
2017/02/04 22:05:55.946 [pool-2-thread-1] DEBUG historyDownload - Downloaded file: Girls_laying_in_their_stomach\1458216118759.jpg 
2017/02/04 22:05:57.994 [pool-2-thread-1] DEBUG historyDownload - Downloaded file: Girls_laying_in_their_stomach\1463630493334.jpg 
2017/02/04 22:05:58.754 [pool-2-thread-5] DEBUG historyDownload - Downloaded file: Girls_laying_in_their_stomach\1458216036710.jpg 
2017/02/04 22:05:59.540 [pool-2-thread-4] DEBUG historyDownload - Downloaded file: Girls_laying_in_their_stomach\8QAbw54.jpg 
2017/02/04 22:05:59.732 [pool-2-thread-2] DEBUG historyDownload - Downloaded file: Girls_laying_in_their_stomach\v2JX1rm.jpg 
2017/02/04 22:06:03.804 [pool-2-thread-5] DEBUG historyDownload - Downloaded file: Girls_laying_in_their_stomach\1 - CsN0XWg.jpg 
2017/02/04 22:06:04.742 [pool-2-thread-2] DEBUG historyDownload - Downloaded file: Girls_laying_in_their_stomach\6 - infIAqZ.jpg 
2017/02/04 22:06:04.807 [pool-2-thread-4] DEBUG historyDownload - Downloaded file: Girls_laying_in_their_stomach\4 - sT8uNkZ.jpg 
2017/02/04 22:06:09.776 [pool-2-thread-5] DEBUG historyDownload - Downloaded file: Girls_laying_in_their_stomach\7 - 5AP3RGt.jpg 
2017/02/04 22:06:10.333 [pool-2-thread-2] DEBUG historyDownload - Downloaded file: Girls_laying_in_their_stomach\Picture 057.jpg 
2017/02/04 22:06:13.313 [pool-2-thread-2] DEBUG historyDownload - Downloaded file: Girls_laying_in_their_stomach\tumblr_nlzri2ARsi1snn0yso(...).jpg 
2017/02/04 22:06:13.386 [pool-2-thread-5] DEBUG historyDownload - Downloaded file: Girls_laying_in_their_stomach\IMG_3069.jpg 
2017/02/04 22:06:14.733 [pool-2-thread-4] DEBUG historyDownload - Downloaded file: Girls_laying_in_their_stomach\Picture 053 - 1.jpg 
2017/02/04 22:06:15.182 [pool-2-thread-1] DEBUG historyDownload - Downloaded file: Girls_laying_in_their_stomach\tumblr_mk6a460dtJ1qzvfspo(...).jpg 
2017/02/04 22:06:15.596 [pool-2-thread-5] DEBUG historyDownload - Downloaded file: Girls_laying_in_their_stomach\tumblr_o04q9iR3oi1u9xxero(...).jpg 
2017/02/04 22:06:16.952 [pool-2-thread-2] DEBUG historyDownload - Downloaded file: Girls_laying_in_their_stomach\1471089876623.jpg 
2017/02/04 22:06:51.502 [pool-2-thread-3] DEBUG historyDownload - Downloaded file: Girls_laying_in_their_stomach\IMG_1791.jpg 
